#
# A fatal error has been detected by the Java Runtime Environment:
#
# java.lang.OutOfMemoryError: Cannot create GC thread. Out of system resources.
#
#  Internal Error (gcTaskThread.cpp:38), pid=3589, tid=139791499347712
#  Error: Cannot create GC thread. Out of system resources.
#
# JRE version: 6.0_17-b04
# Java VM: Java HotSpot(TM) 64-Bit Server VM (14.3-b01 mixed mode linux-amd64 )
# If you would like to submit a bug report, please visit:
#   http://java.sun.com/webapps/bugreport/crash.jsp
#

---------------  T H R E A D  ---------------

Current thread (0x00007f23b0447000):  JavaThread "Unknown thread" [_thread_in_vm, id=3654, stack(0x00007f23be094000,0x00007f23bea95000)]

Stack: [0x00007f23be094000,0x00007f23bea95000],  sp=0x00007f23bea92cd0,  free space=10235k
Native frames: (J=compiled Java code, j=interpreted, Vv=VM code, C=native code)
V  [libjvm.so+0x6bd1ef]
V  [libjvm.so+0x2be6c8]
V  [libjvm.so+0x33a2fd]
V  [libjvm.so+0x338e3e]
V  [libjvm.so+0x338bd3]
V  [libjvm.so+0x5a87c7]
V  [libjvm.so+0x697695]
V  [libjvm.so+0x69732a]
V  [libjvm.so+0x377cd0]
V  [libjvm.so+0x67f5af]
V  [libjvm.so+0x3def30]
C  [libmwjmi.so+0x6e029]  _Z9InitSunVMN5boost8optionalIKSt6vectorISsSaISsEEEE+0x1129
C  [libmwjmi.so+0x6eb5f]
C  [libmwjmi.so+0x6eca9]
C  [libmwjmi.so+0x5ceb1]  _Z7mljInitv+0x21
C  [libmwmcr.so+0x106205]
C  [libmwmcr.so+0xf8bf4]
C  [libmwmcr.so+0xf8d97]


---------------  P R O C E S S  ---------------

Java Threads: ( => current thread )

Other Threads:

=>0x00007f23b0447000 (exited) JavaThread "Unknown thread" [_thread_in_vm, id=3654, stack(0x00007f23be094000,0x00007f23bea95000)]

VM state:not at safepoint (not fully initialized)

VM Mutex/Monitor currently owned by a thread: None

Dynamic libraries:
00400000-00406000 r-xp 00000000 08:03 3543364                            /opt/caen/matlab-2012a/bin/glnxa64/MATLAB
00606000-00607000 rw-p 00006000 08:03 3543364                            /opt/caen/matlab-2012a/bin/glnxa64/MATLAB
02407000-02573000 rw-p 00000000 00:00 0                                  [heap]
3b7f400000-3b7f420000 r-xp 00000000 08:03 10224046                       /lib64/ld-2.12.so
3b7f61f000-3b7f620000 r--p 0001f000 08:03 10224046                       /lib64/ld-2.12.so
3b7f620000-3b7f621000 rw-p 00020000 08:03 10224046                       /lib64/ld-2.12.so
3b7f621000-3b7f622000 rw-p 00000000 00:00 0 
3b7f800000-3b7f989000 r-xp 00000000 08:03 10224047                       /lib64/libc-2.12.so
3b7f989000-3b7fb88000 ---p 00189000 08:03 10224047                       /lib64/libc-2.12.so
3b7fb88000-3b7fb8c000 r--p 00188000 08:03 10224047                       /lib64/libc-2.12.so
3b7fb8c000-3b7fb8d000 rw-p 0018c000 08:03 10224047                       /lib64/libc-2.12.so
3b7fb8d000-3b7fb92000 rw-p 00000000 00:00 0 
3b7fc00000-3b7fc83000 r-xp 00000000 08:03 10224048                       /lib64/libm-2.12.so
3b7fc83000-3b7fe82000 ---p 00083000 08:03 10224048                       /lib64/libm-2.12.so
3b7fe82000-3b7fe83000 r--p 00082000 08:03 10224048                       /lib64/libm-2.12.so
3b7fe83000-3b7fe84000 rw-p 00083000 08:03 10224048                       /lib64/libm-2.12.so
3b80000000-3b80002000 r-xp 00000000 08:03 10224145                       /lib64/libdl-2.12.so
3b80002000-3b80202000 ---p 00002000 08:03 10224145                       /lib64/libdl-2.12.so
3b80202000-3b80203000 r--p 00002000 08:03 10224145                       /lib64/libdl-2.12.so
3b80203000-3b80204000 rw-p 00003000 08:03 10224145                       /lib64/libdl-2.12.so
3b80400000-3b80417000 r-xp 00000000 08:03 10224144                       /lib64/libpthread-2.12.so
3b80417000-3b80617000 ---p 00017000 08:03 10224144                       /lib64/libpthread-2.12.so
3b80617000-3b80618000 r--p 00017000 08:03 10224144                       /lib64/libpthread-2.12.so
3b80618000-3b80619000 rw-p 00018000 08:03 10224144                       /lib64/libpthread-2.12.so
3b80619000-3b8061d000 rw-p 00000000 00:00 0 
3b80c00000-3b80c07000 r-xp 00000000 08:03 10224161                       /lib64/librt-2.12.so
3b80c07000-3b80e06000 ---p 00007000 08:03 10224161                       /lib64/librt-2.12.so
3b80e06000-3b80e07000 r--p 00006000 08:03 10224161                       /lib64/librt-2.12.so
3b80e07000-3b80e08000 rw-p 00007000 08:03 10224161                       /lib64/librt-2.12.so
3b81800000-3b81816000 r-xp 00000000 08:03 10224149                       /lib64/libresolv-2.12.so
3b81816000-3b81a16000 ---p 00016000 08:03 10224149                       /lib64/libresolv-2.12.so
3b81a16000-3b81a17000 r--p 00016000 08:03 10224149                       /lib64/libresolv-2.12.so
3b81a17000-3b81a18000 rw-p 00017000 08:03 10224149                       /lib64/libresolv-2.12.so
3b81a18000-3b81a1a000 rw-p 00000000 00:00 0 
3b82000000-3b8201b000 r-xp 00000000 08:03 11045679                       /usr/lib64/libxcb.so.1.1.0
3b8201b000-3b8221a000 ---p 0001b000 08:03 11045679                       /usr/lib64/libxcb.so.1.1.0
3b8221a000-3b8221b000 rw-p 0001a000 08:03 11045679                       /usr/lib64/libxcb.so.1.1.0
3b82400000-3b82539000 r-xp 00000000 08:03 11045680                       /usr/lib64/libX11.so.6.3.0
3b82539000-3b82739000 ---p 00139000 08:03 11045680                       /usr/lib64/libX11.so.6.3.0
3b82739000-3b8273f000 rw-p 00139000 08:03 11045680                       /usr/lib64/libX11.so.6.3.0
3b82800000-3b82802000 r-xp 00000000 08:03 11010720                       /usr/lib64/libXau.so.6.0.0
3b82802000-3b82a02000 ---p 00002000 08:03 11010720                       /usr/lib64/libXau.so.6.0.0
3b82a02000-3b82a03000 rw-p 00002000 08:03 11010720                       /usr/lib64/libXau.so.6.0.0
3b83000000-3b83011000 r-xp 00000000 08:03 11045681                       /usr/lib64/libXext.so.6.4.0
3b83011000-3b83211000 ---p 00011000 08:03 11045681                       /usr/lib64/libXext.so.6.4.0
3b83211000-3b83212000 rw-p 00011000 08:03 11045681                       /usr/lib64/libXext.so.6.4.0
3b84000000-3b84018000 r-xp 00000000 08:03 11045685                       /usr/lib64/libXmu.so.6.2.0
3b84018000-3b84218000 ---p 00018000 08:03 11045685                       /usr/lib64/libXmu.so.6.2.0
3b84218000-3b8421a000 rw-p 00018000 08:03 11045685                       /usr/lib64/libXmu.so.6.2.0
3b87c00000-3b87c04000 r-xp 00000000 08:03 10224123                       /lib64/libuuid.so.1.3.0
3b87c04000-3b87e03000 ---p 00004000 08:03 10224123                       /lib64/libuuid.so.1.3.0
3b87e03000-3b87e04000 rw-p 00003000 08:03 10224123                       /lib64/libuuid.so.1.3.0
3b8c000000-3b8c017000 r-xp 00000000 08:03 11045682                       /usr/lib64/libICE.so.6.3.0
3b8c017000-3b8c217000 ---p 00017000 08:03 11045682                       /usr/lib64/libICE.so.6.3.0
3b8c217000-3b8c218000 rw-p 00017000 08:03 11045682                       /usr/lib64/libICE.so.6.3.0
3b8c218000-3b8c21c000 rw-p 00000000 00:00 0 
3b8c800000-3b8c807000 r-xp 00000000 08:03 11045683                       /usr/lib64/libSM.so.6.0.0
3b8c807000-3b8ca07000 ---p 00007000 08:03 11045683                       /usr/lib64/libSM.so.6.0.0
3b8ca07000-3b8ca08000 rw-p 00007000 08:03 11045683                       /usr/lib64/libSM.so.6.0.0
3b8dc00000-3b8dc07000 r-xp 00000000 08:03 10224159                       /lib64/libcrypt-2.12.so
3b8dc07000-3b8de07000 ---p 00007000 08:03 10224159                       /lib64/libcrypt-2.12.so
3b8de07000-3b8de08000 r--p 00007000 08:03 10224159                       /lib64/libcrypt-2.12.so
3b8de08000-3b8de09000 rw-p 00008000 08:03 10224159                       /lib64/libcrypt-2.12.so
3b8de09000-3b8de37000 rw-p 00000000 00:00 0 
3b8e800000-3b8e85d000 r-xp 00000000 08:03 10224158                       /lib64/libfreebl3.so
3b8e85d000-3b8ea5c000 ---p 0005d000 08:03 10224158                       /lib64/libfreebl3.so
3b8ea5c000-3b8ea5d000 r--p 0005c000 08:03 10224158                       /lib64/libfreebl3.so
3b8ea5d000-3b8ea5e000 rw-p 0005d000 08:03 10224158                       /lib64/libfreebl3.so
3b8ea5e000-3b8ea62000 rw-p 00000000 00:00 0 
3b8f800000-3b8f81d000 r-xp 00000000 08:03 10224146                       /lib64/libtinfo.so.5.7
3b8f81d000-3b8fa1d000 ---p 0001d000 08:03 10224146                       /lib64/libtinfo.so.5.7
3b8fa1d000-3b8fa21000 rw-p 0001d000 08:03 10224146                       /lib64/libtinfo.so.5.7
3b90000000-3b90022000 r-xp 00000000 08:03 10223733                       /lib64/libncurses.so.5.7
3b90022000-3b90221000 ---p 00022000 08:03 10223733                       /lib64/libncurses.so.5.7
3b90221000-3b90222000 rw-p 00021000 08:03 10223733                       /lib64/libncurses.so.5.7
3b92a00000-3b92a16000 r-xp 00000000 08:03 10224178                       /lib64/libnsl-2.12.so
3b92a16000-3b92c15000 ---p 00016000 08:03 10224178                       /lib64/libnsl-2.12.so
3b92c15000-3b92c16000 r--p 00015000 08:03 10224178                       /lib64/libnsl-2.12.so
3b92c16000-3b92c17000 rw-p 00016000 08:03 10224178                       /lib64/libnsl-2.12.so
3b92c17000-3b92c19000 rw-p 00000000 00:00 0 
3b93800000-3b9385f000 r-xp 00000000 08:03 11045684                       /usr/lib64/libXt.so.6.0.0
3b9385f000-3b93a5e000 ---p 0005f000 08:03 11045684                       /usr/lib64/libXt.so.6.0.0
3b93a5e000-3b93a65000 rw-p 0005e000 08:03 11045684                       /usr/lib64/libXt.so.6.0.0
7f237c000000-7f237c021000 rw-p 00000000 00:00 0 
7f237c021000-7f2380000000 ---p 00000000 00:00 0 
7f2380000000-7f2380021000 rw-p 00000000 00:00 0 
7f2380021000-7f2384000000 ---p 00000000 00:00 0 
7f2384000000-7f2384021000 rw-p 00000000 00:00 0 
7f2384021000-7f2388000000 ---p 00000000 00:00 0 
7f2388000000-7f2388021000 rw-p 00000000 00:00 0 
7f2388021000-7f238c000000 ---p 00000000 00:00 0 
7f238c000000-7f238c021000 rw-p 00000000 00:00 0 
7f238c021000-7f2390000000 ---p 00000000 00:00 0 
7f2390c00000-7f23920c0000 rwxp 00000000 00:00 0 
7f23920c0000-7f2398c00000 rwxp 00000000 00:00 0 
7f2398c00000-7f239bc00000 rwxp 00000000 00:00 0 
7f239bc00000-7f23a1f00000 rwxp 00000000 00:00 0 
7f23a1f00000-7f23a2f00000 rwxp 00000000 00:00 0 
7f23a2f00000-7f23a5000000 rwxp 00000000 00:00 0 
7f23a5000000-7f23a5270000 rwxp 00000000 00:00 0 
7f23a5270000-7f23a8000000 rwxp 00000000 00:00 0 
7f23a8000000-7f23a8021000 rw-p 00000000 00:00 0 
7f23a8021000-7f23ac000000 ---p 00000000 00:00 0 
7f23ae5f8000-7f23ae5f9000 ---p 00000000 00:00 0 
7f23ae5f9000-7f23ae6f9000 rwxp 00000000 00:00 0 
7f23ae6f9000-7f23ae6fa000 ---p 00000000 00:00 0 
7f23ae6fa000-7f23ae7fa000 rwxp 00000000 00:00 0 
7f23ae7fa000-7f23ae7fb000 ---p 00000000 00:00 0 
7f23ae7fb000-7f23ae8fb000 rwxp 00000000 00:00 0 
7f23ae8fb000-7f23ae8fc000 ---p 00000000 00:00 0 
7f23ae8fc000-7f23ae9fc000 rwxp 00000000 00:00 0 
7f23ae9fc000-7f23ae9fd000 ---p 00000000 00:00 0 
7f23ae9fd000-7f23aeafd000 rwxp 00000000 00:00 0 
7f23aeafd000-7f23aeafe000 ---p 00000000 00:00 0 
7f23aeafe000-7f23aebfe000 rwxp 00000000 00:00 0 
7f23aebfe000-7f23aebff000 ---p 00000000 00:00 0 
7f23aebff000-7f23af5ff000 rwxp 00000000 00:00 0 
7f23af5ff000-7f23af600000 ---p 00000000 00:00 0 
7f23af600000-7f23b0000000 rwxp 00000000 00:00 0 
7f23b0000000-7f23b0500000 rw-p 00000000 00:00 0 
7f23b0500000-7f23b4000000 ---p 00000000 00:00 0 
7f23b4000000-7f23b4021000 rw-p 00000000 00:00 0 
7f23b4021000-7f23b8000000 ---p 00000000 00:00 0 
7f23b8000000-7f23b8021000 rw-p 00000000 00:00 0 
7f23b8021000-7f23bc000000 ---p 00000000 00:00 0 
7f23bc0fe000-7f23bc0ff000 ---p 00000000 00:00 0 
7f23bc0ff000-7f23bc20a000 rwxp 00000000 00:00 0 
7f23bc20a000-7f23bc23f000 rwxp 00000000 00:00 0 
7f23bc23f000-7f23bc257000 rwxp 00000000 00:00 0 
7f23bc257000-7f23bc289000 rwxp 00000000 00:00 0 
7f23bc289000-7f23bc294000 rwxp 00000000 00:00 0 
7f23bc294000-7f23bc2c9000 rwxp 00000000 00:00 0 
7f23bc2c9000-7f23bc2e1000 rwxp 00000000 00:00 0 
7f23bc2e1000-7f23bc312000 rwxp 00000000 00:00 0 
7f23bc312000-7f23bc31b000 rwxp 00000000 00:00 0 
7f23bc31b000-7f23bc32b000 rwxp 00000000 00:00 0 
7f23bc32b000-7f23bc336000 rwxp 00000000 00:00 0 
7f23bc336000-7f23bc3ec000 rwxp 00000000 00:00 0 
7f23bc3ec000-7f23bc3fa000 r-xp 00000000 08:03 3805616                    /opt/caen/matlab-2012a/sys/java/jre/glnxa64/jre/lib/amd64/libzip.so
7f23bc3fa000-7f23bc4fc000 ---p 0000e000 08:03 3805616                    /opt/caen/matlab-2012a/sys/java/jre/glnxa64/jre/lib/amd64/libzip.so
7f23bc4fc000-7f23bc4ff000 rw-p 00010000 08:03 3805616                    /opt/caen/matlab-2012a/sys/java/jre/glnxa64/jre/lib/amd64/libzip.so
7f23bc4ff000-7f23bc500000 rw-p 00000000 00:00 0 
7f23bc500000-7f23bc507000 r-xp 00000000 08:03 3805620                    /opt/caen/matlab-2012a/sys/java/jre/glnxa64/jre/lib/amd64/native_threads/libhpi.so
7f23bc507000-7f23bc608000 ---p 00007000 08:03 3805620                    /opt/caen/matlab-2012a/sys/java/jre/glnxa64/jre/lib/amd64/native_threads/libhpi.so
7f23bc608000-7f23bc60a000 rw-p 00008000 08:03 3805620                    /opt/caen/matlab-2012a/sys/java/jre/glnxa64/jre/lib/amd64/native_threads/libhpi.so
7f23bc60a000-7f23bc60b000 rw-p 00000000 00:00 0 
7f23bc60b000-7f23bc610000 r-xp 00000000 08:03 10223643                   /lib64/libnss_dns-2.12.so
7f23bc610000-7f23bc80f000 ---p 00005000 08:03 10223643                   /lib64/libnss_dns-2.12.so
7f23bc80f000-7f23bc810000 r--p 00004000 08:03 10223643                   /lib64/libnss_dns-2.12.so
7f23bc810000-7f23bc811000 rw-p 00005000 08:03 10223643                   /lib64/libnss_dns-2.12.so
7f23bc811000-7f23bc81d000 r-xp 00000000 08:03 10223645                   /lib64/libnss_files-2.12.so
7f23bc81d000-7f23bca1d000 ---p 0000c000 08:03 10223645                   /lib64/libnss_files-2.12.so
7f23bca1d000-7f23bca1e000 r--p 0000c000 08:03 10223645                   /lib64/libnss_files-2.12.so
7f23bca1e000-7f23bca1f000 rw-p 0000d000 08:03 10223645                   /lib64/libnss_files-2.12.so
7f23bca42000-7f23bca4f000 r-xp 00000000 08:03 3805615                    /opt/caen/matlab-2012a/sys/java/jre/glnxa64/jre/lib/amd64/libverify.so
7f23bca4f000-7f23bcb4e000 ---p 0000d000 08:03 3805615                    /opt/caen/matlab-2012a/sys/java/jre/glnxa64/jre/lib/amd64/libverify.so
7f23bcb4e000-7f23bcb51000 rw-p 0000c000 08:03 3805615                    /opt/caen/matlab-2012a/sys/java/jre/glnxa64/jre/lib/amd64/libverify.so
7f23bcb51000-7f23bd2af000 r-xp 00000000 08:03 3805624                    /opt/caen/matlab-2012a/sys/java/jre/glnxa64/jre/lib/amd64/server/libjvm.so
7f23bd2af000-7f23bd3ae000 ---p 0075e000 08:03 3805624                    /opt/caen/matlab-2012a/sys/java/jre/glnxa64/jre/lib/amd64/server/libjvm.so
7f23bd3ae000-7f23bd526000 rw-p 0075d000 08:03 3805624                    /opt/caen/matlab-2012a/sys/java/jre/glnxa64/jre/lib/amd64/server/libjvm.so
7f23bd526000-7f23bd564000 rw-p 00000000 00:00 0 
7f23bd564000-7f23bd58d000 r-xp 00000000 08:03 3805596                    /opt/caen/matlab-2012a/sys/java/jre/glnxa64/jre/lib/amd64/libjava.so
7f23bd58d000-7f23bd68c000 ---p 00029000 08:03 3805596                    /opt/caen/matlab-2012a/sys/java/jre/glnxa64/jre/lib/amd64/libjava.so
7f23bd68c000-7f23bd693000 rw-p 00028000 08:03 3805596                    /opt/caen/matlab-2012a/sys/java/jre/glnxa64/jre/lib/amd64/libjava.so
7f23bd693000-7f23bd694000 ---p 00000000 00:00 0 
7f23bd694000-7f23be094000 rwxp 00000000 00:00 0 
7f23be094000-7f23be097000 ---p 00000000 00:00 0 
7f23be097000-7f23bea95000 rwxp 00000000 00:00 0 
7f23bea95000-7f23bebb5000 rw-p 00000000 00:00 0 
7f23bebb5000-7f23bebb6000 ---p 00000000 00:00 0 
7f23bebb6000-7f23bf386000 rwxp 00000000 00:00 0 
7f23bf386000-7f23bf388000 r-xp 00000000 08:03 3544444                    /opt/caen/matlab-2012a/bin/glnxa64/mklcompat.so
7f23bf388000-7f23bf587000 ---p 00002000 08:03 3544444                    /opt/caen/matlab-2012a/bin/glnxa64/mklcompat.so
7f23bf587000-7f23bf588000 rw-p 00001000 08:03 3544444                    /opt/caen/matlab-2012a/bin/glnxa64/mklcompat.so
7f23bf588000-7f23bf647000 r-xp 00000000 08:03 3932535                    /opt/caen/matlab-2012a/sys/os/glnxa64/libiomp5.so
7f23bf647000-7f23bf846000 ---p 000bf000 08:03 3932535                    /opt/caen/matlab-2012a/sys/os/glnxa64/libiomp5.so
7f23bf846000-7f23bf84f000 rw-p 000be000 08:03 3932535                    /opt/caen/matlab-2012a/sys/os/glnxa64/libiomp5.so
7f23bf84f000-7f23bf856000 rw-p 00000000 00:00 0 
7f23bf856000-7f23c16e1000 r-xp 00000000 08:03 3544113                    /opt/caen/matlab-2012a/bin/glnxa64/mkl.so
7f23c16e1000-7f23c18e1000 ---p 01e8b000 08:03 3544113                    /opt/caen/matlab-2012a/bin/glnxa64/mkl.so
7f23c18e1000-7f23c1923000 rw-p 01e8b000 08:03 3544113                    /opt/caen/matlab-2012a/bin/glnxa64/mkl.so
7f23c1923000-7f23c1928000 rw-p 00000000 00:00 0 
7f23c1928000-7f23c77b9000 r--p 00000000 08:03 11017132                   /usr/lib/locale/locale-archive
7f23c77b9000-7f23c77c1000 rw-p 00000000 00:00 0 
7f23c77c1000-7f23c77c7000 r-xp 00000000 08:03 3543658                    /opt/caen/matlab-2012a/bin/glnxa64/libmwcolamd.so
7f23c77c7000-7f23c79c6000 ---p 00006000 08:03 3543658                    /opt/caen/matlab-2012a/bin/glnxa64/libmwcolamd.so
7f23c79c6000-7f23c79c7000 rw-p 00005000 08:03 3543658                    /opt/caen/matlab-2012a/bin/glnxa64/libmwcolamd.so
7f23c79c7000-7f23c79cf000 r-xp 00000000 08:03 3543628                    /opt/caen/matlab-2012a/bin/glnxa64/libmwamd.so
7f23c79cf000-7f23c7bce000 ---p 00008000 08:03 3543628                    /opt/caen/matlab-2012a/bin/glnxa64/libmwamd.so
7f23c7bce000-7f23c7bcf000 rw-p 00007000 08:03 3543628                    /opt/caen/matlab-2012a/bin/glnxa64/libmwamd.so
7f23c7bcf000-7f23c7bd0000 rw-p 00000000 00:00 0 
7f23c7bd0000-7f23c7c12000 r-xp 00000000 08:03 3543655                    /opt/caen/matlab-2012a/bin/glnxa64/libmwcholmod.so
7f23c7c12000-7f23c7e12000 ---p 00042000 08:03 3543655                    /opt/caen/matlab-2012a/bin/glnxa64/libmwcholmod.so
7f23c7e12000-7f23c7e13000 rw-p 00042000 08:03 3543655                    /opt/caen/matlab-2012a/bin/glnxa64/libmwcholmod.so
7f23c7e13000-7f23c7e14000 rw-p 00000000 00:00 0 
7f23c7e14000-7f23c7e26000 r-xp 00000000 08:03 3543652                    /opt/caen/matlab-2012a/bin/glnxa64/libmwblas.so
7f23c7e26000-7f23c8025000 ---p 00012000 08:03 3543652                    /opt/caen/matlab-2012a/bin/glnxa64/libmwblas.so
7f23c8025000-7f23c8027000 rw-p 00011000 08:03 3543652                    /opt/caen/matlab-2012a/bin/glnxa64/libmwblas.so
7f23c8027000-7f23c8029000 rw-p 00000000 00:00 0 
7f23c8029000-7f23c802d000 r-xp 00000000 08:03 3543821                    /opt/caen/matlab-2012a/bin/glnxa64/libmwompwrapper.so
7f23c802d000-7f23c822c000 ---p 00004000 08:03 3543821                    /opt/caen/matlab-2012a/bin/glnxa64/libmwompwrapper.so
7f23c822c000-7f23c822d000 rw-p 00003000 08:03 3543821                    /opt/caen/matlab-2012a/bin/glnxa64/libmwompwrapper.so
7f23c822d000-7f23c8236000 r-xp 00000000 08:03 3543651                    /opt/caen/matlab-2012a/bin/glnxa64/libmwbinder.so
7f23c8236000-7f23c8435000 ---p 00009000 08:03 3543651                    /opt/caen/matlab-2012a/bin/glnxa64/libmwbinder.so
7f23c8435000-7f23c8436000 rw-p 00008000 08:03 3543651                    /opt/caen/matlab-2012a/bin/glnxa64/libmwbinder.so
7f23c8436000-7f23c8437000 rw-p 00000000 00:00 0 
7f23c8437000-7f23c84fa000 r-xp 00000000 08:03 3543789                    /opt/caen/matlab-2012a/bin/glnxa64/libmwmathcore.so
7f23c84fa000-7f23c86f9000 ---p 000c3000 08:03 3543789                    /opt/caen/matlab-2012a/bin/glnxa64/libmwmathcore.so
7f23c86f9000-7f23c86fe000 rw-p 000c2000 08:03 3543789                    /opt/caen/matlab-2012a/bin/glnxa64/libmwmathcore.so
7f23c86fe000-7f23c86ff000 rw-p 00000000 00:00 0 
7f23c86ff000-7f23c8984000 r-xp 00000000 08:03 3543543                    /opt/caen/matlab-2012a/bin/glnxa64/libhdf5.so.6.0.5
7f23c8984000-7f23c8b84000 ---p 00285000 08:03 3543543                    /opt/caen/matlab-2012a/bin/glnxa64/libhdf5.so.6.0.5
7f23c8b84000-7f23c8b8f000 rw-p 00285000 08:03 3543543                    /opt/caen/matlab-2012a/bin/glnxa64/libhdf5.so.6.0.5
7f23c8b8f000-7f23c8b90000 rw-p 00000000 00:00 0 
7f23c8b90000-7f23c8bab000 r-xp 00000000 08:03 3543545                    /opt/caen/matlab-2012a/bin/glnxa64/libhdf5_hl.so.6.0.5
7f23c8bab000-7f23c8daa000 ---p 0001b000 08:03 3543545                    /opt/caen/matlab-2012a/bin/glnxa64/libhdf5_hl.so.6.0.5
7f23c8daa000-7f23c8dab000 rw-p 0001a000 08:03 3543545                    /opt/caen/matlab-2012a/bin/glnxa64/libhdf5_hl.so.6.0.5
7f23c8dab000-7f23c8dbe000 rw-p 00000000 00:00 0 
7f23c8dbe000-7f23c903f000 r-xp 00000000 08:03 3932501                    /opt/caen/matlab-2012a/sys/os/glnxa64/libXm.so.3.0.2
7f23c903f000-7f23c923f000 ---p 00281000 08:03 3932501                    /opt/caen/matlab-2012a/sys/os/glnxa64/libXm.so.3.0.2
7f23c923f000-7f23c9269000 rw-p 00281000 08:03 3932501                    /opt/caen/matlab-2012a/sys/os/glnxa64/libXm.so.3.0.2
7f23c9269000-7f23c926a000 rw-p 00000000 00:00 0 
7f23c926a000-7f23c9277000 r-xp 00000000 08:03 3543716                    /opt/caen/matlab-2012a/bin/glnxa64/libmwgbt.so
7f23c9277000-7f23c9477000 ---p 0000d000 08:03 3543716                    /opt/caen/matlab-2012a/bin/glnxa64/libmwgbt.so
7f23c9477000-7f23c9478000 rw-p 0000d000 08:03 3543716                    /opt/caen/matlab-2012a/bin/glnxa64/libmwgbt.so
7f23c9478000-7f23c9479000 rw-p 00000000 00:00 0 
7f23c9479000-7f23c94aa000 r-xp 00000000 08:03 3543743                    /opt/caen/matlab-2012a/bin/glnxa64/libmwgbtutils.so
7f23c94aa000-7f23c96a9000 ---p 00031000 08:03 3543743                    /opt/caen/matlab-2012a/bin/glnxa64/libmwgbtutils.so
7f23c96a9000-7f23c96af000 rw-p 00030000 08:03 3543743                    /opt/caen/matlab-2012a/bin/glnxa64/libmwgbtutils.so
7f23c96af000-7f23c9760000 r-xp 00000000 08:03 3543773                    /opt/caen/matlab-2012a/bin/glnxa64/libmwlapack.so
7f23c9760000-7f23c995f000 ---p 000b1000 08:03 3543773                    /opt/caen/matlab-2012a/bin/glnxa64/libmwlapack.so
7f23c995f000-7f23c9969000 rw-p 000b0000 08:03 3543773                    /opt/caen/matlab-2012a/bin/glnxa64/libmwlapack.so
7f23c9969000-7f23c9bb9000 r-xp 00000000 08:03 3543757                    /opt/caen/matlab-2012a/bin/glnxa64/libmwhgdatatypes.so
7f23c9bb9000-7f23c9db8000 ---p 00250000 08:03 3543757                    /opt/caen/matlab-2012a/bin/glnxa64/libmwhgdatatypes.so
7f23c9db8000-7f23c9dd5000 rw-p 0024f000 08:03 3543757                    /opt/caen/matlab-2012a/bin/glnxa64/libmwhgdatatypes.so
7f23c9dd5000-7f23c9dd7000 rw-p 00000000 00:00 0 
7f23c9dd7000-7f23c9e08000 r-xp 00000000 08:03 3543738                    /opt/caen/matlab-2012a/bin/glnxa64/libmwhardcopy.so
7f23c9e08000-7f23ca007000 ---p 00031000 08:03 3543738                    /opt/caen/matlab-2012a/bin/glnxa64/libmwhardcopy.so
7f23ca007000-7f23ca00a000 rw-p 00030000 08:03 3543738                    /opt/caen/matlab-2012a/bin/glnxa64/libmwhardcopy.so
7f23ca00a000-7f23ca01a000 r-xp 00000000 08:03 3543735                    /opt/caen/matlab-2012a/bin/glnxa64/libmwgraphics_util.so
7f23ca01a000-7f23ca219000 ---p 00010000 08:03 3543735                    /opt/caen/matlab-2012a/bin/glnxa64/libmwgraphics_util.so
7f23ca219000-7f23ca21b000 rw-p 0000f000 08:03 3543735                    /opt/caen/matlab-2012a/bin/glnxa64/libmwgraphics_util.so
7f23ca21b000-7f23ca21c000 rw-p 00000000 00:00 0 
7f23ca21c000-7f23ca231000 r-xp 00000000 08:03 3543770                    /opt/caen/matlab-2012a/bin/glnxa64/libmwir_xfmr.so
7f23ca231000-7f23ca431000 ---p 00015000 08:03 3543770                    /opt/caen/matlab-2012a/bin/glnxa64/libmwir_xfmr.so
7f23ca431000-7f23ca432000 rw-p 00015000 08:03 3543770                    /opt/caen/matlab-2012a/bin/glnxa64/libmwir_xfmr.so
7f23ca432000-7f23ca434000 rw-p 00000000 00:00 0 
7f23ca434000-7f23ca49f000 r-xp 00000000 08:03 3543974                    /opt/caen/matlab-2012a/bin/glnxa64/libmwspmatrix.so
7f23ca49f000-7f23ca69f000 ---p 0006b000 08:03 3543974                    /opt/caen/matlab-2012a/bin/glnxa64/libmwspmatrix.so
7f23ca69f000-7f23ca6a0000 rw-p 0006b000 08:03 3543974                    /opt/caen/matlab-2012a/bin/glnxa64/libmwspmatrix.so
7f23ca6a0000-7f23ca6c5000 r-xp 00000000 08:03 3543781                    /opt/caen/matlab-2012a/bin/glnxa64/libmwm_pcodegen.so
7f23ca6c5000-7f23ca8c5000 ---p 00025000 08:03 3543781                    /opt/caen/matlab-2012a/bin/glnxa64/libmwm_pcodegen.so
7f23ca8c5000-7f23ca8c7000 rw-p 00025000 08:03 3543781                    /opt/caen/matlab-2012a/bin/glnxa64/libmwm_pcodegen.so
7f23ca8c7000-7f23ca8c8000 rw-p 00000000 00:00 0 
7f23ca8c8000-7f23ca8e1000 r-xp 00000000 08:03 3543782                    /opt/caen/matlab-2012a/bin/glnxa64/libmwm_pcodeio.so
7f23ca8e1000-7f23caae0000 ---p 00019000 08:03 3543782                    /opt/caen/matlab-2012a/bin/glnxa64/libmwm_pcodeio.so
7f23caae0000-7f23caae2000 rw-p 00018000 08:03 3543782                    /opt/caen/matlab-2012a/bin/glnxa64/libmwm_pcodeio.so
7f23caae2000-7f23caaf2000 r-xp 00000000 08:03 3543811                    /opt/caen/matlab-2012a/bin/glnxa64/libmwmlib.so
7f23caaf2000-7f23cacf2000 ---p 00010000 08:03 3543811                    /opt/caen/matlab-2012a/bin/glnxa64/libmwmlib.so
7f23cacf2000-7f23cacf4000 rw-p 00010000 08:03 3543811                    /opt/caen/matlab-2012a/bin/glnxa64/libmwmlib.so
7f23cacf4000-7f23cad1d000 r-xp 00000000 08:03 3543793                    /opt/caen/matlab-2012a/bin/glnxa64/libmwmathrng.so
7f23cad1d000-7f23caf1c000 ---p 00029000 08:03 3543793                    /opt/caen/matlab-2012a/bin/glnxa64/libmwmathrng.so
7f23caf1c000-7f23caf1e000 rw-p 00028000 08:03 3543793                    /opt/caen/matlab-2012a/bin/glnxa64/libmwmathrng.so
7f23caf1e000-7f23caf21000 rw-p 00000000 00:00 0 
7f23caf21000-7f23cafd6000 r-xp 00000000 08:03 3543795                    /opt/caen/matlab-2012a/bin/glnxa64/libmwmathutil.so
7f23cafd6000-7f23cb1d5000 ---p 000b5000 08:03 3543795                    /opt/caen/matlab-2012a/bin/glnxa64/libmwmathutil.so
7f23cb1d5000-7f23cb1d6000 rw-p 000b4000 08:03 3543795                    /opt/caen/matlab-2012a/bin/glnxa64/libmwmathutil.so
7f23cb1d6000-7f23cb212000 r-xp 00000000 08:03 3543911                    /opt/caen/matlab-2012a/bin/glnxa64/libmwprofiler.so
7f23cb212000-7f23cb411000 ---p 0003c000 08:03 3543911                    /opt/caen/matlab-2012a/bin/glnxa64/libmwprofiler.so
7f23cb411000-7f23cb414000 rw-p 0003b000 08:03 3543911                    /opt/caen/matlab-2012a/bin/glnxa64/libmwprofiler.so
7f23cb414000-7f23cb45e000 r-xp 00000000 08:03 3543578                    /opt/caen/matlab-2012a/bin/glnxa64/libmat.so
7f23cb45e000-7f23cb65e000 ---p 0004a000 08:03 3543578                    /opt/caen/matlab-2012a/bin/glnxa64/libmat.so
7f23cb65e000-7f23cb662000 rw-p 0004a000 08:03 3543578                    /opt/caen/matlab-2012a/bin/glnxa64/libmat.so
7f23cb662000-7f23cb663000 rw-p 00000000 00:00 0 
7f23cb663000-7f23cba1b000 r-xp 00000000 08:03 3544109                    /opt/caen/matlab-2012a/bin/glnxa64/libxerces-c.so.27.0
7f23cba1b000-7f23cbc1a000 ---p 003b8000 08:03 3544109                    /opt/caen/matlab-2012a/bin/glnxa64/libxerces-c.so.27.0
7f23cbc1a000-7f23cbc5e000 rw-p 003b7000 08:03 3544109                    /opt/caen/matlab-2012a/bin/glnxa64/libxerces-c.so.27.0
7f23cbc5e000-7f23cbc5f000 rw-p 00000000 00:00 0 
7f23cbc5f000-7f23cbcd1000 r-xp 00000000 08:03 3544021                    /opt/caen/matlab-2012a/bin/glnxa64/libmwxmlcore.so
7f23cbcd1000-7f23cbed0000 ---p 00072000 08:03 3544021                    /opt/caen/matlab-2012a/bin/glnxa64/libmwxmlcore.so
7f23cbed0000-7f23cbed8000 rw-p 00071000 08:03 3544021                    /opt/caen/matlab-2012a/bin/glnxa64/libmwxmlcore.so
7f23cbed8000-7f23cbeda000 rw-p 00000000 00:00 0 
7f23cbeda000-7f23cbeef000 r-xp 00000000 08:03 3543467                    /opt/caen/matlab-2012a/bin/glnxa64/libboost_iostreams.so.1.44.0
7f23cbeef000-7f23cc0ef000 ---p 00015000 08:03 3543467                    /opt/caen/matlab-2012a/bin/glnxa64/libboost_iostreams.so.1.44.0
7f23cc0ef000-7f23cc0f1000 rw-p 00015000 08:03 3543467                    /opt/caen/matlab-2012a/bin/glnxa64/libboost_iostreams.so.1.44.0
7f23cc0f1000-7f23cc267000 r-xp 00000000 08:03 3543994                    /opt/caen/matlab-2012a/bin/glnxa64/libmwuix.so
7f23cc267000-7f23cc467000 ---p 00176000 08:03 3543994                    /opt/caen/matlab-2012a/bin/glnxa64/libmwuix.so
7f23cc467000-7f23cc47c000 rw-p 00176000 08:03 3543994                    /opt/caen/matlab-2012a/bin/glnxa64/libmwuix.so
7f23cc47c000-7f23cc481000 rw-p 00000000 00:00 0 
7f23cc481000-7f23cc4e1000 r-xp 00000000 08:03 3543779                    /opt/caen/matlab-2012a/bin/glnxa64/libmwm_ir.so
7f23cc4e1000-7f23cc6e0000 ---p 00060000 08:03 3543779                    /opt/caen/matlab-2012a/bin/glnxa64/libmwm_ir.so
7f23cc6e0000-7f23cc6e9000 rw-p 0005f000 08:03 3543779                    /opt/caen/matlab-2012a/bin/glnxa64/libmwm_ir.so
7f23cc6e9000-7f23cc6ea000 rw-p 00000000 00:00 0 
7f23cc6ea000-7f23cc6ef000 r-xp 00000000 08:03 3543993                    /opt/caen/matlab-2012a/bin/glnxa64/libmwuinone.so
7f23cc6ef000-7f23cc8ef000 ---p 00005000 08:03 3543993                    /opt/caen/matlab-2012a/bin/glnxa64/libmwuinone.so
7f23cc8ef000-7f23cc8f0000 rw-p 00005000 08:03 3543993                    /opt/caen/matlab-2012a/bin/glnxa64/libmwuinone.so
7f23cc8f0000-7f23cc999000 r-xp 00000000 08:03 3543992                    /opt/caen/matlab-2012a/bin/glnxa64/libmwudd_mi.so
7f23cc999000-7f23ccb99000 ---p 000a9000 08:03 3543992                    /opt/caen/matlab-2012a/bin/glnxa64/libmwudd_mi.so
7f23ccb99000-7f23ccba5000 rw-p 000a9000 08:03 3543992                    /opt/caen/matlab-2012a/bin/glnxa64/libmwudd_mi.so
7f23ccba5000-7f23ccba6000 rw-p 00000000 00:00 0 
7f23ccba6000-7f23ccbeb000 r-xp 00000000 08:03 3544092                    /opt/caen/matlab-2012a/bin/glnxa64/libuij.so
7f23ccbeb000-7f23ccdeb000 ---p 00045000 08:03 3544092                    /opt/caen/matlab-2012a/bin/glnxa64/libuij.so
7f23ccdeb000-7f23ccdee000 rw-p 00045000 08:03 3544092                    /opt/caen/matlab-2012a/bin/glnxa64/libuij.so
7f23ccdee000-7f23ccdef000 rw-p 00000000 00:00 0 
7f23ccdef000-7f23ccf08000 r-xp 00000000 08:03 3543759                    /opt/caen/matlab-2012a/bin/glnxa64/libmwhgutils.so
7f23ccf08000-7f23cd107000 ---p 00119000 08:03 3543759                    /opt/caen/matlab-2012a/bin/glnxa64/libmwhgutils.so
7f23cd107000-7f23cd11d000 rw-p 00118000 08:03 3543759                    /opt/caen/matlab-2012a/bin/glnxa64/libmwhgutils.so
7f23cd11d000-7f23cde7c000 r-xp 00000000 08:03 3543755                    /opt/caen/matlab-2012a/bin/glnxa64/libmwhg.so
7f23cde7c000-7f23ce07b000 ---p 00d5f000 08:03 3543755                    /opt/caen/matlab-2012a/bin/glnxa64/libmwhg.so
7f23ce07b000-7f23ce191000 rw-p 00d5e000 08:03 3543755                    /opt/caen/matlab-2012a/bin/glnxa64/libmwhg.so
7f23ce191000-7f23ce19e000 rw-p 00000000 00:00 0 
7f23ce19e000-7f23ce2b0000 r-xp 00000000 08:03 3543736                    /opt/caen/matlab-2012a/bin/glnxa64/libmwgui.so
7f23ce2b0000-7f23ce4af000 ---p 00112000 08:03 3543736                    /opt/caen/matlab-2012a/bin/glnxa64/libmwgui.so
7f23ce4af000-7f23ce4eb000 rw-p 00111000 08:03 3543736                    /opt/caen/matlab-2012a/bin/glnxa64/libmwgui.so
7f23ce4eb000-7f23ce4ed000 rw-p 00000000 00:00 0 
7f23ce4ed000-7f23ce75c000 r-xp 00000000 08:03 3543803                    /opt/caen/matlab-2012a/bin/glnxa64/libmwmcos.so
7f23ce75c000-7f23ce95c000 ---p 0026f000 08:03 3543803                    /opt/caen/matlab-2012a/bin/glnxa64/libmwmcos.so
7f23ce95c000-7f23ce986000 rw-p 0026f000 08:03 3543803                    /opt/caen/matlab-2012a/bin/glnxa64/libmwmcos.so
7f23ce986000-7f23ce98d000 r-xp 00000000 08:03 3543823                    /opt/caen/matlab-2012a/bin/glnxa64/libmwmtok.so
7f23ce98d000-7f23ceb8d000 ---p 00007000 08:03 3543823                    /opt/caen/matlab-2012a/bin/glnxa64/libmwmtok.so
7f23ceb8d000-7f23ceb8e000 rw-p 00007000 08:03 3543823                    /opt/caen/matlab-2012a/bin/glnxa64/libmwmtok.so
7f23ceb8e000-7f23cec13000 r-xp 00000000 08:03 3543797                    /opt/caen/matlab-2012a/bin/glnxa64/libmwmlint.so
7f23cec13000-7f23cee12000 ---p 00085000 08:03 3543797                    /opt/caen/matlab-2012a/bin/glnxa64/libmwmlint.so
7f23cee12000-7f23cee1a000 rw-p 00084000 08:03 3543797                    /opt/caen/matlab-2012a/bin/glnxa64/libmwmlint.so
7f23cee1a000-7f23cee1c000 rw-p 00000000 00:00 0 
7f23cee1c000-7f23cef00000 r-xp 00000000 08:03 3543991                    /opt/caen/matlab-2012a/bin/glnxa64/libmwudd.so
7f23cef00000-7f23cf100000 ---p 000e4000 08:03 3543991                    /opt/caen/matlab-2012a/bin/glnxa64/libmwudd.so
7f23cf100000-7f23cf117000 rw-p 000e4000 08:03 3543991                    /opt/caen/matlab-2012a/bin/glnxa64/libmwudd.so
7f23cf117000-7f23cf11a000 rw-p 00000000 00:00 0 
7f23cf11a000-7f23cf386000 r-xp 00000000 08:03 3543780                    /opt/caen/matlab-2012a/bin/glnxa64/libmwm_parser.so
7f23cf386000-7f23cf586000 ---p 0026c000 08:03 3543780                    /opt/caen/matlab-2012a/bin/glnxa64/libmwm_parser.so
7f23cf586000-7f23cfa28000 rw-p 0026c000 08:03 3543780                    /opt/caen/matlab-2012a/bin/glnxa64/libmwm_parser.so
7f23cfa28000-7f23cfa29000 rw-p 00000000 00:00 0 
7f23cfa29000-7f23cfa49000 r-xp 00000000 08:03 3543579                    /opt/caen/matlab-2012a/bin/glnxa64/libmex.so
7f23cfa49000-7f23cfc49000 ---p 00020000 08:03 3543579                    /opt/caen/matlab-2012a/bin/glnxa64/libmex.so
7f23cfc49000-7f23cfc4b000 rw-p 00020000 08:03 3543579                    /opt/caen/matlab-2012a/bin/glnxa64/libmex.so
7f23cfc4b000-7f23cfc4c000 r-xp 00000000 08:03 3543812                    /opt/caen/matlab-2012a/bin/glnxa64/libmwnativejava_services.so
7f23cfc4c000-7f23cfe4c000 ---p 00001000 08:03 3543812                    /opt/caen/matlab-2012a/bin/glnxa64/libmwnativejava_services.so
7f23cfe4c000-7f23cfe4d000 rw-p 00001000 08:03 3543812                    /opt/caen/matlab-2012a/bin/glnxa64/libmwnativejava_services.so
7f23cfe4d000-7f23cfe4e000 rw-p 00000000 00:00 0 
7f23cfe4e000-7f23d019b000 r-xp 00000000 08:03 3543768                    /opt/caen/matlab-2012a/bin/glnxa64/libmwiqm.so
7f23d019b000-7f23d039a000 ---p 0034d000 08:03 3543768                    /opt/caen/matlab-2012a/bin/glnxa64/libmwiqm.so
7f23d039a000-7f23d03c0000 rw-p 0034c000 08:03 3543768                    /opt/caen/matlab-2012a/bin/glnxa64/libmwiqm.so
7f23d03c0000-7f23d03c7000 rw-p 00000000 00:00 0 
7f23d03c7000-7f23d0436000 r-xp 00000000 08:03 3543490                    /opt/caen/matlab-2012a/bin/glnxa64/libboost_serialization.so.1.44.0
7f23d0436000-7f23d0636000 ---p 0006f000 08:03 3543490                    /opt/caen/matlab-2012a/bin/glnxa64/libboost_serialization.so.1.44.0
7f23d0636000-7f23d063a000 rw-p 0006f000 08:03 3543490                    /opt/caen/matlab-2012a/bin/glnxa64/libboost_serialization.so.1.44.0
7f23d063a000-7f23d064d000 r-xp 00000000 08:03 3543604                    /opt/caen/matlab-2012a/bin/glnxa64/libmwMATLAB_settings_res.so
7f23d064d000-7f23d084c000 ---p 00013000 08:03 3543604                    /opt/caen/matlab-2012a/bin/glnxa64/libmwMATLAB_settings_res.so
7f23d084c000-7f23d084d000 rw-p 00012000 08:03 3543604                    /opt/caen/matlab-2012a/bin/glnxa64/libmwMATLAB_settings_res.so
7f23d084d000-7f23d085e000 r-xp 00000000 08:03 3543808                    /opt/caen/matlab-2012a/bin/glnxa64/libmwmfl_scalar.so
7f23d085e000-7f23d0a5d000 ---p 00011000 08:03 3543808                    /opt/caen/matlab-2012a/bin/glnxa64/libmwmfl_scalar.so
7f23d0a5d000-7f23d0a5e000 rw-p 00010000 08:03 3543808                    /opt/caen/matlab-2012a/bin/glnxa64/libmwmfl_scalar.so
7f23d0a5e000-7f23d0a5f000 rw-p 00000000 00:00 0 
7f23d0a5f000-7f23d0ee5000 r-xp 00000000 08:03 3543813                    /opt/caen/matlab-2012a/bin/glnxa64/libmwmlutil.so
7f23d0ee5000-7f23d10e4000 ---p 00486000 08:03 3543813                    /opt/caen/matlab-2012a/bin/glnxa64/libmwmlutil.so
7f23d10e4000-7f23d1111000 rw-p 00485000 08:03 3543813                    /opt/caen/matlab-2012a/bin/glnxa64/libmwmlutil.so
7f23d1111000-7f23d111d000 rw-p 00000000 00:00 0 
7f23d111d000-7f23d1133000 r-xp 00000000 08:03 3932755                    /opt/caen/matlab-2012a/sys/os/glnxa64/libz.so.1.2.6
7f23d1133000-7f23d1332000 ---p 00016000 08:03 3932755                    /opt/caen/matlab-2012a/sys/os/glnxa64/libz.so.1.2.6
7f23d1332000-7f23d1333000 rw-p 00015000 08:03 3932755                    /opt/caen/matlab-2012a/sys/os/glnxa64/libz.so.1.2.6
7f23d1333000-7f23d1334000 rw-p 00000000 00:00 0 
7f23d1334000-7f23d1347000 r-xp 00000000 08:03 3543491                    /opt/caen/matlab-2012a/bin/glnxa64/libboost_signals.so.1.44.0
7f23d1347000-7f23d1546000 ---p 00013000 08:03 3543491                    /opt/caen/matlab-2012a/bin/glnxa64/libboost_signals.so.1.44.0
7f23d1546000-7f23d1547000 rw-p 00012000 08:03 3543491                    /opt/caen/matlab-2012a/bin/glnxa64/libboost_signals.so.1.44.0
7f23d1547000-7f23d1548000 rw-p 00000000 00:00 0 
7f23d1548000-7f23d164e000 r-xp 00000000 08:03 3543489                    /opt/caen/matlab-2012a/bin/glnxa64/libboost_regex.so.1.44.0
7f23d164e000-7f23d184e000 ---p 00106000 08:03 3543489                    /opt/caen/matlab-2012a/bin/glnxa64/libboost_regex.so.1.44.0
7f23d184e000-7f23d1855000 rw-p 00106000 08:03 3543489                    /opt/caen/matlab-2012a/bin/glnxa64/libboost_regex.so.1.44.0
7f23d1855000-7f23d1876000 r-xp 00000000 08:03 3543465                    /opt/caen/matlab-2012a/bin/glnxa64/libboost_filesystem.so.1.44.0
7f23d1876000-7f23d1a75000 ---p 00021000 08:03 3543465                    /opt/caen/matlab-2012a/bin/glnxa64/libboost_filesystem.so.1.44.0
7f23d1a75000-7f23d1a77000 rw-p 00020000 08:03 3543465                    /opt/caen/matlab-2012a/bin/glnxa64/libboost_filesystem.so.1.44.0
7f23d1a77000-7f23d1d67000 r-xp 00000000 08:03 3543603                    /opt/caen/matlab-2012a/bin/glnxa64/libmwMATLAB_res.so
7f23d1d67000-7f23d1f66000 ---p 002f0000 08:03 3543603                    /opt/caen/matlab-2012a/bin/glnxa64/libmwMATLAB_res.so
7f23d1f66000-7f23d1f68000 rw-p 002ef000 08:03 3543603                    /opt/caen/matlab-2012a/bin/glnxa64/libmwMATLAB_res.so
7f23d1f68000-7f23d1f74000 rw-p 00000000 00:00 0 
7f23d1f74000-7f23d1f76000 r-xp 00000000 08:03 3543946                    /opt/caen/matlab-2012a/bin/glnxa64/libmwresource_core.so
7f23d1f76000-7f23d2175000 ---p 00002000 08:03 3543946                    /opt/caen/matlab-2012a/bin/glnxa64/libmwresource_core.so
7f23d2175000-7f23d2176000 rw-p 00001000 08:03 3543946                    /opt/caen/matlab-2012a/bin/glnxa64/libmwresource_core.so
7f23d2176000-7f23d2190000 r-xp 00000000 08:03 3544106                    /opt/caen/matlab-2012a/bin/glnxa64/libtbbmalloc.so.2
7f23d2190000-7f23d228f000 ---p 0001a000 08:03 3544106                    /opt/caen/matlab-2012a/bin/glnxa64/libtbbmalloc.so.2
7f23d228f000-7f23d2292000 rw-p 00019000 08:03 3544106                    /opt/caen/matlab-2012a/bin/glnxa64/libtbbmalloc.so.2
7f23d2292000-7f23d22a0000 rw-p 00000000 00:00 0 
7f23d22a0000-7f23d22da000 r-xp 00000000 08:03 3544105                    /opt/caen/matlab-2012a/bin/glnxa64/libtbb.so.2
7f23d22da000-7f23d23da000 ---p 0003a000 08:03 3544105                    /opt/caen/matlab-2012a/bin/glnxa64/libtbb.so.2
7f23d23da000-7f23d23de000 rw-p 0003a000 08:03 3544105                    /opt/caen/matlab-2012a/bin/glnxa64/libtbb.so.2
7f23d23de000-7f23d23df000 rw-p 00000000 00:00 0 
7f23d23df000-7f23d23ea000 r-xp 00000000 08:03 3543551                    /opt/caen/matlab-2012a/bin/glnxa64/libicuio.so.44.2
7f23d23ea000-7f23d25ea000 ---p 0000b000 08:03 3543551                    /opt/caen/matlab-2012a/bin/glnxa64/libicuio.so.44.2
7f23d25ea000-7f23d25ec000 rw-p 0000b000 08:03 3543551                    /opt/caen/matlab-2012a/bin/glnxa64/libicuio.so.44.2
7f23d25ec000-7f23d27de000 r-xp 00000000 08:03 3543549                    /opt/caen/matlab-2012a/bin/glnxa64/libicui18n.so.44.2
7f23d27de000-7f23d29dd000 ---p 001f2000 08:03 3543549                    /opt/caen/matlab-2012a/bin/glnxa64/libicui18n.so.44.2
7f23d29dd000-7f23d29e9000 rw-p 001f1000 08:03 3543549                    /opt/caen/matlab-2012a/bin/glnxa64/libicui18n.so.44.2
7f23d29e9000-7f23d29ea000 rw-p 00000000 00:00 0 
7f23d29ea000-7f23d2b3b000 r-xp 00000000 08:03 3543584                    /opt/caen/matlab-2012a/bin/glnxa64/libicuuc.so.44.2
7f23d2b3b000-7f23d2d3b000 ---p 00151000 08:03 3543584                    /opt/caen/matlab-2012a/bin/glnxa64/libicuuc.so.44.2
7f23d2d3b000-7f23d2d4b000 rw-p 00151000 08:03 3543584                    /opt/caen/matlab-2012a/bin/glnxa64/libicuuc.so.44.2
7f23d2d4b000-7f23d2d4e000 rw-p 00000000 00:00 0 
7f23d2d4e000-7f23d3b8e000 r--p 00000000 08:03 3543548                    /opt/caen/matlab-2012a/bin/glnxa64/libicudata.so.44.2
7f23d3b8e000-7f23d3d8d000 ---p 00e40000 08:03 3543548                    /opt/caen/matlab-2012a/bin/glnxa64/libicudata.so.44.2
7f23d3d8d000-7f23d3d8e000 rw-p 00e3f000 08:03 3543548                    /opt/caen/matlab-2012a/bin/glnxa64/libicudata.so.44.2
7f23d3d8e000-7f23d3db4000 r-xp 00000000 08:03 3543509                    /opt/caen/matlab-2012a/bin/glnxa64/libexpat.so.1.5.0
7f23d3db4000-7f23d3fb3000 ---p 00026000 08:03 3543509                    /opt/caen/matlab-2012a/bin/glnxa64/libexpat.so.1.5.0
7f23d3fb3000-7f23d3fb6000 rw-p 00025000 08:03 3543509                    /opt/caen/matlab-2012a/bin/glnxa64/libexpat.so.1.5.0
7f23d3fb6000-7f23d3fb7000 rw-p 00000000 00:00 0 
7f23d3fb7000-7f23d3fcd000 r-xp 00000000 08:03 3543515                    /opt/caen/matlab-2012a/bin/glnxa64/libboost_thread.so.1.44.0
7f23d3fcd000-7f23d41cc000 ---p 00016000 08:03 3543515                    /opt/caen/matlab-2012a/bin/glnxa64/libboost_thread.so.1.44.0
7f23d41cc000-7f23d41ce000 rw-p 00015000 08:03 3543515                    /opt/caen/matlab-2012a/bin/glnxa64/libboost_thread.so.1.44.0
7f23d41ce000-7f23d41d0000 r-xp 00000000 08:03 3543492                    /opt/caen/matlab-2012a/bin/glnxa64/libboost_system.so.1.44.0
7f23d41d0000-7f23d43d0000 ---p 00002000 08:03 3543492                    /opt/caen/matlab-2012a/bin/glnxa64/libboost_system.so.1.44.0
7f23d43d0000-7f23d43d1000 rw-p 00002000 08:03 3543492                    /opt/caen/matlab-2012a/bin/glnxa64/libboost_system.so.1.44.0
7f23d43d1000-7f23d43e2000 r-xp 00000000 08:03 3543464                    /opt/caen/matlab-2012a/bin/glnxa64/libboost_date_time.so.1.44.0
7f23d43e2000-7f23d45e1000 ---p 00011000 08:03 3543464                    /opt/caen/matlab-2012a/bin/glnxa64/libboost_date_time.so.1.44.0
7f23d45e1000-7f23d45e3000 rw-p 00010000 08:03 3543464                    /opt/caen/matlab-2012a/bin/glnxa64/libboost_date_time.so.1.44.0
7f23d45e3000-7f23d45e5000 rw-p 00000000 00:00 0 
7f23d45e5000-7f23d45fb000 r-xp 00000000 08:03 3543514                    /opt/caen/matlab-2012a/bin/glnxa64/libgcc_s.so.1
7f23d45fb000-7f23d47fa000 ---p 00016000 08:03 3543514                    /opt/caen/matlab-2012a/bin/glnxa64/libgcc_s.so.1
7f23d47fa000-7f23d47fb000 rw-p 00015000 08:03 3543514                    /opt/caen/matlab-2012a/bin/glnxa64/libgcc_s.so.1
7f23d47fb000-7f23d47fc000 rw-p 00000000 00:00 0 
7f23d480e000-7f23d4816000 rw-s 00000000 08:05 12058847                   /tmp/hsperfdata_pelops/3589
7f23d4816000-7f23d4817000 rw-p 00000000 00:00 0 
7f23d4817000-7f23d4818000 r--p 00000000 00:00 0 
7f23d4818000-7f23d481f000 r--s 00000000 08:03 11294756                   /usr/lib64/gconv/gconv-modules.cache
7f23d481f000-7f23d4910000 r-xp 00000000 08:03 3544077                    /opt/caen/matlab-2012a/bin/glnxa64/libstdc++.so.6.0.13
7f23d4910000-7f23d4b10000 ---p 000f1000 08:03 3544077                    /opt/caen/matlab-2012a/bin/glnxa64/libstdc++.so.6.0.13
7f23d4b10000-7f23d4b17000 r--p 000f1000 08:03 3544077                    /opt/caen/matlab-2012a/bin/glnxa64/libstdc++.so.6.0.13
7f23d4b17000-7f23d4b19000 rw-p 000f8000 08:03 3544077                    /opt/caen/matlab-2012a/bin/glnxa64/libstdc++.so.6.0.13
7f23d4b19000-7f23d4b2e000 rw-p 00000000 00:00 0 
7f23d4b2e000-7f23d4bbd000 r-xp 00000000 08:03 3543760                    /opt/caen/matlab-2012a/bin/glnxa64/libmwi18n.so
7f23d4bbd000-7f23d4dbc000 ---p 0008f000 08:03 3543760                    /opt/caen/matlab-2012a/bin/glnxa64/libmwi18n.so
7f23d4dbc000-7f23d4dc2000 rw-p 0008e000 08:03 3543760                    /opt/caen/matlab-2012a/bin/glnxa64/libmwi18n.so
7f23d4dc2000-7f23d52f6000 r-xp 00000000 08:03 3543778                    /opt/caen/matlab-2012a/bin/glnxa64/libmwm_interpreter.so
7f23d52f6000-7f23d54f5000 ---p 00534000 08:03 3543778                    /opt/caen/matlab-2012a/bin/glnxa64/libmwm_interpreter.so
7f23d54f5000-7f23d55d2000 rw-p 00533000 08:03 3543778                    /opt/caen/matlab-2012a/bin/glnxa64/libmwm_interpreter.so
7f23d55d2000-7f23d566d000 rw-p 00000000 00:00 0 
7f23d566d000-7f23d5702000 r-xp 00000000 08:03 3543777                    /opt/caen/matlab-2012a/bin/glnxa64/libmwm_dispatcher.so
7f23d5702000-7f23d5901000 ---p 00095000 08:03 3543777                    /opt/caen/matlab-2012a/bin/glnxa64/libmwm_dispatcher.so
7f23d5901000-7f23d5908000 rw-p 00094000 08:03 3543777                    /opt/caen/matlab-2012a/bin/glnxa64/libmwm_dispatcher.so
7f23d5908000-7f23d5a72000 r-xp 00000000 08:03 3543805                    /opt/caen/matlab-2012a/bin/glnxa64/libmwmcr.so
7f23d5a72000-7f23d5c72000 ---p 0016a000 08:03 3543805                    /opt/caen/matlab-2012a/bin/glnxa64/libmwmcr.so
7f23d5c72000-7f23d5c84000 rw-p 0016a000 08:03 3543805                    /opt/caen/matlab-2012a/bin/glnxa64/libmwmcr.so
7f23d5c84000-7f23d5c87000 rw-p 00000000 00:00 0 
7f23d5c87000-7f23d5cb9000 r-xp 00000000 08:03 3543661                    /opt/caen/matlab-2012a/bin/glnxa64/libmwbridge.so
7f23d5cb9000-7f23d5eb9000 ---p 00032000 08:03 3543661                    /opt/caen/matlab-2012a/bin/glnxa64/libmwbridge.so
7f23d5eb9000-7f23d5ebc000 rw-p 00032000 08:03 3543661                    /opt/caen/matlab-2012a/bin/glnxa64/libmwbridge.so
7f23d5ebc000-7f23d5ec3000 rw-p 00000000 00:00 0 
7f23d5ec3000-7f23d5f63000 r-xp 00000000 08:03 3543771                    /opt/caen/matlab-2012a/bin/glnxa64/libmwjmi.so
7f23d5f63000-7f23d6162000 ---p 000a0000 08:03 3543771                    /opt/caen/matlab-2012a/bin/glnxa64/libmwjmi.so
7f23d6162000-7f23d616a000 rw-p 0009f000 08:03 3543771                    /opt/caen/matlab-2012a/bin/glnxa64/libmwjmi.so
7f23d616a000-7f23d616b000 rw-p 00000000 00:00 0 
7f23d616b000-7f23d63d9000 r-xp 00000000 08:03 3543938                    /opt/caen/matlab-2012a/bin/glnxa64/libmwservices.so
7f23d63d9000-7f23d65d8000 ---p 0026e000 08:03 3543938                    /opt/caen/matlab-2012a/bin/glnxa64/libmwservices.so
7f23d65d8000-7f23d65ef000 rw-p 0026d000 08:03 3543938                    /opt/caen/matlab-2012a/bin/glnxa64/libmwservices.so
7f23d65ef000-7f23d65fd000 rw-p 00000000 00:00 0 
7f23d65fd000-7f23d663a000 r-xp 00000000 08:03 3543818                    /opt/caen/matlab-2012a/bin/glnxa64/libmwmpath.so
7f23d663a000-7f23d683a000 ---p 0003d000 08:03 3543818                    /opt/caen/matlab-2012a/bin/glnxa64/libmwmpath.so
7f23d683a000-7f23d683d000 rw-p 0003d000 08:03 3543818                    /opt/caen/matlab-2012a/bin/glnxa64/libmwmpath.so
7f23d683d000-7f23d6841000 rw-p 00000000 00:00 0 
7f23d6841000-7f23d68f7000 r-xp 00000000 08:03 3544024                    /opt/caen/matlab-2012a/bin/glnxa64/libmx.so
7f23d68f7000-7f23d6af6000 ---p 000b6000 08:03 3544024                    /opt/caen/matlab-2012a/bin/glnxa64/libmx.so
7f23d6af6000-7f23d6afb000 rw-p 000b5000 08:03 3544024                    /opt/caen/matlab-2012a/bin/glnxa64/libmx.so
7f23d6afb000-7f23d6bd9000 r-xp 00000000 08:03 3543714                    /opt/caen/matlab-2012a/bin/glnxa64/libmwfl.so
7f23d6bd9000-7f23d6dd8000 ---p 000de000 08:03 3543714                    /opt/caen/matlab-2012a/bin/glnxa64/libmwfl.so
7f23d6dd8000-7f23d6de2000 rw-p 000dd000 08:03 3543714                    /opt/caen/matlab-2012a/bin/glnxa64/libmwfl.so
7f23d6de2000-7f23d6df2000 rw-p 00000000 00:00 0 
7f23d6df2000-7f23d6ec8000 r-xp 00000000 08:03 3544093                    /opt/caen/matlab-2012a/bin/glnxa64/libut.so
7f23d6ec8000-7f23d70c8000 ---p 000d6000 08:03 3544093                    /opt/caen/matlab-2012a/bin/glnxa64/libut.so
7f23d70c8000-7f23d70d4000 rw-p 000d6000 08:03 3544093                    /opt/caen/matlab-2012a/bin/glnxa64/libut.so
7f23d70d4000-7f23d70e8000 rw-p 00000000 00:00 0 
7fff1ca13000-7fff1ca27000 rwxp 00000000 00:00 0                          [stack]
7fff1ca27000-7fff1ca29000 rw-p 00000000 00:00 0 
7fff1cb4b000-7fff1cb4c000 r-xp 00000000 00:00 0                          [vdso]
ffffffffff600000-ffffffffff601000 r-xp 00000000 00:00 0                  [vsyscall]

VM Arguments:
jvm_args: -Xms64m -XX:NewRatio=3 -XX:MaxPermSize=128m -Xmx196m -XX:MaxDirectMemorySize=2147400000 -XX:+AllowUserSignalHandlers -Xrs -Dsun.awt.disableMixing=true -Djava.library.path=/opt/caen/matlab-2012a/bin/glnxa64 vfprintf abort -Djava.awt.headless=true -Xrs -Duser.language=en -Duser.country=US -Dfile.encoding=UTF-8 
java_command: <unknown>
Launcher Type: generic

Environment Variables:
PATH=/opt/caen/matlab-2012a/bin:/opt/caen/matlab-2012a/bin/glnxa64:/usr/lib64/qt-3.3/bin:/usr/caen/bin:/usr/um/bin:/usr/local/bin:/bin:/usr/bin
LD_LIBRARY_PATH=/opt/caen/matlab-2012a/sys/os/glnxa64:/opt/caen/matlab-2012a/bin/glnxa64:/opt/caen/matlab-2012a/extern/lib/glnxa64:/opt/caen/matlab-2012a/runtime/glnxa64:/opt/caen/matlab-2012a/sys/java/jre/glnxa64/jre/lib/amd64/native_threads:/opt/caen/matlab-2012a/sys/java/jre/glnxa64/jre/lib/amd64/server:/opt/caen/matlab-2012a/sys/java/jre/glnxa64/jre/lib/amd64:/opt/caen/matlab-2012a/toolbox/NAG/mex.a64:/opt/caen/matlab-2012a/bin/glnxa64/:/opt/caen/matlab-2012a/runtime/glnxa64/:/opt/caen/matlab-2012a/sys/os/glnxa64/:/opt/caen/matlab-2012a/sys/java/jre/glnxa64/jre/lib/amd64/native_threads:/opt/caen/matlab-2012a/sys/java/jre/glnxa64/jre/lib/amd64/server/:/opt/caen/matlab-2012a/sys/java/jre/glnxa64/jre/lib/amd64/client:/opt/caen/matlab-2012a/sys/java/jre/glnxa64/jre/lib/amd64
SHELL=/bin/csh
DISPLAY=
HOSTTYPE=x86_64-linux
OSTYPE=linux
ARCH=glnxa64
MACHTYPE=x86_64

Signal Handlers:
SIGSEGV: [libjvm.so+0x6bddc0], sa_mask[0]=0x7ffbfeff, sa_flags=0x10000004
SIGBUS: [libjvm.so+0x6bddc0], sa_mask[0]=0x7ffbfeff, sa_flags=0x10000004
SIGFPE: [libjvm.so+0x594f90], sa_mask[0]=0x7ffbfeff, sa_flags=0x10000004
SIGPIPE: [libjvm.so+0x594f90], sa_mask[0]=0x7ffbfeff, sa_flags=0x10000004
SIGXFSZ: [libjvm.so+0x594f90], sa_mask[0]=0x7ffbfeff, sa_flags=0x10000004
SIGILL: [libjvm.so+0x594f90], sa_mask[0]=0x7ffbfeff, sa_flags=0x10000004
SIGUSR1: SIG_DFL, sa_mask[0]=0x00000000, sa_flags=0x00000000
SIGUSR2: [libjvm.so+0x597750], sa_mask[0]=0x08080002, sa_flags=0x10000004
SIGHUP: SIG_DFL, sa_mask[0]=0x00000000, sa_flags=0x00000000
SIGINT: SIG_DFL, sa_mask[0]=0x00000000, sa_flags=0x00000000
SIGTERM: SIG_DFL, sa_mask[0]=0x00000000, sa_flags=0x00000000
SIGQUIT: [libmwmcr.so+0x131430], sa_mask[0]=0x08080002, sa_flags=0x00000004


---------------  S Y S T E M  ---------------

OS:Red Hat Enterprise Linux Workstation release 6.3 (Santiago)

uname:Linux 2.6.32-279.14.1.el6.x86_64 #1 SMP Mon Oct 15 13:44:51 EDT 2012 x86_64
libc:glibc 2.12 NPTL 2.12 
rlimit: STACK 10240k, CORE 0k, NPROC 200, NOFILE 4096, AS 20000000k
load average:0.40 0.23 0.14

CPU:total 24 (16 cores per cpu, 2 threads per core) family 6 model 44 stepping 2, cmov, cx8, fxsr, mmx, sse, sse2, sse3, ssse3, sse4.1, sse4.2, ht

Memory: 4k page, physical 65956500k(39087924k free), swap 12582904k(12432204k free)

vm_info: Java HotSpot(TM) 64-Bit Server VM (14.3-b01) for linux-amd64 JRE (1.6.0_17-b04), built on Oct 11 2009 01:08:48 by "java_re" with gcc 3.2.2 (SuSE Linux)

time: Tue Dec 18 20:49:24 2012
elapsed time: 0 seconds

