#
# A fatal error has been detected by the Java Runtime Environment:
#
# java.lang.OutOfMemoryError: Cannot create GC thread. Out of system resources.
#
#  Internal Error (gcTaskThread.cpp:38), pid=3595, tid=140289787225856
#  Error: Cannot create GC thread. Out of system resources.
#
# JRE version: 6.0_17-b04
# Java VM: Java HotSpot(TM) 64-Bit Server VM (14.3-b01 mixed mode linux-amd64 )
# If you would like to submit a bug report, please visit:
#   http://java.sun.com/webapps/bugreport/crash.jsp
#

---------------  T H R E A D  ---------------

Current thread (0x00007f97b4447000):  JavaThread "Unknown thread" [_thread_in_vm, id=3640, stack(0x00007f97c24ee000,0x00007f97c2eef000)]

Stack: [0x00007f97c24ee000,0x00007f97c2eef000],  sp=0x00007f97c2eeccd0,  free space=10235k
Native frames: (J=compiled Java code, j=interpreted, Vv=VM code, C=native code)
V  [libjvm.so+0x6bd1ef]
V  [libjvm.so+0x2be6c8]
V  [libjvm.so+0x33a2fd]
V  [libjvm.so+0x338e3e]
V  [libjvm.so+0x338bd3]
V  [libjvm.so+0x5a87c7]
V  [libjvm.so+0x697695]
V  [libjvm.so+0x69732a]
V  [libjvm.so+0x377cd0]
V  [libjvm.so+0x67f5af]
V  [libjvm.so+0x3def30]
C  [libmwjmi.so+0x6e029]  _Z9InitSunVMN5boost8optionalIKSt6vectorISsSaISsEEEE+0x1129
C  [libmwjmi.so+0x6eb5f]
C  [libmwjmi.so+0x6eca9]
C  [libmwjmi.so+0x5ceb1]  _Z7mljInitv+0x21
C  [libmwmcr.so+0x106205]
C  [libmwmcr.so+0xf8bf4]
C  [libmwmcr.so+0xf8d97]


---------------  P R O C E S S  ---------------

Java Threads: ( => current thread )

Other Threads:

=>0x00007f97b4447000 (exited) JavaThread "Unknown thread" [_thread_in_vm, id=3640, stack(0x00007f97c24ee000,0x00007f97c2eef000)]

VM state:not at safepoint (not fully initialized)

VM Mutex/Monitor currently owned by a thread: None

Dynamic libraries:
00400000-00406000 r-xp 00000000 08:03 3543364                            /opt/caen/matlab-2012a/bin/glnxa64/MATLAB
00606000-00607000 rw-p 00006000 08:03 3543364                            /opt/caen/matlab-2012a/bin/glnxa64/MATLAB
01f45000-020b1000 rw-p 00000000 00:00 0                                  [heap]
3b7f400000-3b7f420000 r-xp 00000000 08:03 10224046                       /lib64/ld-2.12.so
3b7f61f000-3b7f620000 r--p 0001f000 08:03 10224046                       /lib64/ld-2.12.so
3b7f620000-3b7f621000 rw-p 00020000 08:03 10224046                       /lib64/ld-2.12.so
3b7f621000-3b7f622000 rw-p 00000000 00:00 0 
3b7f800000-3b7f989000 r-xp 00000000 08:03 10224047                       /lib64/libc-2.12.so
3b7f989000-3b7fb88000 ---p 00189000 08:03 10224047                       /lib64/libc-2.12.so
3b7fb88000-3b7fb8c000 r--p 00188000 08:03 10224047                       /lib64/libc-2.12.so
3b7fb8c000-3b7fb8d000 rw-p 0018c000 08:03 10224047                       /lib64/libc-2.12.so
3b7fb8d000-3b7fb92000 rw-p 00000000 00:00 0 
3b7fc00000-3b7fc83000 r-xp 00000000 08:03 10224048                       /lib64/libm-2.12.so
3b7fc83000-3b7fe82000 ---p 00083000 08:03 10224048                       /lib64/libm-2.12.so
3b7fe82000-3b7fe83000 r--p 00082000 08:03 10224048                       /lib64/libm-2.12.so
3b7fe83000-3b7fe84000 rw-p 00083000 08:03 10224048                       /lib64/libm-2.12.so
3b80000000-3b80002000 r-xp 00000000 08:03 10224145                       /lib64/libdl-2.12.so
3b80002000-3b80202000 ---p 00002000 08:03 10224145                       /lib64/libdl-2.12.so
3b80202000-3b80203000 r--p 00002000 08:03 10224145                       /lib64/libdl-2.12.so
3b80203000-3b80204000 rw-p 00003000 08:03 10224145                       /lib64/libdl-2.12.so
3b80400000-3b80417000 r-xp 00000000 08:03 10224144                       /lib64/libpthread-2.12.so
3b80417000-3b80617000 ---p 00017000 08:03 10224144                       /lib64/libpthread-2.12.so
3b80617000-3b80618000 r--p 00017000 08:03 10224144                       /lib64/libpthread-2.12.so
3b80618000-3b80619000 rw-p 00018000 08:03 10224144                       /lib64/libpthread-2.12.so
3b80619000-3b8061d000 rw-p 00000000 00:00 0 
3b80c00000-3b80c07000 r-xp 00000000 08:03 10224161                       /lib64/librt-2.12.so
3b80c07000-3b80e06000 ---p 00007000 08:03 10224161                       /lib64/librt-2.12.so
3b80e06000-3b80e07000 r--p 00006000 08:03 10224161                       /lib64/librt-2.12.so
3b80e07000-3b80e08000 rw-p 00007000 08:03 10224161                       /lib64/librt-2.12.so
3b81800000-3b81816000 r-xp 00000000 08:03 10224149                       /lib64/libresolv-2.12.so
3b81816000-3b81a16000 ---p 00016000 08:03 10224149                       /lib64/libresolv-2.12.so
3b81a16000-3b81a17000 r--p 00016000 08:03 10224149                       /lib64/libresolv-2.12.so
3b81a17000-3b81a18000 rw-p 00017000 08:03 10224149                       /lib64/libresolv-2.12.so
3b81a18000-3b81a1a000 rw-p 00000000 00:00 0 
3b82000000-3b8201b000 r-xp 00000000 08:03 11045679                       /usr/lib64/libxcb.so.1.1.0
3b8201b000-3b8221a000 ---p 0001b000 08:03 11045679                       /usr/lib64/libxcb.so.1.1.0
3b8221a000-3b8221b000 rw-p 0001a000 08:03 11045679                       /usr/lib64/libxcb.so.1.1.0
3b82400000-3b82539000 r-xp 00000000 08:03 11045680                       /usr/lib64/libX11.so.6.3.0
3b82539000-3b82739000 ---p 00139000 08:03 11045680                       /usr/lib64/libX11.so.6.3.0
3b82739000-3b8273f000 rw-p 00139000 08:03 11045680                       /usr/lib64/libX11.so.6.3.0
3b82800000-3b82802000 r-xp 00000000 08:03 11010720                       /usr/lib64/libXau.so.6.0.0
3b82802000-3b82a02000 ---p 00002000 08:03 11010720                       /usr/lib64/libXau.so.6.0.0
3b82a02000-3b82a03000 rw-p 00002000 08:03 11010720                       /usr/lib64/libXau.so.6.0.0
3b83000000-3b83011000 r-xp 00000000 08:03 11045681                       /usr/lib64/libXext.so.6.4.0
3b83011000-3b83211000 ---p 00011000 08:03 11045681                       /usr/lib64/libXext.so.6.4.0
3b83211000-3b83212000 rw-p 00011000 08:03 11045681                       /usr/lib64/libXext.so.6.4.0
3b84000000-3b84018000 r-xp 00000000 08:03 11045685                       /usr/lib64/libXmu.so.6.2.0
3b84018000-3b84218000 ---p 00018000 08:03 11045685                       /usr/lib64/libXmu.so.6.2.0
3b84218000-3b8421a000 rw-p 00018000 08:03 11045685                       /usr/lib64/libXmu.so.6.2.0
3b87c00000-3b87c04000 r-xp 00000000 08:03 10224123                       /lib64/libuuid.so.1.3.0
3b87c04000-3b87e03000 ---p 00004000 08:03 10224123                       /lib64/libuuid.so.1.3.0
3b87e03000-3b87e04000 rw-p 00003000 08:03 10224123                       /lib64/libuuid.so.1.3.0
3b8c000000-3b8c017000 r-xp 00000000 08:03 11045682                       /usr/lib64/libICE.so.6.3.0
3b8c017000-3b8c217000 ---p 00017000 08:03 11045682                       /usr/lib64/libICE.so.6.3.0
3b8c217000-3b8c218000 rw-p 00017000 08:03 11045682                       /usr/lib64/libICE.so.6.3.0
3b8c218000-3b8c21c000 rw-p 00000000 00:00 0 
3b8c800000-3b8c807000 r-xp 00000000 08:03 11045683                       /usr/lib64/libSM.so.6.0.0
3b8c807000-3b8ca07000 ---p 00007000 08:03 11045683                       /usr/lib64/libSM.so.6.0.0
3b8ca07000-3b8ca08000 rw-p 00007000 08:03 11045683                       /usr/lib64/libSM.so.6.0.0
3b8dc00000-3b8dc07000 r-xp 00000000 08:03 10224159                       /lib64/libcrypt-2.12.so
3b8dc07000-3b8de07000 ---p 00007000 08:03 10224159                       /lib64/libcrypt-2.12.so
3b8de07000-3b8de08000 r--p 00007000 08:03 10224159                       /lib64/libcrypt-2.12.so
3b8de08000-3b8de09000 rw-p 00008000 08:03 10224159                       /lib64/libcrypt-2.12.so
3b8de09000-3b8de37000 rw-p 00000000 00:00 0 
3b8e800000-3b8e85d000 r-xp 00000000 08:03 10224158                       /lib64/libfreebl3.so
3b8e85d000-3b8ea5c000 ---p 0005d000 08:03 10224158                       /lib64/libfreebl3.so
3b8ea5c000-3b8ea5d000 r--p 0005c000 08:03 10224158                       /lib64/libfreebl3.so
3b8ea5d000-3b8ea5e000 rw-p 0005d000 08:03 10224158                       /lib64/libfreebl3.so
3b8ea5e000-3b8ea62000 rw-p 00000000 00:00 0 
3b8f800000-3b8f81d000 r-xp 00000000 08:03 10224146                       /lib64/libtinfo.so.5.7
3b8f81d000-3b8fa1d000 ---p 0001d000 08:03 10224146                       /lib64/libtinfo.so.5.7
3b8fa1d000-3b8fa21000 rw-p 0001d000 08:03 10224146                       /lib64/libtinfo.so.5.7
3b90000000-3b90022000 r-xp 00000000 08:03 10223733                       /lib64/libncurses.so.5.7
3b90022000-3b90221000 ---p 00022000 08:03 10223733                       /lib64/libncurses.so.5.7
3b90221000-3b90222000 rw-p 00021000 08:03 10223733                       /lib64/libncurses.so.5.7
3b92a00000-3b92a16000 r-xp 00000000 08:03 10224178                       /lib64/libnsl-2.12.so
3b92a16000-3b92c15000 ---p 00016000 08:03 10224178                       /lib64/libnsl-2.12.so
3b92c15000-3b92c16000 r--p 00015000 08:03 10224178                       /lib64/libnsl-2.12.so
3b92c16000-3b92c17000 rw-p 00016000 08:03 10224178                       /lib64/libnsl-2.12.so
3b92c17000-3b92c19000 rw-p 00000000 00:00 0 
3b93800000-3b9385f000 r-xp 00000000 08:03 11045684                       /usr/lib64/libXt.so.6.0.0
3b9385f000-3b93a5e000 ---p 0005f000 08:03 11045684                       /usr/lib64/libXt.so.6.0.0
3b93a5e000-3b93a65000 rw-p 0005e000 08:03 11045684                       /usr/lib64/libXt.so.6.0.0
7f9797c00000-7f97990c0000 rwxp 00000000 00:00 0 
7f97990c0000-7f979fc00000 rwxp 00000000 00:00 0 
7f979fc00000-7f97a2c00000 rwxp 00000000 00:00 0 
7f97a2c00000-7f97a8f00000 rwxp 00000000 00:00 0 
7f97a8f00000-7f97a9f00000 rwxp 00000000 00:00 0 
7f97a9f00000-7f97ac000000 rwxp 00000000 00:00 0 
7f97ac000000-7f97ac021000 rw-p 00000000 00:00 0 
7f97ac021000-7f97b0000000 ---p 00000000 00:00 0 
7f97b013c000-7f97b013d000 ---p 00000000 00:00 0 
7f97b013d000-7f97b0248000 rwxp 00000000 00:00 0 
7f97b0248000-7f97b027d000 rwxp 00000000 00:00 0 
7f97b027d000-7f97b0288000 rwxp 00000000 00:00 0 
7f97b0288000-7f97b02bd000 rwxp 00000000 00:00 0 
7f97b02bd000-7f97b02d5000 rwxp 00000000 00:00 0 
7f97b02d5000-7f97b0306000 rwxp 00000000 00:00 0 
7f97b0306000-7f97b030f000 rwxp 00000000 00:00 0 
7f97b030f000-7f97b031f000 rwxp 00000000 00:00 0 
7f97b031f000-7f97b032a000 rwxp 00000000 00:00 0 
7f97b032a000-7f97b03e0000 rwxp 00000000 00:00 0 
7f97b03e0000-7f97b0650000 rwxp 00000000 00:00 0 
7f97b0650000-7f97b33e0000 rwxp 00000000 00:00 0 
7f97b33e0000-7f97b33ee000 r-xp 00000000 08:03 3805616                    /opt/caen/matlab-2012a/sys/java/jre/glnxa64/jre/lib/amd64/libzip.so
7f97b33ee000-7f97b34f0000 ---p 0000e000 08:03 3805616                    /opt/caen/matlab-2012a/sys/java/jre/glnxa64/jre/lib/amd64/libzip.so
7f97b34f0000-7f97b34f3000 rw-p 00010000 08:03 3805616                    /opt/caen/matlab-2012a/sys/java/jre/glnxa64/jre/lib/amd64/libzip.so
7f97b34f3000-7f97b34f4000 rw-p 00000000 00:00 0 
7f97b34f4000-7f97b34fb000 r-xp 00000000 08:03 3805620                    /opt/caen/matlab-2012a/sys/java/jre/glnxa64/jre/lib/amd64/native_threads/libhpi.so
7f97b34fb000-7f97b35fc000 ---p 00007000 08:03 3805620                    /opt/caen/matlab-2012a/sys/java/jre/glnxa64/jre/lib/amd64/native_threads/libhpi.so
7f97b35fc000-7f97b35fe000 rw-p 00008000 08:03 3805620                    /opt/caen/matlab-2012a/sys/java/jre/glnxa64/jre/lib/amd64/native_threads/libhpi.so
7f97b35fe000-7f97b35ff000 rw-p 00000000 00:00 0 
7f97b35ff000-7f97b3600000 ---p 00000000 00:00 0 
7f97b3600000-7f97b4000000 rwxp 00000000 00:00 0 
7f97b4000000-7f97b4500000 rw-p 00000000 00:00 0 
7f97b4500000-7f97b8000000 ---p 00000000 00:00 0 
7f97b8000000-7f97b8021000 rw-p 00000000 00:00 0 
7f97b8021000-7f97bc000000 ---p 00000000 00:00 0 
7f97bc000000-7f97bc021000 rw-p 00000000 00:00 0 
7f97bc021000-7f97c0000000 ---p 00000000 00:00 0 
7f97c001a000-7f97c0032000 rwxp 00000000 00:00 0 
7f97c0032000-7f97c0064000 rwxp 00000000 00:00 0 
7f97c0064000-7f97c0065000 ---p 00000000 00:00 0 
7f97c0065000-7f97c0a65000 rwxp 00000000 00:00 0 
7f97c0a65000-7f97c0a6a000 r-xp 00000000 08:03 10223643                   /lib64/libnss_dns-2.12.so
7f97c0a6a000-7f97c0c69000 ---p 00005000 08:03 10223643                   /lib64/libnss_dns-2.12.so
7f97c0c69000-7f97c0c6a000 r--p 00004000 08:03 10223643                   /lib64/libnss_dns-2.12.so
7f97c0c6a000-7f97c0c6b000 rw-p 00005000 08:03 10223643                   /lib64/libnss_dns-2.12.so
7f97c0c6b000-7f97c0c77000 r-xp 00000000 08:03 10223645                   /lib64/libnss_files-2.12.so
7f97c0c77000-7f97c0e77000 ---p 0000c000 08:03 10223645                   /lib64/libnss_files-2.12.so
7f97c0e77000-7f97c0e78000 r--p 0000c000 08:03 10223645                   /lib64/libnss_files-2.12.so
7f97c0e78000-7f97c0e79000 rw-p 0000d000 08:03 10223645                   /lib64/libnss_files-2.12.so
7f97c0e9c000-7f97c0ea9000 r-xp 00000000 08:03 3805615                    /opt/caen/matlab-2012a/sys/java/jre/glnxa64/jre/lib/amd64/libverify.so
7f97c0ea9000-7f97c0fa8000 ---p 0000d000 08:03 3805615                    /opt/caen/matlab-2012a/sys/java/jre/glnxa64/jre/lib/amd64/libverify.so
7f97c0fa8000-7f97c0fab000 rw-p 0000c000 08:03 3805615                    /opt/caen/matlab-2012a/sys/java/jre/glnxa64/jre/lib/amd64/libverify.so
7f97c0fab000-7f97c1709000 r-xp 00000000 08:03 3805624                    /opt/caen/matlab-2012a/sys/java/jre/glnxa64/jre/lib/amd64/server/libjvm.so
7f97c1709000-7f97c1808000 ---p 0075e000 08:03 3805624                    /opt/caen/matlab-2012a/sys/java/jre/glnxa64/jre/lib/amd64/server/libjvm.so
7f97c1808000-7f97c1980000 rw-p 0075d000 08:03 3805624                    /opt/caen/matlab-2012a/sys/java/jre/glnxa64/jre/lib/amd64/server/libjvm.so
7f97c1980000-7f97c19be000 rw-p 00000000 00:00 0 
7f97c19be000-7f97c19e7000 r-xp 00000000 08:03 3805596                    /opt/caen/matlab-2012a/sys/java/jre/glnxa64/jre/lib/amd64/libjava.so
7f97c19e7000-7f97c1ae6000 ---p 00029000 08:03 3805596                    /opt/caen/matlab-2012a/sys/java/jre/glnxa64/jre/lib/amd64/libjava.so
7f97c1ae6000-7f97c1aed000 rw-p 00028000 08:03 3805596                    /opt/caen/matlab-2012a/sys/java/jre/glnxa64/jre/lib/amd64/libjava.so
7f97c1aed000-7f97c1aee000 ---p 00000000 00:00 0 
7f97c1aee000-7f97c24ee000 rwxp 00000000 00:00 0 
7f97c24ee000-7f97c24f1000 ---p 00000000 00:00 0 
7f97c24f1000-7f97c2eef000 rwxp 00000000 00:00 0 
7f97c2eef000-7f97c300f000 rw-p 00000000 00:00 0 
7f97c300f000-7f97c3010000 ---p 00000000 00:00 0 
7f97c3010000-7f97c37e0000 rwxp 00000000 00:00 0 
7f97c37e0000-7f97c37e2000 r-xp 00000000 08:03 3544444                    /opt/caen/matlab-2012a/bin/glnxa64/mklcompat.so
7f97c37e2000-7f97c39e1000 ---p 00002000 08:03 3544444                    /opt/caen/matlab-2012a/bin/glnxa64/mklcompat.so
7f97c39e1000-7f97c39e2000 rw-p 00001000 08:03 3544444                    /opt/caen/matlab-2012a/bin/glnxa64/mklcompat.so
7f97c39e2000-7f97c3aa1000 r-xp 00000000 08:03 3932535                    /opt/caen/matlab-2012a/sys/os/glnxa64/libiomp5.so
7f97c3aa1000-7f97c3ca0000 ---p 000bf000 08:03 3932535                    /opt/caen/matlab-2012a/sys/os/glnxa64/libiomp5.so
7f97c3ca0000-7f97c3ca9000 rw-p 000be000 08:03 3932535                    /opt/caen/matlab-2012a/sys/os/glnxa64/libiomp5.so
7f97c3ca9000-7f97c3cb0000 rw-p 00000000 00:00 0 
7f97c3cb0000-7f97c5b3b000 r-xp 00000000 08:03 3544113                    /opt/caen/matlab-2012a/bin/glnxa64/mkl.so
7f97c5b3b000-7f97c5d3b000 ---p 01e8b000 08:03 3544113                    /opt/caen/matlab-2012a/bin/glnxa64/mkl.so
7f97c5d3b000-7f97c5d7d000 rw-p 01e8b000 08:03 3544113                    /opt/caen/matlab-2012a/bin/glnxa64/mkl.so
7f97c5d7d000-7f97c5d82000 rw-p 00000000 00:00 0 
7f97c5d82000-7f97cbc13000 r--p 00000000 08:03 11017132                   /usr/lib/locale/locale-archive
7f97cbc13000-7f97cbc1b000 rw-p 00000000 00:00 0 
7f97cbc1b000-7f97cbc21000 r-xp 00000000 08:03 3543658                    /opt/caen/matlab-2012a/bin/glnxa64/libmwcolamd.so
7f97cbc21000-7f97cbe20000 ---p 00006000 08:03 3543658                    /opt/caen/matlab-2012a/bin/glnxa64/libmwcolamd.so
7f97cbe20000-7f97cbe21000 rw-p 00005000 08:03 3543658                    /opt/caen/matlab-2012a/bin/glnxa64/libmwcolamd.so
7f97cbe21000-7f97cbe29000 r-xp 00000000 08:03 3543628                    /opt/caen/matlab-2012a/bin/glnxa64/libmwamd.so
7f97cbe29000-7f97cc028000 ---p 00008000 08:03 3543628                    /opt/caen/matlab-2012a/bin/glnxa64/libmwamd.so
7f97cc028000-7f97cc029000 rw-p 00007000 08:03 3543628                    /opt/caen/matlab-2012a/bin/glnxa64/libmwamd.so
7f97cc029000-7f97cc02a000 rw-p 00000000 00:00 0 
7f97cc02a000-7f97cc06c000 r-xp 00000000 08:03 3543655                    /opt/caen/matlab-2012a/bin/glnxa64/libmwcholmod.so
7f97cc06c000-7f97cc26c000 ---p 00042000 08:03 3543655                    /opt/caen/matlab-2012a/bin/glnxa64/libmwcholmod.so
7f97cc26c000-7f97cc26d000 rw-p 00042000 08:03 3543655                    /opt/caen/matlab-2012a/bin/glnxa64/libmwcholmod.so
7f97cc26d000-7f97cc26e000 rw-p 00000000 00:00 0 
7f97cc26e000-7f97cc280000 r-xp 00000000 08:03 3543652                    /opt/caen/matlab-2012a/bin/glnxa64/libmwblas.so
7f97cc280000-7f97cc47f000 ---p 00012000 08:03 3543652                    /opt/caen/matlab-2012a/bin/glnxa64/libmwblas.so
7f97cc47f000-7f97cc481000 rw-p 00011000 08:03 3543652                    /opt/caen/matlab-2012a/bin/glnxa64/libmwblas.so
7f97cc481000-7f97cc483000 rw-p 00000000 00:00 0 
7f97cc483000-7f97cc487000 r-xp 00000000 08:03 3543821                    /opt/caen/matlab-2012a/bin/glnxa64/libmwompwrapper.so
7f97cc487000-7f97cc686000 ---p 00004000 08:03 3543821                    /opt/caen/matlab-2012a/bin/glnxa64/libmwompwrapper.so
7f97cc686000-7f97cc687000 rw-p 00003000 08:03 3543821                    /opt/caen/matlab-2012a/bin/glnxa64/libmwompwrapper.so
7f97cc687000-7f97cc690000 r-xp 00000000 08:03 3543651                    /opt/caen/matlab-2012a/bin/glnxa64/libmwbinder.so
7f97cc690000-7f97cc88f000 ---p 00009000 08:03 3543651                    /opt/caen/matlab-2012a/bin/glnxa64/libmwbinder.so
7f97cc88f000-7f97cc890000 rw-p 00008000 08:03 3543651                    /opt/caen/matlab-2012a/bin/glnxa64/libmwbinder.so
7f97cc890000-7f97cc891000 rw-p 00000000 00:00 0 
7f97cc891000-7f97cc954000 r-xp 00000000 08:03 3543789                    /opt/caen/matlab-2012a/bin/glnxa64/libmwmathcore.so
7f97cc954000-7f97ccb53000 ---p 000c3000 08:03 3543789                    /opt/caen/matlab-2012a/bin/glnxa64/libmwmathcore.so
7f97ccb53000-7f97ccb58000 rw-p 000c2000 08:03 3543789                    /opt/caen/matlab-2012a/bin/glnxa64/libmwmathcore.so
7f97ccb58000-7f97ccb59000 rw-p 00000000 00:00 0 
7f97ccb59000-7f97ccdde000 r-xp 00000000 08:03 3543543                    /opt/caen/matlab-2012a/bin/glnxa64/libhdf5.so.6.0.5
7f97ccdde000-7f97ccfde000 ---p 00285000 08:03 3543543                    /opt/caen/matlab-2012a/bin/glnxa64/libhdf5.so.6.0.5
7f97ccfde000-7f97ccfe9000 rw-p 00285000 08:03 3543543                    /opt/caen/matlab-2012a/bin/glnxa64/libhdf5.so.6.0.5
7f97ccfe9000-7f97ccfea000 rw-p 00000000 00:00 0 
7f97ccfea000-7f97cd005000 r-xp 00000000 08:03 3543545                    /opt/caen/matlab-2012a/bin/glnxa64/libhdf5_hl.so.6.0.5
7f97cd005000-7f97cd204000 ---p 0001b000 08:03 3543545                    /opt/caen/matlab-2012a/bin/glnxa64/libhdf5_hl.so.6.0.5
7f97cd204000-7f97cd205000 rw-p 0001a000 08:03 3543545                    /opt/caen/matlab-2012a/bin/glnxa64/libhdf5_hl.so.6.0.5
7f97cd205000-7f97cd218000 rw-p 00000000 00:00 0 
7f97cd218000-7f97cd499000 r-xp 00000000 08:03 3932501                    /opt/caen/matlab-2012a/sys/os/glnxa64/libXm.so.3.0.2
7f97cd499000-7f97cd699000 ---p 00281000 08:03 3932501                    /opt/caen/matlab-2012a/sys/os/glnxa64/libXm.so.3.0.2
7f97cd699000-7f97cd6c3000 rw-p 00281000 08:03 3932501                    /opt/caen/matlab-2012a/sys/os/glnxa64/libXm.so.3.0.2
7f97cd6c3000-7f97cd6c4000 rw-p 00000000 00:00 0 
7f97cd6c4000-7f97cd6d1000 r-xp 00000000 08:03 3543716                    /opt/caen/matlab-2012a/bin/glnxa64/libmwgbt.so
7f97cd6d1000-7f97cd8d1000 ---p 0000d000 08:03 3543716                    /opt/caen/matlab-2012a/bin/glnxa64/libmwgbt.so
7f97cd8d1000-7f97cd8d2000 rw-p 0000d000 08:03 3543716                    /opt/caen/matlab-2012a/bin/glnxa64/libmwgbt.so
7f97cd8d2000-7f97cd8d3000 rw-p 00000000 00:00 0 
7f97cd8d3000-7f97cd904000 r-xp 00000000 08:03 3543743                    /opt/caen/matlab-2012a/bin/glnxa64/libmwgbtutils.so
7f97cd904000-7f97cdb03000 ---p 00031000 08:03 3543743                    /opt/caen/matlab-2012a/bin/glnxa64/libmwgbtutils.so
7f97cdb03000-7f97cdb09000 rw-p 00030000 08:03 3543743                    /opt/caen/matlab-2012a/bin/glnxa64/libmwgbtutils.so
7f97cdb09000-7f97cdbba000 r-xp 00000000 08:03 3543773                    /opt/caen/matlab-2012a/bin/glnxa64/libmwlapack.so
7f97cdbba000-7f97cddb9000 ---p 000b1000 08:03 3543773                    /opt/caen/matlab-2012a/bin/glnxa64/libmwlapack.so
7f97cddb9000-7f97cddc3000 rw-p 000b0000 08:03 3543773                    /opt/caen/matlab-2012a/bin/glnxa64/libmwlapack.so
7f97cddc3000-7f97ce013000 r-xp 00000000 08:03 3543757                    /opt/caen/matlab-2012a/bin/glnxa64/libmwhgdatatypes.so
7f97ce013000-7f97ce212000 ---p 00250000 08:03 3543757                    /opt/caen/matlab-2012a/bin/glnxa64/libmwhgdatatypes.so
7f97ce212000-7f97ce22f000 rw-p 0024f000 08:03 3543757                    /opt/caen/matlab-2012a/bin/glnxa64/libmwhgdatatypes.so
7f97ce22f000-7f97ce231000 rw-p 00000000 00:00 0 
7f97ce231000-7f97ce262000 r-xp 00000000 08:03 3543738                    /opt/caen/matlab-2012a/bin/glnxa64/libmwhardcopy.so
7f97ce262000-7f97ce461000 ---p 00031000 08:03 3543738                    /opt/caen/matlab-2012a/bin/glnxa64/libmwhardcopy.so
7f97ce461000-7f97ce464000 rw-p 00030000 08:03 3543738                    /opt/caen/matlab-2012a/bin/glnxa64/libmwhardcopy.so
7f97ce464000-7f97ce474000 r-xp 00000000 08:03 3543735                    /opt/caen/matlab-2012a/bin/glnxa64/libmwgraphics_util.so
7f97ce474000-7f97ce673000 ---p 00010000 08:03 3543735                    /opt/caen/matlab-2012a/bin/glnxa64/libmwgraphics_util.so
7f97ce673000-7f97ce675000 rw-p 0000f000 08:03 3543735                    /opt/caen/matlab-2012a/bin/glnxa64/libmwgraphics_util.so
7f97ce675000-7f97ce676000 rw-p 00000000 00:00 0 
7f97ce676000-7f97ce68b000 r-xp 00000000 08:03 3543770                    /opt/caen/matlab-2012a/bin/glnxa64/libmwir_xfmr.so
7f97ce68b000-7f97ce88b000 ---p 00015000 08:03 3543770                    /opt/caen/matlab-2012a/bin/glnxa64/libmwir_xfmr.so
7f97ce88b000-7f97ce88c000 rw-p 00015000 08:03 3543770                    /opt/caen/matlab-2012a/bin/glnxa64/libmwir_xfmr.so
7f97ce88c000-7f97ce88e000 rw-p 00000000 00:00 0 
7f97ce88e000-7f97ce8f9000 r-xp 00000000 08:03 3543974                    /opt/caen/matlab-2012a/bin/glnxa64/libmwspmatrix.so
7f97ce8f9000-7f97ceaf9000 ---p 0006b000 08:03 3543974                    /opt/caen/matlab-2012a/bin/glnxa64/libmwspmatrix.so
7f97ceaf9000-7f97ceafa000 rw-p 0006b000 08:03 3543974                    /opt/caen/matlab-2012a/bin/glnxa64/libmwspmatrix.so
7f97ceafa000-7f97ceb1f000 r-xp 00000000 08:03 3543781                    /opt/caen/matlab-2012a/bin/glnxa64/libmwm_pcodegen.so
7f97ceb1f000-7f97ced1f000 ---p 00025000 08:03 3543781                    /opt/caen/matlab-2012a/bin/glnxa64/libmwm_pcodegen.so
7f97ced1f000-7f97ced21000 rw-p 00025000 08:03 3543781                    /opt/caen/matlab-2012a/bin/glnxa64/libmwm_pcodegen.so
7f97ced21000-7f97ced22000 rw-p 00000000 00:00 0 
7f97ced22000-7f97ced3b000 r-xp 00000000 08:03 3543782                    /opt/caen/matlab-2012a/bin/glnxa64/libmwm_pcodeio.so
7f97ced3b000-7f97cef3a000 ---p 00019000 08:03 3543782                    /opt/caen/matlab-2012a/bin/glnxa64/libmwm_pcodeio.so
7f97cef3a000-7f97cef3c000 rw-p 00018000 08:03 3543782                    /opt/caen/matlab-2012a/bin/glnxa64/libmwm_pcodeio.so
7f97cef3c000-7f97cef4c000 r-xp 00000000 08:03 3543811                    /opt/caen/matlab-2012a/bin/glnxa64/libmwmlib.so
7f97cef4c000-7f97cf14c000 ---p 00010000 08:03 3543811                    /opt/caen/matlab-2012a/bin/glnxa64/libmwmlib.so
7f97cf14c000-7f97cf14e000 rw-p 00010000 08:03 3543811                    /opt/caen/matlab-2012a/bin/glnxa64/libmwmlib.so
7f97cf14e000-7f97cf177000 r-xp 00000000 08:03 3543793                    /opt/caen/matlab-2012a/bin/glnxa64/libmwmathrng.so
7f97cf177000-7f97cf376000 ---p 00029000 08:03 3543793                    /opt/caen/matlab-2012a/bin/glnxa64/libmwmathrng.so
7f97cf376000-7f97cf378000 rw-p 00028000 08:03 3543793                    /opt/caen/matlab-2012a/bin/glnxa64/libmwmathrng.so
7f97cf378000-7f97cf37b000 rw-p 00000000 00:00 0 
7f97cf37b000-7f97cf430000 r-xp 00000000 08:03 3543795                    /opt/caen/matlab-2012a/bin/glnxa64/libmwmathutil.so
7f97cf430000-7f97cf62f000 ---p 000b5000 08:03 3543795                    /opt/caen/matlab-2012a/bin/glnxa64/libmwmathutil.so
7f97cf62f000-7f97cf630000 rw-p 000b4000 08:03 3543795                    /opt/caen/matlab-2012a/bin/glnxa64/libmwmathutil.so
7f97cf630000-7f97cf66c000 r-xp 00000000 08:03 3543911                    /opt/caen/matlab-2012a/bin/glnxa64/libmwprofiler.so
7f97cf66c000-7f97cf86b000 ---p 0003c000 08:03 3543911                    /opt/caen/matlab-2012a/bin/glnxa64/libmwprofiler.so
7f97cf86b000-7f97cf86e000 rw-p 0003b000 08:03 3543911                    /opt/caen/matlab-2012a/bin/glnxa64/libmwprofiler.so
7f97cf86e000-7f97cf8b8000 r-xp 00000000 08:03 3543578                    /opt/caen/matlab-2012a/bin/glnxa64/libmat.so
7f97cf8b8000-7f97cfab8000 ---p 0004a000 08:03 3543578                    /opt/caen/matlab-2012a/bin/glnxa64/libmat.so
7f97cfab8000-7f97cfabc000 rw-p 0004a000 08:03 3543578                    /opt/caen/matlab-2012a/bin/glnxa64/libmat.so
7f97cfabc000-7f97cfabd000 rw-p 00000000 00:00 0 
7f97cfabd000-7f97cfe75000 r-xp 00000000 08:03 3544109                    /opt/caen/matlab-2012a/bin/glnxa64/libxerces-c.so.27.0
7f97cfe75000-7f97d0074000 ---p 003b8000 08:03 3544109                    /opt/caen/matlab-2012a/bin/glnxa64/libxerces-c.so.27.0
7f97d0074000-7f97d00b8000 rw-p 003b7000 08:03 3544109                    /opt/caen/matlab-2012a/bin/glnxa64/libxerces-c.so.27.0
7f97d00b8000-7f97d00b9000 rw-p 00000000 00:00 0 
7f97d00b9000-7f97d012b000 r-xp 00000000 08:03 3544021                    /opt/caen/matlab-2012a/bin/glnxa64/libmwxmlcore.so
7f97d012b000-7f97d032a000 ---p 00072000 08:03 3544021                    /opt/caen/matlab-2012a/bin/glnxa64/libmwxmlcore.so
7f97d032a000-7f97d0332000 rw-p 00071000 08:03 3544021                    /opt/caen/matlab-2012a/bin/glnxa64/libmwxmlcore.so
7f97d0332000-7f97d0334000 rw-p 00000000 00:00 0 
7f97d0334000-7f97d0349000 r-xp 00000000 08:03 3543467                    /opt/caen/matlab-2012a/bin/glnxa64/libboost_iostreams.so.1.44.0
7f97d0349000-7f97d0549000 ---p 00015000 08:03 3543467                    /opt/caen/matlab-2012a/bin/glnxa64/libboost_iostreams.so.1.44.0
7f97d0549000-7f97d054b000 rw-p 00015000 08:03 3543467                    /opt/caen/matlab-2012a/bin/glnxa64/libboost_iostreams.so.1.44.0
7f97d054b000-7f97d06c1000 r-xp 00000000 08:03 3543994                    /opt/caen/matlab-2012a/bin/glnxa64/libmwuix.so
7f97d06c1000-7f97d08c1000 ---p 00176000 08:03 3543994                    /opt/caen/matlab-2012a/bin/glnxa64/libmwuix.so
7f97d08c1000-7f97d08d6000 rw-p 00176000 08:03 3543994                    /opt/caen/matlab-2012a/bin/glnxa64/libmwuix.so
7f97d08d6000-7f97d08db000 rw-p 00000000 00:00 0 
7f97d08db000-7f97d093b000 r-xp 00000000 08:03 3543779                    /opt/caen/matlab-2012a/bin/glnxa64/libmwm_ir.so
7f97d093b000-7f97d0b3a000 ---p 00060000 08:03 3543779                    /opt/caen/matlab-2012a/bin/glnxa64/libmwm_ir.so
7f97d0b3a000-7f97d0b43000 rw-p 0005f000 08:03 3543779                    /opt/caen/matlab-2012a/bin/glnxa64/libmwm_ir.so
7f97d0b43000-7f97d0b44000 rw-p 00000000 00:00 0 
7f97d0b44000-7f97d0b49000 r-xp 00000000 08:03 3543993                    /opt/caen/matlab-2012a/bin/glnxa64/libmwuinone.so
7f97d0b49000-7f97d0d49000 ---p 00005000 08:03 3543993                    /opt/caen/matlab-2012a/bin/glnxa64/libmwuinone.so
7f97d0d49000-7f97d0d4a000 rw-p 00005000 08:03 3543993                    /opt/caen/matlab-2012a/bin/glnxa64/libmwuinone.so
7f97d0d4a000-7f97d0df3000 r-xp 00000000 08:03 3543992                    /opt/caen/matlab-2012a/bin/glnxa64/libmwudd_mi.so
7f97d0df3000-7f97d0ff3000 ---p 000a9000 08:03 3543992                    /opt/caen/matlab-2012a/bin/glnxa64/libmwudd_mi.so
7f97d0ff3000-7f97d0fff000 rw-p 000a9000 08:03 3543992                    /opt/caen/matlab-2012a/bin/glnxa64/libmwudd_mi.so
7f97d0fff000-7f97d1000000 rw-p 00000000 00:00 0 
7f97d1000000-7f97d1045000 r-xp 00000000 08:03 3544092                    /opt/caen/matlab-2012a/bin/glnxa64/libuij.so
7f97d1045000-7f97d1245000 ---p 00045000 08:03 3544092                    /opt/caen/matlab-2012a/bin/glnxa64/libuij.so
7f97d1245000-7f97d1248000 rw-p 00045000 08:03 3544092                    /opt/caen/matlab-2012a/bin/glnxa64/libuij.so
7f97d1248000-7f97d1249000 rw-p 00000000 00:00 0 
7f97d1249000-7f97d1362000 r-xp 00000000 08:03 3543759                    /opt/caen/matlab-2012a/bin/glnxa64/libmwhgutils.so
7f97d1362000-7f97d1561000 ---p 00119000 08:03 3543759                    /opt/caen/matlab-2012a/bin/glnxa64/libmwhgutils.so
7f97d1561000-7f97d1577000 rw-p 00118000 08:03 3543759                    /opt/caen/matlab-2012a/bin/glnxa64/libmwhgutils.so
7f97d1577000-7f97d22d6000 r-xp 00000000 08:03 3543755                    /opt/caen/matlab-2012a/bin/glnxa64/libmwhg.so
7f97d22d6000-7f97d24d5000 ---p 00d5f000 08:03 3543755                    /opt/caen/matlab-2012a/bin/glnxa64/libmwhg.so
7f97d24d5000-7f97d25eb000 rw-p 00d5e000 08:03 3543755                    /opt/caen/matlab-2012a/bin/glnxa64/libmwhg.so
7f97d25eb000-7f97d25f8000 rw-p 00000000 00:00 0 
7f97d25f8000-7f97d270a000 r-xp 00000000 08:03 3543736                    /opt/caen/matlab-2012a/bin/glnxa64/libmwgui.so
7f97d270a000-7f97d2909000 ---p 00112000 08:03 3543736                    /opt/caen/matlab-2012a/bin/glnxa64/libmwgui.so
7f97d2909000-7f97d2945000 rw-p 00111000 08:03 3543736                    /opt/caen/matlab-2012a/bin/glnxa64/libmwgui.so
7f97d2945000-7f97d2947000 rw-p 00000000 00:00 0 
7f97d2947000-7f97d2bb6000 r-xp 00000000 08:03 3543803                    /opt/caen/matlab-2012a/bin/glnxa64/libmwmcos.so
7f97d2bb6000-7f97d2db6000 ---p 0026f000 08:03 3543803                    /opt/caen/matlab-2012a/bin/glnxa64/libmwmcos.so
7f97d2db6000-7f97d2de0000 rw-p 0026f000 08:03 3543803                    /opt/caen/matlab-2012a/bin/glnxa64/libmwmcos.so
7f97d2de0000-7f97d2de7000 r-xp 00000000 08:03 3543823                    /opt/caen/matlab-2012a/bin/glnxa64/libmwmtok.so
7f97d2de7000-7f97d2fe7000 ---p 00007000 08:03 3543823                    /opt/caen/matlab-2012a/bin/glnxa64/libmwmtok.so
7f97d2fe7000-7f97d2fe8000 rw-p 00007000 08:03 3543823                    /opt/caen/matlab-2012a/bin/glnxa64/libmwmtok.so
7f97d2fe8000-7f97d306d000 r-xp 00000000 08:03 3543797                    /opt/caen/matlab-2012a/bin/glnxa64/libmwmlint.so
7f97d306d000-7f97d326c000 ---p 00085000 08:03 3543797                    /opt/caen/matlab-2012a/bin/glnxa64/libmwmlint.so
7f97d326c000-7f97d3274000 rw-p 00084000 08:03 3543797                    /opt/caen/matlab-2012a/bin/glnxa64/libmwmlint.so
7f97d3274000-7f97d3276000 rw-p 00000000 00:00 0 
7f97d3276000-7f97d335a000 r-xp 00000000 08:03 3543991                    /opt/caen/matlab-2012a/bin/glnxa64/libmwudd.so
7f97d335a000-7f97d355a000 ---p 000e4000 08:03 3543991                    /opt/caen/matlab-2012a/bin/glnxa64/libmwudd.so
7f97d355a000-7f97d3571000 rw-p 000e4000 08:03 3543991                    /opt/caen/matlab-2012a/bin/glnxa64/libmwudd.so
7f97d3571000-7f97d3574000 rw-p 00000000 00:00 0 
7f97d3574000-7f97d37e0000 r-xp 00000000 08:03 3543780                    /opt/caen/matlab-2012a/bin/glnxa64/libmwm_parser.so
7f97d37e0000-7f97d39e0000 ---p 0026c000 08:03 3543780                    /opt/caen/matlab-2012a/bin/glnxa64/libmwm_parser.so
7f97d39e0000-7f97d3e82000 rw-p 0026c000 08:03 3543780                    /opt/caen/matlab-2012a/bin/glnxa64/libmwm_parser.so
7f97d3e82000-7f97d3e83000 rw-p 00000000 00:00 0 
7f97d3e83000-7f97d3ea3000 r-xp 00000000 08:03 3543579                    /opt/caen/matlab-2012a/bin/glnxa64/libmex.so
7f97d3ea3000-7f97d40a3000 ---p 00020000 08:03 3543579                    /opt/caen/matlab-2012a/bin/glnxa64/libmex.so
7f97d40a3000-7f97d40a5000 rw-p 00020000 08:03 3543579                    /opt/caen/matlab-2012a/bin/glnxa64/libmex.so
7f97d40a5000-7f97d40a6000 r-xp 00000000 08:03 3543812                    /opt/caen/matlab-2012a/bin/glnxa64/libmwnativejava_services.so
7f97d40a6000-7f97d42a6000 ---p 00001000 08:03 3543812                    /opt/caen/matlab-2012a/bin/glnxa64/libmwnativejava_services.so
7f97d42a6000-7f97d42a7000 rw-p 00001000 08:03 3543812                    /opt/caen/matlab-2012a/bin/glnxa64/libmwnativejava_services.so
7f97d42a7000-7f97d42a8000 rw-p 00000000 00:00 0 
7f97d42a8000-7f97d45f5000 r-xp 00000000 08:03 3543768                    /opt/caen/matlab-2012a/bin/glnxa64/libmwiqm.so
7f97d45f5000-7f97d47f4000 ---p 0034d000 08:03 3543768                    /opt/caen/matlab-2012a/bin/glnxa64/libmwiqm.so
7f97d47f4000-7f97d481a000 rw-p 0034c000 08:03 3543768                    /opt/caen/matlab-2012a/bin/glnxa64/libmwiqm.so
7f97d481a000-7f97d4821000 rw-p 00000000 00:00 0 
7f97d4821000-7f97d4890000 r-xp 00000000 08:03 3543490                    /opt/caen/matlab-2012a/bin/glnxa64/libboost_serialization.so.1.44.0
7f97d4890000-7f97d4a90000 ---p 0006f000 08:03 3543490                    /opt/caen/matlab-2012a/bin/glnxa64/libboost_serialization.so.1.44.0
7f97d4a90000-7f97d4a94000 rw-p 0006f000 08:03 3543490                    /opt/caen/matlab-2012a/bin/glnxa64/libboost_serialization.so.1.44.0
7f97d4a94000-7f97d4aa7000 r-xp 00000000 08:03 3543604                    /opt/caen/matlab-2012a/bin/glnxa64/libmwMATLAB_settings_res.so
7f97d4aa7000-7f97d4ca6000 ---p 00013000 08:03 3543604                    /opt/caen/matlab-2012a/bin/glnxa64/libmwMATLAB_settings_res.so
7f97d4ca6000-7f97d4ca7000 rw-p 00012000 08:03 3543604                    /opt/caen/matlab-2012a/bin/glnxa64/libmwMATLAB_settings_res.so
7f97d4ca7000-7f97d4cb8000 r-xp 00000000 08:03 3543808                    /opt/caen/matlab-2012a/bin/glnxa64/libmwmfl_scalar.so
7f97d4cb8000-7f97d4eb7000 ---p 00011000 08:03 3543808                    /opt/caen/matlab-2012a/bin/glnxa64/libmwmfl_scalar.so
7f97d4eb7000-7f97d4eb8000 rw-p 00010000 08:03 3543808                    /opt/caen/matlab-2012a/bin/glnxa64/libmwmfl_scalar.so
7f97d4eb8000-7f97d4eb9000 rw-p 00000000 00:00 0 
7f97d4eb9000-7f97d533f000 r-xp 00000000 08:03 3543813                    /opt/caen/matlab-2012a/bin/glnxa64/libmwmlutil.so
7f97d533f000-7f97d553e000 ---p 00486000 08:03 3543813                    /opt/caen/matlab-2012a/bin/glnxa64/libmwmlutil.so
7f97d553e000-7f97d556b000 rw-p 00485000 08:03 3543813                    /opt/caen/matlab-2012a/bin/glnxa64/libmwmlutil.so
7f97d556b000-7f97d5577000 rw-p 00000000 00:00 0 
7f97d5577000-7f97d558d000 r-xp 00000000 08:03 3932755                    /opt/caen/matlab-2012a/sys/os/glnxa64/libz.so.1.2.6
7f97d558d000-7f97d578c000 ---p 00016000 08:03 3932755                    /opt/caen/matlab-2012a/sys/os/glnxa64/libz.so.1.2.6
7f97d578c000-7f97d578d000 rw-p 00015000 08:03 3932755                    /opt/caen/matlab-2012a/sys/os/glnxa64/libz.so.1.2.6
7f97d578d000-7f97d578e000 rw-p 00000000 00:00 0 
7f97d578e000-7f97d57a1000 r-xp 00000000 08:03 3543491                    /opt/caen/matlab-2012a/bin/glnxa64/libboost_signals.so.1.44.0
7f97d57a1000-7f97d59a0000 ---p 00013000 08:03 3543491                    /opt/caen/matlab-2012a/bin/glnxa64/libboost_signals.so.1.44.0
7f97d59a0000-7f97d59a1000 rw-p 00012000 08:03 3543491                    /opt/caen/matlab-2012a/bin/glnxa64/libboost_signals.so.1.44.0
7f97d59a1000-7f97d59a2000 rw-p 00000000 00:00 0 
7f97d59a2000-7f97d5aa8000 r-xp 00000000 08:03 3543489                    /opt/caen/matlab-2012a/bin/glnxa64/libboost_regex.so.1.44.0
7f97d5aa8000-7f97d5ca8000 ---p 00106000 08:03 3543489                    /opt/caen/matlab-2012a/bin/glnxa64/libboost_regex.so.1.44.0
7f97d5ca8000-7f97d5caf000 rw-p 00106000 08:03 3543489                    /opt/caen/matlab-2012a/bin/glnxa64/libboost_regex.so.1.44.0
7f97d5caf000-7f97d5cd0000 r-xp 00000000 08:03 3543465                    /opt/caen/matlab-2012a/bin/glnxa64/libboost_filesystem.so.1.44.0
7f97d5cd0000-7f97d5ecf000 ---p 00021000 08:03 3543465                    /opt/caen/matlab-2012a/bin/glnxa64/libboost_filesystem.so.1.44.0
7f97d5ecf000-7f97d5ed1000 rw-p 00020000 08:03 3543465                    /opt/caen/matlab-2012a/bin/glnxa64/libboost_filesystem.so.1.44.0
7f97d5ed1000-7f97d61c1000 r-xp 00000000 08:03 3543603                    /opt/caen/matlab-2012a/bin/glnxa64/libmwMATLAB_res.so
7f97d61c1000-7f97d63c0000 ---p 002f0000 08:03 3543603                    /opt/caen/matlab-2012a/bin/glnxa64/libmwMATLAB_res.so
7f97d63c0000-7f97d63c2000 rw-p 002ef000 08:03 3543603                    /opt/caen/matlab-2012a/bin/glnxa64/libmwMATLAB_res.so
7f97d63c2000-7f97d63ce000 rw-p 00000000 00:00 0 
7f97d63ce000-7f97d63d0000 r-xp 00000000 08:03 3543946                    /opt/caen/matlab-2012a/bin/glnxa64/libmwresource_core.so
7f97d63d0000-7f97d65cf000 ---p 00002000 08:03 3543946                    /opt/caen/matlab-2012a/bin/glnxa64/libmwresource_core.so
7f97d65cf000-7f97d65d0000 rw-p 00001000 08:03 3543946                    /opt/caen/matlab-2012a/bin/glnxa64/libmwresource_core.so
7f97d65d0000-7f97d65ea000 r-xp 00000000 08:03 3544106                    /opt/caen/matlab-2012a/bin/glnxa64/libtbbmalloc.so.2
7f97d65ea000-7f97d66e9000 ---p 0001a000 08:03 3544106                    /opt/caen/matlab-2012a/bin/glnxa64/libtbbmalloc.so.2
7f97d66e9000-7f97d66ec000 rw-p 00019000 08:03 3544106                    /opt/caen/matlab-2012a/bin/glnxa64/libtbbmalloc.so.2
7f97d66ec000-7f97d66fa000 rw-p 00000000 00:00 0 
7f97d66fa000-7f97d6734000 r-xp 00000000 08:03 3544105                    /opt/caen/matlab-2012a/bin/glnxa64/libtbb.so.2
7f97d6734000-7f97d6834000 ---p 0003a000 08:03 3544105                    /opt/caen/matlab-2012a/bin/glnxa64/libtbb.so.2
7f97d6834000-7f97d6838000 rw-p 0003a000 08:03 3544105                    /opt/caen/matlab-2012a/bin/glnxa64/libtbb.so.2
7f97d6838000-7f97d6839000 rw-p 00000000 00:00 0 
7f97d6839000-7f97d6844000 r-xp 00000000 08:03 3543551                    /opt/caen/matlab-2012a/bin/glnxa64/libicuio.so.44.2
7f97d6844000-7f97d6a44000 ---p 0000b000 08:03 3543551                    /opt/caen/matlab-2012a/bin/glnxa64/libicuio.so.44.2
7f97d6a44000-7f97d6a46000 rw-p 0000b000 08:03 3543551                    /opt/caen/matlab-2012a/bin/glnxa64/libicuio.so.44.2
7f97d6a46000-7f97d6c38000 r-xp 00000000 08:03 3543549                    /opt/caen/matlab-2012a/bin/glnxa64/libicui18n.so.44.2
7f97d6c38000-7f97d6e37000 ---p 001f2000 08:03 3543549                    /opt/caen/matlab-2012a/bin/glnxa64/libicui18n.so.44.2
7f97d6e37000-7f97d6e43000 rw-p 001f1000 08:03 3543549                    /opt/caen/matlab-2012a/bin/glnxa64/libicui18n.so.44.2
7f97d6e43000-7f97d6e44000 rw-p 00000000 00:00 0 
7f97d6e44000-7f97d6f95000 r-xp 00000000 08:03 3543584                    /opt/caen/matlab-2012a/bin/glnxa64/libicuuc.so.44.2
7f97d6f95000-7f97d7195000 ---p 00151000 08:03 3543584                    /opt/caen/matlab-2012a/bin/glnxa64/libicuuc.so.44.2
7f97d7195000-7f97d71a5000 rw-p 00151000 08:03 3543584                    /opt/caen/matlab-2012a/bin/glnxa64/libicuuc.so.44.2
7f97d71a5000-7f97d71a8000 rw-p 00000000 00:00 0 
7f97d71a8000-7f97d7fe8000 r--p 00000000 08:03 3543548                    /opt/caen/matlab-2012a/bin/glnxa64/libicudata.so.44.2
7f97d7fe8000-7f97d81e7000 ---p 00e40000 08:03 3543548                    /opt/caen/matlab-2012a/bin/glnxa64/libicudata.so.44.2
7f97d81e7000-7f97d81e8000 rw-p 00e3f000 08:03 3543548                    /opt/caen/matlab-2012a/bin/glnxa64/libicudata.so.44.2
7f97d81e8000-7f97d820e000 r-xp 00000000 08:03 3543509                    /opt/caen/matlab-2012a/bin/glnxa64/libexpat.so.1.5.0
7f97d820e000-7f97d840d000 ---p 00026000 08:03 3543509                    /opt/caen/matlab-2012a/bin/glnxa64/libexpat.so.1.5.0
7f97d840d000-7f97d8410000 rw-p 00025000 08:03 3543509                    /opt/caen/matlab-2012a/bin/glnxa64/libexpat.so.1.5.0
7f97d8410000-7f97d8411000 rw-p 00000000 00:00 0 
7f97d8411000-7f97d8427000 r-xp 00000000 08:03 3543515                    /opt/caen/matlab-2012a/bin/glnxa64/libboost_thread.so.1.44.0
7f97d8427000-7f97d8626000 ---p 00016000 08:03 3543515                    /opt/caen/matlab-2012a/bin/glnxa64/libboost_thread.so.1.44.0
7f97d8626000-7f97d8628000 rw-p 00015000 08:03 3543515                    /opt/caen/matlab-2012a/bin/glnxa64/libboost_thread.so.1.44.0
7f97d8628000-7f97d862a000 r-xp 00000000 08:03 3543492                    /opt/caen/matlab-2012a/bin/glnxa64/libboost_system.so.1.44.0
7f97d862a000-7f97d882a000 ---p 00002000 08:03 3543492                    /opt/caen/matlab-2012a/bin/glnxa64/libboost_system.so.1.44.0
7f97d882a000-7f97d882b000 rw-p 00002000 08:03 3543492                    /opt/caen/matlab-2012a/bin/glnxa64/libboost_system.so.1.44.0
7f97d882b000-7f97d883c000 r-xp 00000000 08:03 3543464                    /opt/caen/matlab-2012a/bin/glnxa64/libboost_date_time.so.1.44.0
7f97d883c000-7f97d8a3b000 ---p 00011000 08:03 3543464                    /opt/caen/matlab-2012a/bin/glnxa64/libboost_date_time.so.1.44.0
7f97d8a3b000-7f97d8a3d000 rw-p 00010000 08:03 3543464                    /opt/caen/matlab-2012a/bin/glnxa64/libboost_date_time.so.1.44.0
7f97d8a3d000-7f97d8a3f000 rw-p 00000000 00:00 0 
7f97d8a3f000-7f97d8a55000 r-xp 00000000 08:03 3543514                    /opt/caen/matlab-2012a/bin/glnxa64/libgcc_s.so.1
7f97d8a55000-7f97d8c54000 ---p 00016000 08:03 3543514                    /opt/caen/matlab-2012a/bin/glnxa64/libgcc_s.so.1
7f97d8c54000-7f97d8c55000 rw-p 00015000 08:03 3543514                    /opt/caen/matlab-2012a/bin/glnxa64/libgcc_s.so.1
7f97d8c55000-7f97d8c56000 rw-p 00000000 00:00 0 
7f97d8c68000-7f97d8c70000 rw-s 00000000 08:05 12058845                   /tmp/hsperfdata_pelops/3595
7f97d8c70000-7f97d8c71000 rw-p 00000000 00:00 0 
7f97d8c71000-7f97d8c72000 r--p 00000000 00:00 0 
7f97d8c72000-7f97d8c79000 r--s 00000000 08:03 11294756                   /usr/lib64/gconv/gconv-modules.cache
7f97d8c79000-7f97d8d6a000 r-xp 00000000 08:03 3544077                    /opt/caen/matlab-2012a/bin/glnxa64/libstdc++.so.6.0.13
7f97d8d6a000-7f97d8f6a000 ---p 000f1000 08:03 3544077                    /opt/caen/matlab-2012a/bin/glnxa64/libstdc++.so.6.0.13
7f97d8f6a000-7f97d8f71000 r--p 000f1000 08:03 3544077                    /opt/caen/matlab-2012a/bin/glnxa64/libstdc++.so.6.0.13
7f97d8f71000-7f97d8f73000 rw-p 000f8000 08:03 3544077                    /opt/caen/matlab-2012a/bin/glnxa64/libstdc++.so.6.0.13
7f97d8f73000-7f97d8f88000 rw-p 00000000 00:00 0 
7f97d8f88000-7f97d9017000 r-xp 00000000 08:03 3543760                    /opt/caen/matlab-2012a/bin/glnxa64/libmwi18n.so
7f97d9017000-7f97d9216000 ---p 0008f000 08:03 3543760                    /opt/caen/matlab-2012a/bin/glnxa64/libmwi18n.so
7f97d9216000-7f97d921c000 rw-p 0008e000 08:03 3543760                    /opt/caen/matlab-2012a/bin/glnxa64/libmwi18n.so
7f97d921c000-7f97d9750000 r-xp 00000000 08:03 3543778                    /opt/caen/matlab-2012a/bin/glnxa64/libmwm_interpreter.so
7f97d9750000-7f97d994f000 ---p 00534000 08:03 3543778                    /opt/caen/matlab-2012a/bin/glnxa64/libmwm_interpreter.so
7f97d994f000-7f97d9a2c000 rw-p 00533000 08:03 3543778                    /opt/caen/matlab-2012a/bin/glnxa64/libmwm_interpreter.so
7f97d9a2c000-7f97d9ac7000 rw-p 00000000 00:00 0 
7f97d9ac7000-7f97d9b5c000 r-xp 00000000 08:03 3543777                    /opt/caen/matlab-2012a/bin/glnxa64/libmwm_dispatcher.so
7f97d9b5c000-7f97d9d5b000 ---p 00095000 08:03 3543777                    /opt/caen/matlab-2012a/bin/glnxa64/libmwm_dispatcher.so
7f97d9d5b000-7f97d9d62000 rw-p 00094000 08:03 3543777                    /opt/caen/matlab-2012a/bin/glnxa64/libmwm_dispatcher.so
7f97d9d62000-7f97d9ecc000 r-xp 00000000 08:03 3543805                    /opt/caen/matlab-2012a/bin/glnxa64/libmwmcr.so
7f97d9ecc000-7f97da0cc000 ---p 0016a000 08:03 3543805                    /opt/caen/matlab-2012a/bin/glnxa64/libmwmcr.so
7f97da0cc000-7f97da0de000 rw-p 0016a000 08:03 3543805                    /opt/caen/matlab-2012a/bin/glnxa64/libmwmcr.so
7f97da0de000-7f97da0e1000 rw-p 00000000 00:00 0 
7f97da0e1000-7f97da113000 r-xp 00000000 08:03 3543661                    /opt/caen/matlab-2012a/bin/glnxa64/libmwbridge.so
7f97da113000-7f97da313000 ---p 00032000 08:03 3543661                    /opt/caen/matlab-2012a/bin/glnxa64/libmwbridge.so
7f97da313000-7f97da316000 rw-p 00032000 08:03 3543661                    /opt/caen/matlab-2012a/bin/glnxa64/libmwbridge.so
7f97da316000-7f97da31d000 rw-p 00000000 00:00 0 
7f97da31d000-7f97da3bd000 r-xp 00000000 08:03 3543771                    /opt/caen/matlab-2012a/bin/glnxa64/libmwjmi.so
7f97da3bd000-7f97da5bc000 ---p 000a0000 08:03 3543771                    /opt/caen/matlab-2012a/bin/glnxa64/libmwjmi.so
7f97da5bc000-7f97da5c4000 rw-p 0009f000 08:03 3543771                    /opt/caen/matlab-2012a/bin/glnxa64/libmwjmi.so
7f97da5c4000-7f97da5c5000 rw-p 00000000 00:00 0 
7f97da5c5000-7f97da833000 r-xp 00000000 08:03 3543938                    /opt/caen/matlab-2012a/bin/glnxa64/libmwservices.so
7f97da833000-7f97daa32000 ---p 0026e000 08:03 3543938                    /opt/caen/matlab-2012a/bin/glnxa64/libmwservices.so
7f97daa32000-7f97daa49000 rw-p 0026d000 08:03 3543938                    /opt/caen/matlab-2012a/bin/glnxa64/libmwservices.so
7f97daa49000-7f97daa57000 rw-p 00000000 00:00 0 
7f97daa57000-7f97daa94000 r-xp 00000000 08:03 3543818                    /opt/caen/matlab-2012a/bin/glnxa64/libmwmpath.so
7f97daa94000-7f97dac94000 ---p 0003d000 08:03 3543818                    /opt/caen/matlab-2012a/bin/glnxa64/libmwmpath.so
7f97dac94000-7f97dac97000 rw-p 0003d000 08:03 3543818                    /opt/caen/matlab-2012a/bin/glnxa64/libmwmpath.so
7f97dac97000-7f97dac9b000 rw-p 00000000 00:00 0 
7f97dac9b000-7f97dad51000 r-xp 00000000 08:03 3544024                    /opt/caen/matlab-2012a/bin/glnxa64/libmx.so
7f97dad51000-7f97daf50000 ---p 000b6000 08:03 3544024                    /opt/caen/matlab-2012a/bin/glnxa64/libmx.so
7f97daf50000-7f97daf55000 rw-p 000b5000 08:03 3544024                    /opt/caen/matlab-2012a/bin/glnxa64/libmx.so
7f97daf55000-7f97db033000 r-xp 00000000 08:03 3543714                    /opt/caen/matlab-2012a/bin/glnxa64/libmwfl.so
7f97db033000-7f97db232000 ---p 000de000 08:03 3543714                    /opt/caen/matlab-2012a/bin/glnxa64/libmwfl.so
7f97db232000-7f97db23c000 rw-p 000dd000 08:03 3543714                    /opt/caen/matlab-2012a/bin/glnxa64/libmwfl.so
7f97db23c000-7f97db24c000 rw-p 00000000 00:00 0 
7f97db24c000-7f97db322000 r-xp 00000000 08:03 3544093                    /opt/caen/matlab-2012a/bin/glnxa64/libut.so
7f97db322000-7f97db522000 ---p 000d6000 08:03 3544093                    /opt/caen/matlab-2012a/bin/glnxa64/libut.so
7f97db522000-7f97db52e000 rw-p 000d6000 08:03 3544093                    /opt/caen/matlab-2012a/bin/glnxa64/libut.so
7f97db52e000-7f97db542000 rw-p 00000000 00:00 0 
7fffacbc7000-7fffacbdb000 rwxp 00000000 00:00 0                          [stack]
7fffacbdb000-7fffacbdd000 rw-p 00000000 00:00 0 
7fffacbff000-7fffacc00000 r-xp 00000000 00:00 0                          [vdso]
ffffffffff600000-ffffffffff601000 r-xp 00000000 00:00 0                  [vsyscall]

VM Arguments:
jvm_args: -Xms64m -XX:NewRatio=3 -XX:MaxPermSize=128m -Xmx196m -XX:MaxDirectMemorySize=2147400000 -XX:+AllowUserSignalHandlers -Xrs -Dsun.awt.disableMixing=true -Djava.library.path=/opt/caen/matlab-2012a/bin/glnxa64 vfprintf abort -Djava.awt.headless=true -Xrs -Duser.language=en -Duser.country=US -Dfile.encoding=UTF-8 
java_command: <unknown>
Launcher Type: generic

Environment Variables:
PATH=/opt/caen/matlab-2012a/bin:/opt/caen/matlab-2012a/bin/glnxa64:/usr/lib64/qt-3.3/bin:/usr/caen/bin:/usr/um/bin:/usr/local/bin:/bin:/usr/bin
LD_LIBRARY_PATH=/opt/caen/matlab-2012a/sys/os/glnxa64:/opt/caen/matlab-2012a/bin/glnxa64:/opt/caen/matlab-2012a/extern/lib/glnxa64:/opt/caen/matlab-2012a/runtime/glnxa64:/opt/caen/matlab-2012a/sys/java/jre/glnxa64/jre/lib/amd64/native_threads:/opt/caen/matlab-2012a/sys/java/jre/glnxa64/jre/lib/amd64/server:/opt/caen/matlab-2012a/sys/java/jre/glnxa64/jre/lib/amd64:/opt/caen/matlab-2012a/toolbox/NAG/mex.a64:/opt/caen/matlab-2012a/bin/glnxa64/:/opt/caen/matlab-2012a/runtime/glnxa64/:/opt/caen/matlab-2012a/sys/os/glnxa64/:/opt/caen/matlab-2012a/sys/java/jre/glnxa64/jre/lib/amd64/native_threads:/opt/caen/matlab-2012a/sys/java/jre/glnxa64/jre/lib/amd64/server/:/opt/caen/matlab-2012a/sys/java/jre/glnxa64/jre/lib/amd64/client:/opt/caen/matlab-2012a/sys/java/jre/glnxa64/jre/lib/amd64
SHELL=/bin/csh
DISPLAY=
HOSTTYPE=x86_64-linux
OSTYPE=linux
ARCH=glnxa64
MACHTYPE=x86_64

Signal Handlers:
SIGSEGV: [libjvm.so+0x6bddc0], sa_mask[0]=0x7ffbfeff, sa_flags=0x10000004
SIGBUS: [libjvm.so+0x6bddc0], sa_mask[0]=0x7ffbfeff, sa_flags=0x10000004
SIGFPE: [libjvm.so+0x594f90], sa_mask[0]=0x7ffbfeff, sa_flags=0x10000004
SIGPIPE: [libjvm.so+0x594f90], sa_mask[0]=0x7ffbfeff, sa_flags=0x10000004
SIGXFSZ: [libjvm.so+0x594f90], sa_mask[0]=0x7ffbfeff, sa_flags=0x10000004
SIGILL: [libjvm.so+0x594f90], sa_mask[0]=0x7ffbfeff, sa_flags=0x10000004
SIGUSR1: SIG_DFL, sa_mask[0]=0x00000000, sa_flags=0x00000000
SIGUSR2: [libjvm.so+0x597750], sa_mask[0]=0x08080002, sa_flags=0x10000004
SIGHUP: SIG_DFL, sa_mask[0]=0x00000000, sa_flags=0x00000000
SIGINT: SIG_DFL, sa_mask[0]=0x00000000, sa_flags=0x00000000
SIGTERM: SIG_DFL, sa_mask[0]=0x00000000, sa_flags=0x00000000
SIGQUIT: [libmwmcr.so+0x131430], sa_mask[0]=0x08080002, sa_flags=0x00000004


---------------  S Y S T E M  ---------------

OS:Red Hat Enterprise Linux Workstation release 6.3 (Santiago)

uname:Linux 2.6.32-279.14.1.el6.x86_64 #1 SMP Mon Oct 15 13:44:51 EDT 2012 x86_64
libc:glibc 2.12 NPTL 2.12 
rlimit: STACK 10240k, CORE 0k, NPROC 200, NOFILE 4096, AS 20000000k
load average:0.40 0.23 0.14

CPU:total 24 (16 cores per cpu, 2 threads per core) family 6 model 44 stepping 2, cmov, cx8, fxsr, mmx, sse, sse2, sse3, ssse3, sse4.1, sse4.2, ht

Memory: 4k page, physical 65956500k(39103772k free), swap 12582904k(12432204k free)

vm_info: Java HotSpot(TM) 64-Bit Server VM (14.3-b01) for linux-amd64 JRE (1.6.0_17-b04), built on Oct 11 2009 01:08:48 by "java_re" with gcc 3.2.2 (SuSE Linux)

time: Tue Dec 18 20:49:24 2012
elapsed time: 0 seconds

