#
# A fatal error has been detected by the Java Runtime Environment:
#
# java.lang.OutOfMemoryError: Cannot create GC thread. Out of system resources.
#
#  Internal Error (gcTaskThread.cpp:38), pid=3596, tid=140032757495552
#  Error: Cannot create GC thread. Out of system resources.
#
# JRE version: 6.0_17-b04
# Java VM: Java HotSpot(TM) 64-Bit Server VM (14.3-b01 mixed mode linux-amd64 )
# If you would like to submit a bug report, please visit:
#   http://java.sun.com/webapps/bugreport/crash.jsp
#

---------------  T H R E A D  ---------------

Current thread (0x00007f5bdc447000):  JavaThread "Unknown thread" [_thread_in_vm, id=3617, stack(0x00007f5bea247000,0x00007f5beac48000)]

Stack: [0x00007f5bea247000,0x00007f5beac48000],  sp=0x00007f5beac45cd0,  free space=10235k
Native frames: (J=compiled Java code, j=interpreted, Vv=VM code, C=native code)
V  [libjvm.so+0x6bd1ef]
V  [libjvm.so+0x2be6c8]
V  [libjvm.so+0x33a2fd]
V  [libjvm.so+0x338e3e]
V  [libjvm.so+0x338bd3]
V  [libjvm.so+0x5a87c7]
V  [libjvm.so+0x697695]
V  [libjvm.so+0x69732a]
V  [libjvm.so+0x377cd0]
V  [libjvm.so+0x67f5af]
V  [libjvm.so+0x3def30]
C  [libmwjmi.so+0x6e029]  _Z9InitSunVMN5boost8optionalIKSt6vectorISsSaISsEEEE+0x1129
C  [libmwjmi.so+0x6eb5f]
C  [libmwjmi.so+0x6eca9]
C  [libmwjmi.so+0x5ceb1]  _Z7mljInitv+0x21
C  [libmwmcr.so+0x106205]
C  [libmwmcr.so+0xf8bf4]
C  [libmwmcr.so+0xf8d97]


---------------  P R O C E S S  ---------------

Java Threads: ( => current thread )

Other Threads:

=>0x00007f5bdc447000 (exited) JavaThread "Unknown thread" [_thread_in_vm, id=3617, stack(0x00007f5bea247000,0x00007f5beac48000)]

VM state:not at safepoint (not fully initialized)

VM Mutex/Monitor currently owned by a thread: None

Dynamic libraries:
00400000-00406000 r-xp 00000000 08:03 3543364                            /opt/caen/matlab-2012a/bin/glnxa64/MATLAB
00606000-00607000 rw-p 00006000 08:03 3543364                            /opt/caen/matlab-2012a/bin/glnxa64/MATLAB
01a40000-01bac000 rw-p 00000000 00:00 0                                  [heap]
3b7f400000-3b7f420000 r-xp 00000000 08:03 10224046                       /lib64/ld-2.12.so
3b7f61f000-3b7f620000 r--p 0001f000 08:03 10224046                       /lib64/ld-2.12.so
3b7f620000-3b7f621000 rw-p 00020000 08:03 10224046                       /lib64/ld-2.12.so
3b7f621000-3b7f622000 rw-p 00000000 00:00 0 
3b7f800000-3b7f989000 r-xp 00000000 08:03 10224047                       /lib64/libc-2.12.so
3b7f989000-3b7fb88000 ---p 00189000 08:03 10224047                       /lib64/libc-2.12.so
3b7fb88000-3b7fb8c000 r--p 00188000 08:03 10224047                       /lib64/libc-2.12.so
3b7fb8c000-3b7fb8d000 rw-p 0018c000 08:03 10224047                       /lib64/libc-2.12.so
3b7fb8d000-3b7fb92000 rw-p 00000000 00:00 0 
3b7fc00000-3b7fc83000 r-xp 00000000 08:03 10224048                       /lib64/libm-2.12.so
3b7fc83000-3b7fe82000 ---p 00083000 08:03 10224048                       /lib64/libm-2.12.so
3b7fe82000-3b7fe83000 r--p 00082000 08:03 10224048                       /lib64/libm-2.12.so
3b7fe83000-3b7fe84000 rw-p 00083000 08:03 10224048                       /lib64/libm-2.12.so
3b80000000-3b80002000 r-xp 00000000 08:03 10224145                       /lib64/libdl-2.12.so
3b80002000-3b80202000 ---p 00002000 08:03 10224145                       /lib64/libdl-2.12.so
3b80202000-3b80203000 r--p 00002000 08:03 10224145                       /lib64/libdl-2.12.so
3b80203000-3b80204000 rw-p 00003000 08:03 10224145                       /lib64/libdl-2.12.so
3b80400000-3b80417000 r-xp 00000000 08:03 10224144                       /lib64/libpthread-2.12.so
3b80417000-3b80617000 ---p 00017000 08:03 10224144                       /lib64/libpthread-2.12.so
3b80617000-3b80618000 r--p 00017000 08:03 10224144                       /lib64/libpthread-2.12.so
3b80618000-3b80619000 rw-p 00018000 08:03 10224144                       /lib64/libpthread-2.12.so
3b80619000-3b8061d000 rw-p 00000000 00:00 0 
3b80c00000-3b80c07000 r-xp 00000000 08:03 10224161                       /lib64/librt-2.12.so
3b80c07000-3b80e06000 ---p 00007000 08:03 10224161                       /lib64/librt-2.12.so
3b80e06000-3b80e07000 r--p 00006000 08:03 10224161                       /lib64/librt-2.12.so
3b80e07000-3b80e08000 rw-p 00007000 08:03 10224161                       /lib64/librt-2.12.so
3b81800000-3b81816000 r-xp 00000000 08:03 10224149                       /lib64/libresolv-2.12.so
3b81816000-3b81a16000 ---p 00016000 08:03 10224149                       /lib64/libresolv-2.12.so
3b81a16000-3b81a17000 r--p 00016000 08:03 10224149                       /lib64/libresolv-2.12.so
3b81a17000-3b81a18000 rw-p 00017000 08:03 10224149                       /lib64/libresolv-2.12.so
3b81a18000-3b81a1a000 rw-p 00000000 00:00 0 
3b82000000-3b8201b000 r-xp 00000000 08:03 11045679                       /usr/lib64/libxcb.so.1.1.0
3b8201b000-3b8221a000 ---p 0001b000 08:03 11045679                       /usr/lib64/libxcb.so.1.1.0
3b8221a000-3b8221b000 rw-p 0001a000 08:03 11045679                       /usr/lib64/libxcb.so.1.1.0
3b82400000-3b82539000 r-xp 00000000 08:03 11045680                       /usr/lib64/libX11.so.6.3.0
3b82539000-3b82739000 ---p 00139000 08:03 11045680                       /usr/lib64/libX11.so.6.3.0
3b82739000-3b8273f000 rw-p 00139000 08:03 11045680                       /usr/lib64/libX11.so.6.3.0
3b82800000-3b82802000 r-xp 00000000 08:03 11010720                       /usr/lib64/libXau.so.6.0.0
3b82802000-3b82a02000 ---p 00002000 08:03 11010720                       /usr/lib64/libXau.so.6.0.0
3b82a02000-3b82a03000 rw-p 00002000 08:03 11010720                       /usr/lib64/libXau.so.6.0.0
3b83000000-3b83011000 r-xp 00000000 08:03 11045681                       /usr/lib64/libXext.so.6.4.0
3b83011000-3b83211000 ---p 00011000 08:03 11045681                       /usr/lib64/libXext.so.6.4.0
3b83211000-3b83212000 rw-p 00011000 08:03 11045681                       /usr/lib64/libXext.so.6.4.0
3b84000000-3b84018000 r-xp 00000000 08:03 11045685                       /usr/lib64/libXmu.so.6.2.0
3b84018000-3b84218000 ---p 00018000 08:03 11045685                       /usr/lib64/libXmu.so.6.2.0
3b84218000-3b8421a000 rw-p 00018000 08:03 11045685                       /usr/lib64/libXmu.so.6.2.0
3b87c00000-3b87c04000 r-xp 00000000 08:03 10224123                       /lib64/libuuid.so.1.3.0
3b87c04000-3b87e03000 ---p 00004000 08:03 10224123                       /lib64/libuuid.so.1.3.0
3b87e03000-3b87e04000 rw-p 00003000 08:03 10224123                       /lib64/libuuid.so.1.3.0
3b8c000000-3b8c017000 r-xp 00000000 08:03 11045682                       /usr/lib64/libICE.so.6.3.0
3b8c017000-3b8c217000 ---p 00017000 08:03 11045682                       /usr/lib64/libICE.so.6.3.0
3b8c217000-3b8c218000 rw-p 00017000 08:03 11045682                       /usr/lib64/libICE.so.6.3.0
3b8c218000-3b8c21c000 rw-p 00000000 00:00 0 
3b8c800000-3b8c807000 r-xp 00000000 08:03 11045683                       /usr/lib64/libSM.so.6.0.0
3b8c807000-3b8ca07000 ---p 00007000 08:03 11045683                       /usr/lib64/libSM.so.6.0.0
3b8ca07000-3b8ca08000 rw-p 00007000 08:03 11045683                       /usr/lib64/libSM.so.6.0.0
3b8dc00000-3b8dc07000 r-xp 00000000 08:03 10224159                       /lib64/libcrypt-2.12.so
3b8dc07000-3b8de07000 ---p 00007000 08:03 10224159                       /lib64/libcrypt-2.12.so
3b8de07000-3b8de08000 r--p 00007000 08:03 10224159                       /lib64/libcrypt-2.12.so
3b8de08000-3b8de09000 rw-p 00008000 08:03 10224159                       /lib64/libcrypt-2.12.so
3b8de09000-3b8de37000 rw-p 00000000 00:00 0 
3b8e800000-3b8e85d000 r-xp 00000000 08:03 10224158                       /lib64/libfreebl3.so
3b8e85d000-3b8ea5c000 ---p 0005d000 08:03 10224158                       /lib64/libfreebl3.so
3b8ea5c000-3b8ea5d000 r--p 0005c000 08:03 10224158                       /lib64/libfreebl3.so
3b8ea5d000-3b8ea5e000 rw-p 0005d000 08:03 10224158                       /lib64/libfreebl3.so
3b8ea5e000-3b8ea62000 rw-p 00000000 00:00 0 
3b8f800000-3b8f81d000 r-xp 00000000 08:03 10224146                       /lib64/libtinfo.so.5.7
3b8f81d000-3b8fa1d000 ---p 0001d000 08:03 10224146                       /lib64/libtinfo.so.5.7
3b8fa1d000-3b8fa21000 rw-p 0001d000 08:03 10224146                       /lib64/libtinfo.so.5.7
3b90000000-3b90022000 r-xp 00000000 08:03 10223733                       /lib64/libncurses.so.5.7
3b90022000-3b90221000 ---p 00022000 08:03 10223733                       /lib64/libncurses.so.5.7
3b90221000-3b90222000 rw-p 00021000 08:03 10223733                       /lib64/libncurses.so.5.7
3b92a00000-3b92a16000 r-xp 00000000 08:03 10224178                       /lib64/libnsl-2.12.so
3b92a16000-3b92c15000 ---p 00016000 08:03 10224178                       /lib64/libnsl-2.12.so
3b92c15000-3b92c16000 r--p 00015000 08:03 10224178                       /lib64/libnsl-2.12.so
3b92c16000-3b92c17000 rw-p 00016000 08:03 10224178                       /lib64/libnsl-2.12.so
3b92c17000-3b92c19000 rw-p 00000000 00:00 0 
3b93800000-3b9385f000 r-xp 00000000 08:03 11045684                       /usr/lib64/libXt.so.6.0.0
3b9385f000-3b93a5e000 ---p 0005f000 08:03 11045684                       /usr/lib64/libXt.so.6.0.0
3b93a5e000-3b93a65000 rw-p 0005e000 08:03 11045684                       /usr/lib64/libXt.so.6.0.0
7f5bbcc00000-7f5bbe0c0000 rwxp 00000000 00:00 0 
7f5bbe0c0000-7f5bc4c00000 rwxp 00000000 00:00 0 
7f5bc4c00000-7f5bc7c00000 rwxp 00000000 00:00 0 
7f5bc7c00000-7f5bcdf00000 rwxp 00000000 00:00 0 
7f5bcdf00000-7f5bcef00000 rwxp 00000000 00:00 0 
7f5bcef00000-7f5bd1000000 rwxp 00000000 00:00 0 
7f5bd1000000-7f5bd1270000 rwxp 00000000 00:00 0 
7f5bd1270000-7f5bd4000000 rwxp 00000000 00:00 0 
7f5bd4000000-7f5bd4021000 rw-p 00000000 00:00 0 
7f5bd4021000-7f5bd8000000 ---p 00000000 00:00 0 
7f5bdabfe000-7f5bdabff000 ---p 00000000 00:00 0 
7f5bdabff000-7f5bdb5ff000 rwxp 00000000 00:00 0 
7f5bdb5ff000-7f5bdb600000 ---p 00000000 00:00 0 
7f5bdb600000-7f5bdc000000 rwxp 00000000 00:00 0 
7f5bdc000000-7f5bdc500000 rw-p 00000000 00:00 0 
7f5bdc500000-7f5be0000000 ---p 00000000 00:00 0 
7f5be0000000-7f5be0021000 rw-p 00000000 00:00 0 
7f5be0021000-7f5be4000000 ---p 00000000 00:00 0 
7f5be4000000-7f5be4021000 rw-p 00000000 00:00 0 
7f5be4021000-7f5be8000000 ---p 00000000 00:00 0 
7f5be82b1000-7f5be82b2000 ---p 00000000 00:00 0 
7f5be82b2000-7f5be83bd000 rwxp 00000000 00:00 0 
7f5be83bd000-7f5be83f2000 rwxp 00000000 00:00 0 
7f5be83f2000-7f5be840a000 rwxp 00000000 00:00 0 
7f5be840a000-7f5be843c000 rwxp 00000000 00:00 0 
7f5be843c000-7f5be8447000 rwxp 00000000 00:00 0 
7f5be8447000-7f5be847c000 rwxp 00000000 00:00 0 
7f5be847c000-7f5be8494000 rwxp 00000000 00:00 0 
7f5be8494000-7f5be84c5000 rwxp 00000000 00:00 0 
7f5be84c5000-7f5be84ce000 rwxp 00000000 00:00 0 
7f5be84ce000-7f5be84de000 rwxp 00000000 00:00 0 
7f5be84de000-7f5be84e9000 rwxp 00000000 00:00 0 
7f5be84e9000-7f5be859f000 rwxp 00000000 00:00 0 
7f5be859f000-7f5be85ad000 r-xp 00000000 08:03 3805616                    /opt/caen/matlab-2012a/sys/java/jre/glnxa64/jre/lib/amd64/libzip.so
7f5be85ad000-7f5be86af000 ---p 0000e000 08:03 3805616                    /opt/caen/matlab-2012a/sys/java/jre/glnxa64/jre/lib/amd64/libzip.so
7f5be86af000-7f5be86b2000 rw-p 00010000 08:03 3805616                    /opt/caen/matlab-2012a/sys/java/jre/glnxa64/jre/lib/amd64/libzip.so
7f5be86b2000-7f5be86b3000 rw-p 00000000 00:00 0 
7f5be86b3000-7f5be86ba000 r-xp 00000000 08:03 3805620                    /opt/caen/matlab-2012a/sys/java/jre/glnxa64/jre/lib/amd64/native_threads/libhpi.so
7f5be86ba000-7f5be87bb000 ---p 00007000 08:03 3805620                    /opt/caen/matlab-2012a/sys/java/jre/glnxa64/jre/lib/amd64/native_threads/libhpi.so
7f5be87bb000-7f5be87bd000 rw-p 00008000 08:03 3805620                    /opt/caen/matlab-2012a/sys/java/jre/glnxa64/jre/lib/amd64/native_threads/libhpi.so
7f5be87bd000-7f5be87be000 rw-p 00000000 00:00 0 
7f5be87be000-7f5be87c3000 r-xp 00000000 08:03 10223643                   /lib64/libnss_dns-2.12.so
7f5be87c3000-7f5be89c2000 ---p 00005000 08:03 10223643                   /lib64/libnss_dns-2.12.so
7f5be89c2000-7f5be89c3000 r--p 00004000 08:03 10223643                   /lib64/libnss_dns-2.12.so
7f5be89c3000-7f5be89c4000 rw-p 00005000 08:03 10223643                   /lib64/libnss_dns-2.12.so
7f5be89c4000-7f5be89d0000 r-xp 00000000 08:03 10223645                   /lib64/libnss_files-2.12.so
7f5be89d0000-7f5be8bd0000 ---p 0000c000 08:03 10223645                   /lib64/libnss_files-2.12.so
7f5be8bd0000-7f5be8bd1000 r--p 0000c000 08:03 10223645                   /lib64/libnss_files-2.12.so
7f5be8bd1000-7f5be8bd2000 rw-p 0000d000 08:03 10223645                   /lib64/libnss_files-2.12.so
7f5be8bf5000-7f5be8c02000 r-xp 00000000 08:03 3805615                    /opt/caen/matlab-2012a/sys/java/jre/glnxa64/jre/lib/amd64/libverify.so
7f5be8c02000-7f5be8d01000 ---p 0000d000 08:03 3805615                    /opt/caen/matlab-2012a/sys/java/jre/glnxa64/jre/lib/amd64/libverify.so
7f5be8d01000-7f5be8d04000 rw-p 0000c000 08:03 3805615                    /opt/caen/matlab-2012a/sys/java/jre/glnxa64/jre/lib/amd64/libverify.so
7f5be8d04000-7f5be9462000 r-xp 00000000 08:03 3805624                    /opt/caen/matlab-2012a/sys/java/jre/glnxa64/jre/lib/amd64/server/libjvm.so
7f5be9462000-7f5be9561000 ---p 0075e000 08:03 3805624                    /opt/caen/matlab-2012a/sys/java/jre/glnxa64/jre/lib/amd64/server/libjvm.so
7f5be9561000-7f5be96d9000 rw-p 0075d000 08:03 3805624                    /opt/caen/matlab-2012a/sys/java/jre/glnxa64/jre/lib/amd64/server/libjvm.so
7f5be96d9000-7f5be9717000 rw-p 00000000 00:00 0 
7f5be9717000-7f5be9740000 r-xp 00000000 08:03 3805596                    /opt/caen/matlab-2012a/sys/java/jre/glnxa64/jre/lib/amd64/libjava.so
7f5be9740000-7f5be983f000 ---p 00029000 08:03 3805596                    /opt/caen/matlab-2012a/sys/java/jre/glnxa64/jre/lib/amd64/libjava.so
7f5be983f000-7f5be9846000 rw-p 00028000 08:03 3805596                    /opt/caen/matlab-2012a/sys/java/jre/glnxa64/jre/lib/amd64/libjava.so
7f5be9846000-7f5be9847000 ---p 00000000 00:00 0 
7f5be9847000-7f5bea247000 rwxp 00000000 00:00 0 
7f5bea247000-7f5bea24a000 ---p 00000000 00:00 0 
7f5bea24a000-7f5beac48000 rwxp 00000000 00:00 0 
7f5beac48000-7f5bead68000 rw-p 00000000 00:00 0 
7f5bead68000-7f5bead69000 ---p 00000000 00:00 0 
7f5bead69000-7f5beb539000 rwxp 00000000 00:00 0 
7f5beb539000-7f5beb53b000 r-xp 00000000 08:03 3544444                    /opt/caen/matlab-2012a/bin/glnxa64/mklcompat.so
7f5beb53b000-7f5beb73a000 ---p 00002000 08:03 3544444                    /opt/caen/matlab-2012a/bin/glnxa64/mklcompat.so
7f5beb73a000-7f5beb73b000 rw-p 00001000 08:03 3544444                    /opt/caen/matlab-2012a/bin/glnxa64/mklcompat.so
7f5beb73b000-7f5beb7fa000 r-xp 00000000 08:03 3932535                    /opt/caen/matlab-2012a/sys/os/glnxa64/libiomp5.so
7f5beb7fa000-7f5beb9f9000 ---p 000bf000 08:03 3932535                    /opt/caen/matlab-2012a/sys/os/glnxa64/libiomp5.so
7f5beb9f9000-7f5beba02000 rw-p 000be000 08:03 3932535                    /opt/caen/matlab-2012a/sys/os/glnxa64/libiomp5.so
7f5beba02000-7f5beba09000 rw-p 00000000 00:00 0 
7f5beba09000-7f5bed894000 r-xp 00000000 08:03 3544113                    /opt/caen/matlab-2012a/bin/glnxa64/mkl.so
7f5bed894000-7f5beda94000 ---p 01e8b000 08:03 3544113                    /opt/caen/matlab-2012a/bin/glnxa64/mkl.so
7f5beda94000-7f5bedad6000 rw-p 01e8b000 08:03 3544113                    /opt/caen/matlab-2012a/bin/glnxa64/mkl.so
7f5bedad6000-7f5bedadb000 rw-p 00000000 00:00 0 
7f5bedadb000-7f5bf396c000 r--p 00000000 08:03 11017132                   /usr/lib/locale/locale-archive
7f5bf396c000-7f5bf3974000 rw-p 00000000 00:00 0 
7f5bf3974000-7f5bf397a000 r-xp 00000000 08:03 3543658                    /opt/caen/matlab-2012a/bin/glnxa64/libmwcolamd.so
7f5bf397a000-7f5bf3b79000 ---p 00006000 08:03 3543658                    /opt/caen/matlab-2012a/bin/glnxa64/libmwcolamd.so
7f5bf3b79000-7f5bf3b7a000 rw-p 00005000 08:03 3543658                    /opt/caen/matlab-2012a/bin/glnxa64/libmwcolamd.so
7f5bf3b7a000-7f5bf3b82000 r-xp 00000000 08:03 3543628                    /opt/caen/matlab-2012a/bin/glnxa64/libmwamd.so
7f5bf3b82000-7f5bf3d81000 ---p 00008000 08:03 3543628                    /opt/caen/matlab-2012a/bin/glnxa64/libmwamd.so
7f5bf3d81000-7f5bf3d82000 rw-p 00007000 08:03 3543628                    /opt/caen/matlab-2012a/bin/glnxa64/libmwamd.so
7f5bf3d82000-7f5bf3d83000 rw-p 00000000 00:00 0 
7f5bf3d83000-7f5bf3dc5000 r-xp 00000000 08:03 3543655                    /opt/caen/matlab-2012a/bin/glnxa64/libmwcholmod.so
7f5bf3dc5000-7f5bf3fc5000 ---p 00042000 08:03 3543655                    /opt/caen/matlab-2012a/bin/glnxa64/libmwcholmod.so
7f5bf3fc5000-7f5bf3fc6000 rw-p 00042000 08:03 3543655                    /opt/caen/matlab-2012a/bin/glnxa64/libmwcholmod.so
7f5bf3fc6000-7f5bf3fc7000 rw-p 00000000 00:00 0 
7f5bf3fc7000-7f5bf3fd9000 r-xp 00000000 08:03 3543652                    /opt/caen/matlab-2012a/bin/glnxa64/libmwblas.so
7f5bf3fd9000-7f5bf41d8000 ---p 00012000 08:03 3543652                    /opt/caen/matlab-2012a/bin/glnxa64/libmwblas.so
7f5bf41d8000-7f5bf41da000 rw-p 00011000 08:03 3543652                    /opt/caen/matlab-2012a/bin/glnxa64/libmwblas.so
7f5bf41da000-7f5bf41dc000 rw-p 00000000 00:00 0 
7f5bf41dc000-7f5bf41e0000 r-xp 00000000 08:03 3543821                    /opt/caen/matlab-2012a/bin/glnxa64/libmwompwrapper.so
7f5bf41e0000-7f5bf43df000 ---p 00004000 08:03 3543821                    /opt/caen/matlab-2012a/bin/glnxa64/libmwompwrapper.so
7f5bf43df000-7f5bf43e0000 rw-p 00003000 08:03 3543821                    /opt/caen/matlab-2012a/bin/glnxa64/libmwompwrapper.so
7f5bf43e0000-7f5bf43e9000 r-xp 00000000 08:03 3543651                    /opt/caen/matlab-2012a/bin/glnxa64/libmwbinder.so
7f5bf43e9000-7f5bf45e8000 ---p 00009000 08:03 3543651                    /opt/caen/matlab-2012a/bin/glnxa64/libmwbinder.so
7f5bf45e8000-7f5bf45e9000 rw-p 00008000 08:03 3543651                    /opt/caen/matlab-2012a/bin/glnxa64/libmwbinder.so
7f5bf45e9000-7f5bf45ea000 rw-p 00000000 00:00 0 
7f5bf45ea000-7f5bf46ad000 r-xp 00000000 08:03 3543789                    /opt/caen/matlab-2012a/bin/glnxa64/libmwmathcore.so
7f5bf46ad000-7f5bf48ac000 ---p 000c3000 08:03 3543789                    /opt/caen/matlab-2012a/bin/glnxa64/libmwmathcore.so
7f5bf48ac000-7f5bf48b1000 rw-p 000c2000 08:03 3543789                    /opt/caen/matlab-2012a/bin/glnxa64/libmwmathcore.so
7f5bf48b1000-7f5bf48b2000 rw-p 00000000 00:00 0 
7f5bf48b2000-7f5bf4b37000 r-xp 00000000 08:03 3543543                    /opt/caen/matlab-2012a/bin/glnxa64/libhdf5.so.6.0.5
7f5bf4b37000-7f5bf4d37000 ---p 00285000 08:03 3543543                    /opt/caen/matlab-2012a/bin/glnxa64/libhdf5.so.6.0.5
7f5bf4d37000-7f5bf4d42000 rw-p 00285000 08:03 3543543                    /opt/caen/matlab-2012a/bin/glnxa64/libhdf5.so.6.0.5
7f5bf4d42000-7f5bf4d43000 rw-p 00000000 00:00 0 
7f5bf4d43000-7f5bf4d5e000 r-xp 00000000 08:03 3543545                    /opt/caen/matlab-2012a/bin/glnxa64/libhdf5_hl.so.6.0.5
7f5bf4d5e000-7f5bf4f5d000 ---p 0001b000 08:03 3543545                    /opt/caen/matlab-2012a/bin/glnxa64/libhdf5_hl.so.6.0.5
7f5bf4f5d000-7f5bf4f5e000 rw-p 0001a000 08:03 3543545                    /opt/caen/matlab-2012a/bin/glnxa64/libhdf5_hl.so.6.0.5
7f5bf4f5e000-7f5bf4f71000 rw-p 00000000 00:00 0 
7f5bf4f71000-7f5bf51f2000 r-xp 00000000 08:03 3932501                    /opt/caen/matlab-2012a/sys/os/glnxa64/libXm.so.3.0.2
7f5bf51f2000-7f5bf53f2000 ---p 00281000 08:03 3932501                    /opt/caen/matlab-2012a/sys/os/glnxa64/libXm.so.3.0.2
7f5bf53f2000-7f5bf541c000 rw-p 00281000 08:03 3932501                    /opt/caen/matlab-2012a/sys/os/glnxa64/libXm.so.3.0.2
7f5bf541c000-7f5bf541d000 rw-p 00000000 00:00 0 
7f5bf541d000-7f5bf542a000 r-xp 00000000 08:03 3543716                    /opt/caen/matlab-2012a/bin/glnxa64/libmwgbt.so
7f5bf542a000-7f5bf562a000 ---p 0000d000 08:03 3543716                    /opt/caen/matlab-2012a/bin/glnxa64/libmwgbt.so
7f5bf562a000-7f5bf562b000 rw-p 0000d000 08:03 3543716                    /opt/caen/matlab-2012a/bin/glnxa64/libmwgbt.so
7f5bf562b000-7f5bf562c000 rw-p 00000000 00:00 0 
7f5bf562c000-7f5bf565d000 r-xp 00000000 08:03 3543743                    /opt/caen/matlab-2012a/bin/glnxa64/libmwgbtutils.so
7f5bf565d000-7f5bf585c000 ---p 00031000 08:03 3543743                    /opt/caen/matlab-2012a/bin/glnxa64/libmwgbtutils.so
7f5bf585c000-7f5bf5862000 rw-p 00030000 08:03 3543743                    /opt/caen/matlab-2012a/bin/glnxa64/libmwgbtutils.so
7f5bf5862000-7f5bf5913000 r-xp 00000000 08:03 3543773                    /opt/caen/matlab-2012a/bin/glnxa64/libmwlapack.so
7f5bf5913000-7f5bf5b12000 ---p 000b1000 08:03 3543773                    /opt/caen/matlab-2012a/bin/glnxa64/libmwlapack.so
7f5bf5b12000-7f5bf5b1c000 rw-p 000b0000 08:03 3543773                    /opt/caen/matlab-2012a/bin/glnxa64/libmwlapack.so
7f5bf5b1c000-7f5bf5d6c000 r-xp 00000000 08:03 3543757                    /opt/caen/matlab-2012a/bin/glnxa64/libmwhgdatatypes.so
7f5bf5d6c000-7f5bf5f6b000 ---p 00250000 08:03 3543757                    /opt/caen/matlab-2012a/bin/glnxa64/libmwhgdatatypes.so
7f5bf5f6b000-7f5bf5f88000 rw-p 0024f000 08:03 3543757                    /opt/caen/matlab-2012a/bin/glnxa64/libmwhgdatatypes.so
7f5bf5f88000-7f5bf5f8a000 rw-p 00000000 00:00 0 
7f5bf5f8a000-7f5bf5fbb000 r-xp 00000000 08:03 3543738                    /opt/caen/matlab-2012a/bin/glnxa64/libmwhardcopy.so
7f5bf5fbb000-7f5bf61ba000 ---p 00031000 08:03 3543738                    /opt/caen/matlab-2012a/bin/glnxa64/libmwhardcopy.so
7f5bf61ba000-7f5bf61bd000 rw-p 00030000 08:03 3543738                    /opt/caen/matlab-2012a/bin/glnxa64/libmwhardcopy.so
7f5bf61bd000-7f5bf61cd000 r-xp 00000000 08:03 3543735                    /opt/caen/matlab-2012a/bin/glnxa64/libmwgraphics_util.so
7f5bf61cd000-7f5bf63cc000 ---p 00010000 08:03 3543735                    /opt/caen/matlab-2012a/bin/glnxa64/libmwgraphics_util.so
7f5bf63cc000-7f5bf63ce000 rw-p 0000f000 08:03 3543735                    /opt/caen/matlab-2012a/bin/glnxa64/libmwgraphics_util.so
7f5bf63ce000-7f5bf63cf000 rw-p 00000000 00:00 0 
7f5bf63cf000-7f5bf63e4000 r-xp 00000000 08:03 3543770                    /opt/caen/matlab-2012a/bin/glnxa64/libmwir_xfmr.so
7f5bf63e4000-7f5bf65e4000 ---p 00015000 08:03 3543770                    /opt/caen/matlab-2012a/bin/glnxa64/libmwir_xfmr.so
7f5bf65e4000-7f5bf65e5000 rw-p 00015000 08:03 3543770                    /opt/caen/matlab-2012a/bin/glnxa64/libmwir_xfmr.so
7f5bf65e5000-7f5bf65e7000 rw-p 00000000 00:00 0 
7f5bf65e7000-7f5bf6652000 r-xp 00000000 08:03 3543974                    /opt/caen/matlab-2012a/bin/glnxa64/libmwspmatrix.so
7f5bf6652000-7f5bf6852000 ---p 0006b000 08:03 3543974                    /opt/caen/matlab-2012a/bin/glnxa64/libmwspmatrix.so
7f5bf6852000-7f5bf6853000 rw-p 0006b000 08:03 3543974                    /opt/caen/matlab-2012a/bin/glnxa64/libmwspmatrix.so
7f5bf6853000-7f5bf6878000 r-xp 00000000 08:03 3543781                    /opt/caen/matlab-2012a/bin/glnxa64/libmwm_pcodegen.so
7f5bf6878000-7f5bf6a78000 ---p 00025000 08:03 3543781                    /opt/caen/matlab-2012a/bin/glnxa64/libmwm_pcodegen.so
7f5bf6a78000-7f5bf6a7a000 rw-p 00025000 08:03 3543781                    /opt/caen/matlab-2012a/bin/glnxa64/libmwm_pcodegen.so
7f5bf6a7a000-7f5bf6a7b000 rw-p 00000000 00:00 0 
7f5bf6a7b000-7f5bf6a94000 r-xp 00000000 08:03 3543782                    /opt/caen/matlab-2012a/bin/glnxa64/libmwm_pcodeio.so
7f5bf6a94000-7f5bf6c93000 ---p 00019000 08:03 3543782                    /opt/caen/matlab-2012a/bin/glnxa64/libmwm_pcodeio.so
7f5bf6c93000-7f5bf6c95000 rw-p 00018000 08:03 3543782                    /opt/caen/matlab-2012a/bin/glnxa64/libmwm_pcodeio.so
7f5bf6c95000-7f5bf6ca5000 r-xp 00000000 08:03 3543811                    /opt/caen/matlab-2012a/bin/glnxa64/libmwmlib.so
7f5bf6ca5000-7f5bf6ea5000 ---p 00010000 08:03 3543811                    /opt/caen/matlab-2012a/bin/glnxa64/libmwmlib.so
7f5bf6ea5000-7f5bf6ea7000 rw-p 00010000 08:03 3543811                    /opt/caen/matlab-2012a/bin/glnxa64/libmwmlib.so
7f5bf6ea7000-7f5bf6ed0000 r-xp 00000000 08:03 3543793                    /opt/caen/matlab-2012a/bin/glnxa64/libmwmathrng.so
7f5bf6ed0000-7f5bf70cf000 ---p 00029000 08:03 3543793                    /opt/caen/matlab-2012a/bin/glnxa64/libmwmathrng.so
7f5bf70cf000-7f5bf70d1000 rw-p 00028000 08:03 3543793                    /opt/caen/matlab-2012a/bin/glnxa64/libmwmathrng.so
7f5bf70d1000-7f5bf70d4000 rw-p 00000000 00:00 0 
7f5bf70d4000-7f5bf7189000 r-xp 00000000 08:03 3543795                    /opt/caen/matlab-2012a/bin/glnxa64/libmwmathutil.so
7f5bf7189000-7f5bf7388000 ---p 000b5000 08:03 3543795                    /opt/caen/matlab-2012a/bin/glnxa64/libmwmathutil.so
7f5bf7388000-7f5bf7389000 rw-p 000b4000 08:03 3543795                    /opt/caen/matlab-2012a/bin/glnxa64/libmwmathutil.so
7f5bf7389000-7f5bf73c5000 r-xp 00000000 08:03 3543911                    /opt/caen/matlab-2012a/bin/glnxa64/libmwprofiler.so
7f5bf73c5000-7f5bf75c4000 ---p 0003c000 08:03 3543911                    /opt/caen/matlab-2012a/bin/glnxa64/libmwprofiler.so
7f5bf75c4000-7f5bf75c7000 rw-p 0003b000 08:03 3543911                    /opt/caen/matlab-2012a/bin/glnxa64/libmwprofiler.so
7f5bf75c7000-7f5bf7611000 r-xp 00000000 08:03 3543578                    /opt/caen/matlab-2012a/bin/glnxa64/libmat.so
7f5bf7611000-7f5bf7811000 ---p 0004a000 08:03 3543578                    /opt/caen/matlab-2012a/bin/glnxa64/libmat.so
7f5bf7811000-7f5bf7815000 rw-p 0004a000 08:03 3543578                    /opt/caen/matlab-2012a/bin/glnxa64/libmat.so
7f5bf7815000-7f5bf7816000 rw-p 00000000 00:00 0 
7f5bf7816000-7f5bf7bce000 r-xp 00000000 08:03 3544109                    /opt/caen/matlab-2012a/bin/glnxa64/libxerces-c.so.27.0
7f5bf7bce000-7f5bf7dcd000 ---p 003b8000 08:03 3544109                    /opt/caen/matlab-2012a/bin/glnxa64/libxerces-c.so.27.0
7f5bf7dcd000-7f5bf7e11000 rw-p 003b7000 08:03 3544109                    /opt/caen/matlab-2012a/bin/glnxa64/libxerces-c.so.27.0
7f5bf7e11000-7f5bf7e12000 rw-p 00000000 00:00 0 
7f5bf7e12000-7f5bf7e84000 r-xp 00000000 08:03 3544021                    /opt/caen/matlab-2012a/bin/glnxa64/libmwxmlcore.so
7f5bf7e84000-7f5bf8083000 ---p 00072000 08:03 3544021                    /opt/caen/matlab-2012a/bin/glnxa64/libmwxmlcore.so
7f5bf8083000-7f5bf808b000 rw-p 00071000 08:03 3544021                    /opt/caen/matlab-2012a/bin/glnxa64/libmwxmlcore.so
7f5bf808b000-7f5bf808d000 rw-p 00000000 00:00 0 
7f5bf808d000-7f5bf80a2000 r-xp 00000000 08:03 3543467                    /opt/caen/matlab-2012a/bin/glnxa64/libboost_iostreams.so.1.44.0
7f5bf80a2000-7f5bf82a2000 ---p 00015000 08:03 3543467                    /opt/caen/matlab-2012a/bin/glnxa64/libboost_iostreams.so.1.44.0
7f5bf82a2000-7f5bf82a4000 rw-p 00015000 08:03 3543467                    /opt/caen/matlab-2012a/bin/glnxa64/libboost_iostreams.so.1.44.0
7f5bf82a4000-7f5bf841a000 r-xp 00000000 08:03 3543994                    /opt/caen/matlab-2012a/bin/glnxa64/libmwuix.so
7f5bf841a000-7f5bf861a000 ---p 00176000 08:03 3543994                    /opt/caen/matlab-2012a/bin/glnxa64/libmwuix.so
7f5bf861a000-7f5bf862f000 rw-p 00176000 08:03 3543994                    /opt/caen/matlab-2012a/bin/glnxa64/libmwuix.so
7f5bf862f000-7f5bf8634000 rw-p 00000000 00:00 0 
7f5bf8634000-7f5bf8694000 r-xp 00000000 08:03 3543779                    /opt/caen/matlab-2012a/bin/glnxa64/libmwm_ir.so
7f5bf8694000-7f5bf8893000 ---p 00060000 08:03 3543779                    /opt/caen/matlab-2012a/bin/glnxa64/libmwm_ir.so
7f5bf8893000-7f5bf889c000 rw-p 0005f000 08:03 3543779                    /opt/caen/matlab-2012a/bin/glnxa64/libmwm_ir.so
7f5bf889c000-7f5bf889d000 rw-p 00000000 00:00 0 
7f5bf889d000-7f5bf88a2000 r-xp 00000000 08:03 3543993                    /opt/caen/matlab-2012a/bin/glnxa64/libmwuinone.so
7f5bf88a2000-7f5bf8aa2000 ---p 00005000 08:03 3543993                    /opt/caen/matlab-2012a/bin/glnxa64/libmwuinone.so
7f5bf8aa2000-7f5bf8aa3000 rw-p 00005000 08:03 3543993                    /opt/caen/matlab-2012a/bin/glnxa64/libmwuinone.so
7f5bf8aa3000-7f5bf8b4c000 r-xp 00000000 08:03 3543992                    /opt/caen/matlab-2012a/bin/glnxa64/libmwudd_mi.so
7f5bf8b4c000-7f5bf8d4c000 ---p 000a9000 08:03 3543992                    /opt/caen/matlab-2012a/bin/glnxa64/libmwudd_mi.so
7f5bf8d4c000-7f5bf8d58000 rw-p 000a9000 08:03 3543992                    /opt/caen/matlab-2012a/bin/glnxa64/libmwudd_mi.so
7f5bf8d58000-7f5bf8d59000 rw-p 00000000 00:00 0 
7f5bf8d59000-7f5bf8d9e000 r-xp 00000000 08:03 3544092                    /opt/caen/matlab-2012a/bin/glnxa64/libuij.so
7f5bf8d9e000-7f5bf8f9e000 ---p 00045000 08:03 3544092                    /opt/caen/matlab-2012a/bin/glnxa64/libuij.so
7f5bf8f9e000-7f5bf8fa1000 rw-p 00045000 08:03 3544092                    /opt/caen/matlab-2012a/bin/glnxa64/libuij.so
7f5bf8fa1000-7f5bf8fa2000 rw-p 00000000 00:00 0 
7f5bf8fa2000-7f5bf90bb000 r-xp 00000000 08:03 3543759                    /opt/caen/matlab-2012a/bin/glnxa64/libmwhgutils.so
7f5bf90bb000-7f5bf92ba000 ---p 00119000 08:03 3543759                    /opt/caen/matlab-2012a/bin/glnxa64/libmwhgutils.so
7f5bf92ba000-7f5bf92d0000 rw-p 00118000 08:03 3543759                    /opt/caen/matlab-2012a/bin/glnxa64/libmwhgutils.so
7f5bf92d0000-7f5bfa02f000 r-xp 00000000 08:03 3543755                    /opt/caen/matlab-2012a/bin/glnxa64/libmwhg.so
7f5bfa02f000-7f5bfa22e000 ---p 00d5f000 08:03 3543755                    /opt/caen/matlab-2012a/bin/glnxa64/libmwhg.so
7f5bfa22e000-7f5bfa344000 rw-p 00d5e000 08:03 3543755                    /opt/caen/matlab-2012a/bin/glnxa64/libmwhg.so
7f5bfa344000-7f5bfa351000 rw-p 00000000 00:00 0 
7f5bfa351000-7f5bfa463000 r-xp 00000000 08:03 3543736                    /opt/caen/matlab-2012a/bin/glnxa64/libmwgui.so
7f5bfa463000-7f5bfa662000 ---p 00112000 08:03 3543736                    /opt/caen/matlab-2012a/bin/glnxa64/libmwgui.so
7f5bfa662000-7f5bfa69e000 rw-p 00111000 08:03 3543736                    /opt/caen/matlab-2012a/bin/glnxa64/libmwgui.so
7f5bfa69e000-7f5bfa6a0000 rw-p 00000000 00:00 0 
7f5bfa6a0000-7f5bfa90f000 r-xp 00000000 08:03 3543803                    /opt/caen/matlab-2012a/bin/glnxa64/libmwmcos.so
7f5bfa90f000-7f5bfab0f000 ---p 0026f000 08:03 3543803                    /opt/caen/matlab-2012a/bin/glnxa64/libmwmcos.so
7f5bfab0f000-7f5bfab39000 rw-p 0026f000 08:03 3543803                    /opt/caen/matlab-2012a/bin/glnxa64/libmwmcos.so
7f5bfab39000-7f5bfab40000 r-xp 00000000 08:03 3543823                    /opt/caen/matlab-2012a/bin/glnxa64/libmwmtok.so
7f5bfab40000-7f5bfad40000 ---p 00007000 08:03 3543823                    /opt/caen/matlab-2012a/bin/glnxa64/libmwmtok.so
7f5bfad40000-7f5bfad41000 rw-p 00007000 08:03 3543823                    /opt/caen/matlab-2012a/bin/glnxa64/libmwmtok.so
7f5bfad41000-7f5bfadc6000 r-xp 00000000 08:03 3543797                    /opt/caen/matlab-2012a/bin/glnxa64/libmwmlint.so
7f5bfadc6000-7f5bfafc5000 ---p 00085000 08:03 3543797                    /opt/caen/matlab-2012a/bin/glnxa64/libmwmlint.so
7f5bfafc5000-7f5bfafcd000 rw-p 00084000 08:03 3543797                    /opt/caen/matlab-2012a/bin/glnxa64/libmwmlint.so
7f5bfafcd000-7f5bfafcf000 rw-p 00000000 00:00 0 
7f5bfafcf000-7f5bfb0b3000 r-xp 00000000 08:03 3543991                    /opt/caen/matlab-2012a/bin/glnxa64/libmwudd.so
7f5bfb0b3000-7f5bfb2b3000 ---p 000e4000 08:03 3543991                    /opt/caen/matlab-2012a/bin/glnxa64/libmwudd.so
7f5bfb2b3000-7f5bfb2ca000 rw-p 000e4000 08:03 3543991                    /opt/caen/matlab-2012a/bin/glnxa64/libmwudd.so
7f5bfb2ca000-7f5bfb2cd000 rw-p 00000000 00:00 0 
7f5bfb2cd000-7f5bfb539000 r-xp 00000000 08:03 3543780                    /opt/caen/matlab-2012a/bin/glnxa64/libmwm_parser.so
7f5bfb539000-7f5bfb739000 ---p 0026c000 08:03 3543780                    /opt/caen/matlab-2012a/bin/glnxa64/libmwm_parser.so
7f5bfb739000-7f5bfbbdb000 rw-p 0026c000 08:03 3543780                    /opt/caen/matlab-2012a/bin/glnxa64/libmwm_parser.so
7f5bfbbdb000-7f5bfbbdc000 rw-p 00000000 00:00 0 
7f5bfbbdc000-7f5bfbbfc000 r-xp 00000000 08:03 3543579                    /opt/caen/matlab-2012a/bin/glnxa64/libmex.so
7f5bfbbfc000-7f5bfbdfc000 ---p 00020000 08:03 3543579                    /opt/caen/matlab-2012a/bin/glnxa64/libmex.so
7f5bfbdfc000-7f5bfbdfe000 rw-p 00020000 08:03 3543579                    /opt/caen/matlab-2012a/bin/glnxa64/libmex.so
7f5bfbdfe000-7f5bfbdff000 r-xp 00000000 08:03 3543812                    /opt/caen/matlab-2012a/bin/glnxa64/libmwnativejava_services.so
7f5bfbdff000-7f5bfbfff000 ---p 00001000 08:03 3543812                    /opt/caen/matlab-2012a/bin/glnxa64/libmwnativejava_services.so
7f5bfbfff000-7f5bfc000000 rw-p 00001000 08:03 3543812                    /opt/caen/matlab-2012a/bin/glnxa64/libmwnativejava_services.so
7f5bfc000000-7f5bfc001000 rw-p 00000000 00:00 0 
7f5bfc001000-7f5bfc34e000 r-xp 00000000 08:03 3543768                    /opt/caen/matlab-2012a/bin/glnxa64/libmwiqm.so
7f5bfc34e000-7f5bfc54d000 ---p 0034d000 08:03 3543768                    /opt/caen/matlab-2012a/bin/glnxa64/libmwiqm.so
7f5bfc54d000-7f5bfc573000 rw-p 0034c000 08:03 3543768                    /opt/caen/matlab-2012a/bin/glnxa64/libmwiqm.so
7f5bfc573000-7f5bfc57a000 rw-p 00000000 00:00 0 
7f5bfc57a000-7f5bfc5e9000 r-xp 00000000 08:03 3543490                    /opt/caen/matlab-2012a/bin/glnxa64/libboost_serialization.so.1.44.0
7f5bfc5e9000-7f5bfc7e9000 ---p 0006f000 08:03 3543490                    /opt/caen/matlab-2012a/bin/glnxa64/libboost_serialization.so.1.44.0
7f5bfc7e9000-7f5bfc7ed000 rw-p 0006f000 08:03 3543490                    /opt/caen/matlab-2012a/bin/glnxa64/libboost_serialization.so.1.44.0
7f5bfc7ed000-7f5bfc800000 r-xp 00000000 08:03 3543604                    /opt/caen/matlab-2012a/bin/glnxa64/libmwMATLAB_settings_res.so
7f5bfc800000-7f5bfc9ff000 ---p 00013000 08:03 3543604                    /opt/caen/matlab-2012a/bin/glnxa64/libmwMATLAB_settings_res.so
7f5bfc9ff000-7f5bfca00000 rw-p 00012000 08:03 3543604                    /opt/caen/matlab-2012a/bin/glnxa64/libmwMATLAB_settings_res.so
7f5bfca00000-7f5bfca11000 r-xp 00000000 08:03 3543808                    /opt/caen/matlab-2012a/bin/glnxa64/libmwmfl_scalar.so
7f5bfca11000-7f5bfcc10000 ---p 00011000 08:03 3543808                    /opt/caen/matlab-2012a/bin/glnxa64/libmwmfl_scalar.so
7f5bfcc10000-7f5bfcc11000 rw-p 00010000 08:03 3543808                    /opt/caen/matlab-2012a/bin/glnxa64/libmwmfl_scalar.so
7f5bfcc11000-7f5bfcc12000 rw-p 00000000 00:00 0 
7f5bfcc12000-7f5bfd098000 r-xp 00000000 08:03 3543813                    /opt/caen/matlab-2012a/bin/glnxa64/libmwmlutil.so
7f5bfd098000-7f5bfd297000 ---p 00486000 08:03 3543813                    /opt/caen/matlab-2012a/bin/glnxa64/libmwmlutil.so
7f5bfd297000-7f5bfd2c4000 rw-p 00485000 08:03 3543813                    /opt/caen/matlab-2012a/bin/glnxa64/libmwmlutil.so
7f5bfd2c4000-7f5bfd2d0000 rw-p 00000000 00:00 0 
7f5bfd2d0000-7f5bfd2e6000 r-xp 00000000 08:03 3932755                    /opt/caen/matlab-2012a/sys/os/glnxa64/libz.so.1.2.6
7f5bfd2e6000-7f5bfd4e5000 ---p 00016000 08:03 3932755                    /opt/caen/matlab-2012a/sys/os/glnxa64/libz.so.1.2.6
7f5bfd4e5000-7f5bfd4e6000 rw-p 00015000 08:03 3932755                    /opt/caen/matlab-2012a/sys/os/glnxa64/libz.so.1.2.6
7f5bfd4e6000-7f5bfd4e7000 rw-p 00000000 00:00 0 
7f5bfd4e7000-7f5bfd4fa000 r-xp 00000000 08:03 3543491                    /opt/caen/matlab-2012a/bin/glnxa64/libboost_signals.so.1.44.0
7f5bfd4fa000-7f5bfd6f9000 ---p 00013000 08:03 3543491                    /opt/caen/matlab-2012a/bin/glnxa64/libboost_signals.so.1.44.0
7f5bfd6f9000-7f5bfd6fa000 rw-p 00012000 08:03 3543491                    /opt/caen/matlab-2012a/bin/glnxa64/libboost_signals.so.1.44.0
7f5bfd6fa000-7f5bfd6fb000 rw-p 00000000 00:00 0 
7f5bfd6fb000-7f5bfd801000 r-xp 00000000 08:03 3543489                    /opt/caen/matlab-2012a/bin/glnxa64/libboost_regex.so.1.44.0
7f5bfd801000-7f5bfda01000 ---p 00106000 08:03 3543489                    /opt/caen/matlab-2012a/bin/glnxa64/libboost_regex.so.1.44.0
7f5bfda01000-7f5bfda08000 rw-p 00106000 08:03 3543489                    /opt/caen/matlab-2012a/bin/glnxa64/libboost_regex.so.1.44.0
7f5bfda08000-7f5bfda29000 r-xp 00000000 08:03 3543465                    /opt/caen/matlab-2012a/bin/glnxa64/libboost_filesystem.so.1.44.0
7f5bfda29000-7f5bfdc28000 ---p 00021000 08:03 3543465                    /opt/caen/matlab-2012a/bin/glnxa64/libboost_filesystem.so.1.44.0
7f5bfdc28000-7f5bfdc2a000 rw-p 00020000 08:03 3543465                    /opt/caen/matlab-2012a/bin/glnxa64/libboost_filesystem.so.1.44.0
7f5bfdc2a000-7f5bfdf1a000 r-xp 00000000 08:03 3543603                    /opt/caen/matlab-2012a/bin/glnxa64/libmwMATLAB_res.so
7f5bfdf1a000-7f5bfe119000 ---p 002f0000 08:03 3543603                    /opt/caen/matlab-2012a/bin/glnxa64/libmwMATLAB_res.so
7f5bfe119000-7f5bfe11b000 rw-p 002ef000 08:03 3543603                    /opt/caen/matlab-2012a/bin/glnxa64/libmwMATLAB_res.so
7f5bfe11b000-7f5bfe127000 rw-p 00000000 00:00 0 
7f5bfe127000-7f5bfe129000 r-xp 00000000 08:03 3543946                    /opt/caen/matlab-2012a/bin/glnxa64/libmwresource_core.so
7f5bfe129000-7f5bfe328000 ---p 00002000 08:03 3543946                    /opt/caen/matlab-2012a/bin/glnxa64/libmwresource_core.so
7f5bfe328000-7f5bfe329000 rw-p 00001000 08:03 3543946                    /opt/caen/matlab-2012a/bin/glnxa64/libmwresource_core.so
7f5bfe329000-7f5bfe343000 r-xp 00000000 08:03 3544106                    /opt/caen/matlab-2012a/bin/glnxa64/libtbbmalloc.so.2
7f5bfe343000-7f5bfe442000 ---p 0001a000 08:03 3544106                    /opt/caen/matlab-2012a/bin/glnxa64/libtbbmalloc.so.2
7f5bfe442000-7f5bfe445000 rw-p 00019000 08:03 3544106                    /opt/caen/matlab-2012a/bin/glnxa64/libtbbmalloc.so.2
7f5bfe445000-7f5bfe453000 rw-p 00000000 00:00 0 
7f5bfe453000-7f5bfe48d000 r-xp 00000000 08:03 3544105                    /opt/caen/matlab-2012a/bin/glnxa64/libtbb.so.2
7f5bfe48d000-7f5bfe58d000 ---p 0003a000 08:03 3544105                    /opt/caen/matlab-2012a/bin/glnxa64/libtbb.so.2
7f5bfe58d000-7f5bfe591000 rw-p 0003a000 08:03 3544105                    /opt/caen/matlab-2012a/bin/glnxa64/libtbb.so.2
7f5bfe591000-7f5bfe592000 rw-p 00000000 00:00 0 
7f5bfe592000-7f5bfe59d000 r-xp 00000000 08:03 3543551                    /opt/caen/matlab-2012a/bin/glnxa64/libicuio.so.44.2
7f5bfe59d000-7f5bfe79d000 ---p 0000b000 08:03 3543551                    /opt/caen/matlab-2012a/bin/glnxa64/libicuio.so.44.2
7f5bfe79d000-7f5bfe79f000 rw-p 0000b000 08:03 3543551                    /opt/caen/matlab-2012a/bin/glnxa64/libicuio.so.44.2
7f5bfe79f000-7f5bfe991000 r-xp 00000000 08:03 3543549                    /opt/caen/matlab-2012a/bin/glnxa64/libicui18n.so.44.2
7f5bfe991000-7f5bfeb90000 ---p 001f2000 08:03 3543549                    /opt/caen/matlab-2012a/bin/glnxa64/libicui18n.so.44.2
7f5bfeb90000-7f5bfeb9c000 rw-p 001f1000 08:03 3543549                    /opt/caen/matlab-2012a/bin/glnxa64/libicui18n.so.44.2
7f5bfeb9c000-7f5bfeb9d000 rw-p 00000000 00:00 0 
7f5bfeb9d000-7f5bfecee000 r-xp 00000000 08:03 3543584                    /opt/caen/matlab-2012a/bin/glnxa64/libicuuc.so.44.2
7f5bfecee000-7f5bfeeee000 ---p 00151000 08:03 3543584                    /opt/caen/matlab-2012a/bin/glnxa64/libicuuc.so.44.2
7f5bfeeee000-7f5bfeefe000 rw-p 00151000 08:03 3543584                    /opt/caen/matlab-2012a/bin/glnxa64/libicuuc.so.44.2
7f5bfeefe000-7f5bfef01000 rw-p 00000000 00:00 0 
7f5bfef01000-7f5bffd41000 r--p 00000000 08:03 3543548                    /opt/caen/matlab-2012a/bin/glnxa64/libicudata.so.44.2
7f5bffd41000-7f5bfff40000 ---p 00e40000 08:03 3543548                    /opt/caen/matlab-2012a/bin/glnxa64/libicudata.so.44.2
7f5bfff40000-7f5bfff41000 rw-p 00e3f000 08:03 3543548                    /opt/caen/matlab-2012a/bin/glnxa64/libicudata.so.44.2
7f5bfff41000-7f5bfff67000 r-xp 00000000 08:03 3543509                    /opt/caen/matlab-2012a/bin/glnxa64/libexpat.so.1.5.0
7f5bfff67000-7f5c00166000 ---p 00026000 08:03 3543509                    /opt/caen/matlab-2012a/bin/glnxa64/libexpat.so.1.5.0
7f5c00166000-7f5c00169000 rw-p 00025000 08:03 3543509                    /opt/caen/matlab-2012a/bin/glnxa64/libexpat.so.1.5.0
7f5c00169000-7f5c0016a000 rw-p 00000000 00:00 0 
7f5c0016a000-7f5c00180000 r-xp 00000000 08:03 3543515                    /opt/caen/matlab-2012a/bin/glnxa64/libboost_thread.so.1.44.0
7f5c00180000-7f5c0037f000 ---p 00016000 08:03 3543515                    /opt/caen/matlab-2012a/bin/glnxa64/libboost_thread.so.1.44.0
7f5c0037f000-7f5c00381000 rw-p 00015000 08:03 3543515                    /opt/caen/matlab-2012a/bin/glnxa64/libboost_thread.so.1.44.0
7f5c00381000-7f5c00383000 r-xp 00000000 08:03 3543492                    /opt/caen/matlab-2012a/bin/glnxa64/libboost_system.so.1.44.0
7f5c00383000-7f5c00583000 ---p 00002000 08:03 3543492                    /opt/caen/matlab-2012a/bin/glnxa64/libboost_system.so.1.44.0
7f5c00583000-7f5c00584000 rw-p 00002000 08:03 3543492                    /opt/caen/matlab-2012a/bin/glnxa64/libboost_system.so.1.44.0
7f5c00584000-7f5c00595000 r-xp 00000000 08:03 3543464                    /opt/caen/matlab-2012a/bin/glnxa64/libboost_date_time.so.1.44.0
7f5c00595000-7f5c00794000 ---p 00011000 08:03 3543464                    /opt/caen/matlab-2012a/bin/glnxa64/libboost_date_time.so.1.44.0
7f5c00794000-7f5c00796000 rw-p 00010000 08:03 3543464                    /opt/caen/matlab-2012a/bin/glnxa64/libboost_date_time.so.1.44.0
7f5c00796000-7f5c00798000 rw-p 00000000 00:00 0 
7f5c00798000-7f5c007ae000 r-xp 00000000 08:03 3543514                    /opt/caen/matlab-2012a/bin/glnxa64/libgcc_s.so.1
7f5c007ae000-7f5c009ad000 ---p 00016000 08:03 3543514                    /opt/caen/matlab-2012a/bin/glnxa64/libgcc_s.so.1
7f5c009ad000-7f5c009ae000 rw-p 00015000 08:03 3543514                    /opt/caen/matlab-2012a/bin/glnxa64/libgcc_s.so.1
7f5c009ae000-7f5c009af000 rw-p 00000000 00:00 0 
7f5c009c1000-7f5c009c9000 rw-s 00000000 08:05 12058844                   /tmp/hsperfdata_pelops/3596
7f5c009c9000-7f5c009ca000 rw-p 00000000 00:00 0 
7f5c009ca000-7f5c009cb000 r--p 00000000 00:00 0 
7f5c009cb000-7f5c009d2000 r--s 00000000 08:03 11294756                   /usr/lib64/gconv/gconv-modules.cache
7f5c009d2000-7f5c00ac3000 r-xp 00000000 08:03 3544077                    /opt/caen/matlab-2012a/bin/glnxa64/libstdc++.so.6.0.13
7f5c00ac3000-7f5c00cc3000 ---p 000f1000 08:03 3544077                    /opt/caen/matlab-2012a/bin/glnxa64/libstdc++.so.6.0.13
7f5c00cc3000-7f5c00cca000 r--p 000f1000 08:03 3544077                    /opt/caen/matlab-2012a/bin/glnxa64/libstdc++.so.6.0.13
7f5c00cca000-7f5c00ccc000 rw-p 000f8000 08:03 3544077                    /opt/caen/matlab-2012a/bin/glnxa64/libstdc++.so.6.0.13
7f5c00ccc000-7f5c00ce1000 rw-p 00000000 00:00 0 
7f5c00ce1000-7f5c00d70000 r-xp 00000000 08:03 3543760                    /opt/caen/matlab-2012a/bin/glnxa64/libmwi18n.so
7f5c00d70000-7f5c00f6f000 ---p 0008f000 08:03 3543760                    /opt/caen/matlab-2012a/bin/glnxa64/libmwi18n.so
7f5c00f6f000-7f5c00f75000 rw-p 0008e000 08:03 3543760                    /opt/caen/matlab-2012a/bin/glnxa64/libmwi18n.so
7f5c00f75000-7f5c014a9000 r-xp 00000000 08:03 3543778                    /opt/caen/matlab-2012a/bin/glnxa64/libmwm_interpreter.so
7f5c014a9000-7f5c016a8000 ---p 00534000 08:03 3543778                    /opt/caen/matlab-2012a/bin/glnxa64/libmwm_interpreter.so
7f5c016a8000-7f5c01785000 rw-p 00533000 08:03 3543778                    /opt/caen/matlab-2012a/bin/glnxa64/libmwm_interpreter.so
7f5c01785000-7f5c01820000 rw-p 00000000 00:00 0 
7f5c01820000-7f5c018b5000 r-xp 00000000 08:03 3543777                    /opt/caen/matlab-2012a/bin/glnxa64/libmwm_dispatcher.so
7f5c018b5000-7f5c01ab4000 ---p 00095000 08:03 3543777                    /opt/caen/matlab-2012a/bin/glnxa64/libmwm_dispatcher.so
7f5c01ab4000-7f5c01abb000 rw-p 00094000 08:03 3543777                    /opt/caen/matlab-2012a/bin/glnxa64/libmwm_dispatcher.so
7f5c01abb000-7f5c01c25000 r-xp 00000000 08:03 3543805                    /opt/caen/matlab-2012a/bin/glnxa64/libmwmcr.so
7f5c01c25000-7f5c01e25000 ---p 0016a000 08:03 3543805                    /opt/caen/matlab-2012a/bin/glnxa64/libmwmcr.so
7f5c01e25000-7f5c01e37000 rw-p 0016a000 08:03 3543805                    /opt/caen/matlab-2012a/bin/glnxa64/libmwmcr.so
7f5c01e37000-7f5c01e3a000 rw-p 00000000 00:00 0 
7f5c01e3a000-7f5c01e6c000 r-xp 00000000 08:03 3543661                    /opt/caen/matlab-2012a/bin/glnxa64/libmwbridge.so
7f5c01e6c000-7f5c0206c000 ---p 00032000 08:03 3543661                    /opt/caen/matlab-2012a/bin/glnxa64/libmwbridge.so
7f5c0206c000-7f5c0206f000 rw-p 00032000 08:03 3543661                    /opt/caen/matlab-2012a/bin/glnxa64/libmwbridge.so
7f5c0206f000-7f5c02076000 rw-p 00000000 00:00 0 
7f5c02076000-7f5c02116000 r-xp 00000000 08:03 3543771                    /opt/caen/matlab-2012a/bin/glnxa64/libmwjmi.so
7f5c02116000-7f5c02315000 ---p 000a0000 08:03 3543771                    /opt/caen/matlab-2012a/bin/glnxa64/libmwjmi.so
7f5c02315000-7f5c0231d000 rw-p 0009f000 08:03 3543771                    /opt/caen/matlab-2012a/bin/glnxa64/libmwjmi.so
7f5c0231d000-7f5c0231e000 rw-p 00000000 00:00 0 
7f5c0231e000-7f5c0258c000 r-xp 00000000 08:03 3543938                    /opt/caen/matlab-2012a/bin/glnxa64/libmwservices.so
7f5c0258c000-7f5c0278b000 ---p 0026e000 08:03 3543938                    /opt/caen/matlab-2012a/bin/glnxa64/libmwservices.so
7f5c0278b000-7f5c027a2000 rw-p 0026d000 08:03 3543938                    /opt/caen/matlab-2012a/bin/glnxa64/libmwservices.so
7f5c027a2000-7f5c027b0000 rw-p 00000000 00:00 0 
7f5c027b0000-7f5c027ed000 r-xp 00000000 08:03 3543818                    /opt/caen/matlab-2012a/bin/glnxa64/libmwmpath.so
7f5c027ed000-7f5c029ed000 ---p 0003d000 08:03 3543818                    /opt/caen/matlab-2012a/bin/glnxa64/libmwmpath.so
7f5c029ed000-7f5c029f0000 rw-p 0003d000 08:03 3543818                    /opt/caen/matlab-2012a/bin/glnxa64/libmwmpath.so
7f5c029f0000-7f5c029f4000 rw-p 00000000 00:00 0 
7f5c029f4000-7f5c02aaa000 r-xp 00000000 08:03 3544024                    /opt/caen/matlab-2012a/bin/glnxa64/libmx.so
7f5c02aaa000-7f5c02ca9000 ---p 000b6000 08:03 3544024                    /opt/caen/matlab-2012a/bin/glnxa64/libmx.so
7f5c02ca9000-7f5c02cae000 rw-p 000b5000 08:03 3544024                    /opt/caen/matlab-2012a/bin/glnxa64/libmx.so
7f5c02cae000-7f5c02d8c000 r-xp 00000000 08:03 3543714                    /opt/caen/matlab-2012a/bin/glnxa64/libmwfl.so
7f5c02d8c000-7f5c02f8b000 ---p 000de000 08:03 3543714                    /opt/caen/matlab-2012a/bin/glnxa64/libmwfl.so
7f5c02f8b000-7f5c02f95000 rw-p 000dd000 08:03 3543714                    /opt/caen/matlab-2012a/bin/glnxa64/libmwfl.so
7f5c02f95000-7f5c02fa5000 rw-p 00000000 00:00 0 
7f5c02fa5000-7f5c0307b000 r-xp 00000000 08:03 3544093                    /opt/caen/matlab-2012a/bin/glnxa64/libut.so
7f5c0307b000-7f5c0327b000 ---p 000d6000 08:03 3544093                    /opt/caen/matlab-2012a/bin/glnxa64/libut.so
7f5c0327b000-7f5c03287000 rw-p 000d6000 08:03 3544093                    /opt/caen/matlab-2012a/bin/glnxa64/libut.so
7f5c03287000-7f5c0329b000 rw-p 00000000 00:00 0 
7fff39b24000-7fff39b37000 rwxp 00000000 00:00 0                          [stack]
7fff39b37000-7fff39b3a000 rw-p 00000000 00:00 0 
7fff39bff000-7fff39c00000 r-xp 00000000 00:00 0                          [vdso]
ffffffffff600000-ffffffffff601000 r-xp 00000000 00:00 0                  [vsyscall]

VM Arguments:
jvm_args: -Xms64m -XX:NewRatio=3 -XX:MaxPermSize=128m -Xmx196m -XX:MaxDirectMemorySize=2147400000 -XX:+AllowUserSignalHandlers -Xrs -Dsun.awt.disableMixing=true -Djava.library.path=/opt/caen/matlab-2012a/bin/glnxa64 vfprintf abort -Djava.awt.headless=true -Xrs -Duser.language=en -Duser.country=US -Dfile.encoding=UTF-8 
java_command: <unknown>
Launcher Type: generic

Environment Variables:
PATH=/opt/caen/matlab-2012a/bin:/opt/caen/matlab-2012a/bin/glnxa64:/usr/lib64/qt-3.3/bin:/usr/caen/bin:/usr/um/bin:/usr/local/bin:/bin:/usr/bin
LD_LIBRARY_PATH=/opt/caen/matlab-2012a/sys/os/glnxa64:/opt/caen/matlab-2012a/bin/glnxa64:/opt/caen/matlab-2012a/extern/lib/glnxa64:/opt/caen/matlab-2012a/runtime/glnxa64:/opt/caen/matlab-2012a/sys/java/jre/glnxa64/jre/lib/amd64/native_threads:/opt/caen/matlab-2012a/sys/java/jre/glnxa64/jre/lib/amd64/server:/opt/caen/matlab-2012a/sys/java/jre/glnxa64/jre/lib/amd64:/opt/caen/matlab-2012a/toolbox/NAG/mex.a64:/opt/caen/matlab-2012a/bin/glnxa64/:/opt/caen/matlab-2012a/runtime/glnxa64/:/opt/caen/matlab-2012a/sys/os/glnxa64/:/opt/caen/matlab-2012a/sys/java/jre/glnxa64/jre/lib/amd64/native_threads:/opt/caen/matlab-2012a/sys/java/jre/glnxa64/jre/lib/amd64/server/:/opt/caen/matlab-2012a/sys/java/jre/glnxa64/jre/lib/amd64/client:/opt/caen/matlab-2012a/sys/java/jre/glnxa64/jre/lib/amd64
SHELL=/bin/csh
DISPLAY=
HOSTTYPE=x86_64-linux
OSTYPE=linux
ARCH=glnxa64
MACHTYPE=x86_64

Signal Handlers:
SIGSEGV: [libjvm.so+0x6bddc0], sa_mask[0]=0x7ffbfeff, sa_flags=0x10000004
SIGBUS: [libjvm.so+0x6bddc0], sa_mask[0]=0x7ffbfeff, sa_flags=0x10000004
SIGFPE: [libjvm.so+0x594f90], sa_mask[0]=0x7ffbfeff, sa_flags=0x10000004
SIGPIPE: [libjvm.so+0x594f90], sa_mask[0]=0x7ffbfeff, sa_flags=0x10000004
SIGXFSZ: [libjvm.so+0x594f90], sa_mask[0]=0x7ffbfeff, sa_flags=0x10000004
SIGILL: [libjvm.so+0x594f90], sa_mask[0]=0x7ffbfeff, sa_flags=0x10000004
SIGUSR1: SIG_DFL, sa_mask[0]=0x00000000, sa_flags=0x00000000
SIGUSR2: [libjvm.so+0x597750], sa_mask[0]=0x08080002, sa_flags=0x10000004
SIGHUP: SIG_DFL, sa_mask[0]=0x00000000, sa_flags=0x00000000
SIGINT: SIG_DFL, sa_mask[0]=0x00000000, sa_flags=0x00000000
SIGTERM: SIG_DFL, sa_mask[0]=0x00000000, sa_flags=0x00000000
SIGQUIT: [libmwmcr.so+0x131430], sa_mask[0]=0x08080002, sa_flags=0x00000004


---------------  S Y S T E M  ---------------

OS:Red Hat Enterprise Linux Workstation release 6.3 (Santiago)

uname:Linux 2.6.32-279.14.1.el6.x86_64 #1 SMP Mon Oct 15 13:44:51 EDT 2012 x86_64
libc:glibc 2.12 NPTL 2.12 
rlimit: STACK 10240k, CORE 0k, NPROC 200, NOFILE 4096, AS 20000000k
load average:0.40 0.23 0.14

CPU:total 24 (16 cores per cpu, 2 threads per core) family 6 model 44 stepping 2, cmov, cx8, fxsr, mmx, sse, sse2, sse3, ssse3, sse4.1, sse4.2, ht

Memory: 4k page, physical 65956500k(39091952k free), swap 12582904k(12432204k free)

vm_info: Java HotSpot(TM) 64-Bit Server VM (14.3-b01) for linux-amd64 JRE (1.6.0_17-b04), built on Oct 11 2009 01:08:48 by "java_re" with gcc 3.2.2 (SuSE Linux)

time: Tue Dec 18 20:49:24 2012
elapsed time: 0 seconds

