#
# A fatal error has been detected by the Java Runtime Environment:
#
#  Internal Error (os_windows_x86.cpp:114), pid=3768, tid=5436
#  Error: guarantee(result == -1,"Unexpected result from topLevelExceptionFilter")
#
# JRE version: 6.0_17-b04
# Java VM: Java HotSpot(TM) 64-Bit Server VM (14.3-b01 mixed mode windows-amd64 )
# If you would like to submit a bug report, please visit:
#   http://java.sun.com/webapps/bugreport/crash.jsp
# The crash happened outside the Java Virtual Machine in native code.
# See problematic frame for where to report the bug.
#

---------------  T H R E A D  ---------------

Current thread (0x000000006284f800):  JavaThread "Prefs Updater" daemon [_thread_in_native, id=5436, stack(0x000000000a840000,0x000000000a8c0000)]

Stack: [0x000000000a840000,0x000000000a8c0000]
[error occurred during error reporting (printing stack bounds), id 0xc0000005]

Java frames: (J=compiled Java code, j=interpreted, Vv=VM code)
j  com.mathworks.services.Prefs.nativeGetPreferencesDirectory()Ljava/lang/String;+0
j  com.mathworks.services.Prefs.getPropertyDirectory()Ljava/lang/String;+0
j  com.mathworks.services.Prefs.save()V+14
j  com.mathworks.services.Prefs$SavePrefsThread.run()V+32
v  ~StubRoutines::call_stub

---------------  P R O C E S S  ---------------

Java Threads: ( => current thread )
  0x0000000062855800 JavaThread "Image Fetcher 0" daemon [_thread_blocked, id=6444, stack(0x00000000203f0000,0x0000000020470000)]
  0x0000000062857800 JavaThread "Code Analyzer updating thread" [_thread_blocked, id=7088, stack(0x0000000020890000,0x0000000020910000)]
  0x000000006285b000 JavaThread "FileDecorationCache request queue" [_thread_blocked, id=2308, stack(0x0000000020710000,0x0000000020790000)]
  0x000000006285c800 JavaThread "FileDecorationCache request queue" [_thread_blocked, id=6824, stack(0x0000000020810000,0x0000000020890000)]
  0x0000000062859800 JavaThread "Inactive RequestProcessor thread [Was:TimedSoftReference/org.openide.util.TimedSoftReference]" daemon [_thread_blocked, id=3248, stack(0x00000000209f0000,0x0000000020a70000)]
  0x0000000062851800 JavaThread "LocalScheduler1" daemon [_thread_in_native, id=4764, stack(0x00000000204c0000,0x0000000020540000)]
  0x0000000062858000 JavaThread "Thread-139" [_thread_blocked, id=6656, stack(0x0000000020580000,0x0000000020600000)]
  0x0000000062856800 JavaThread "LocalScheduler0" daemon [_thread_blocked, id=5964, stack(0x0000000019820000,0x00000000198a0000)]
  0x0000000062859000 JavaThread "Code Analyzer updating thread" [_thread_blocked, id=6344, stack(0x000000001df60000,0x000000001dfe0000)]
  0x000000006285a800 JavaThread "Active Reference Queue Daemon" daemon [_thread_blocked, id=5812, stack(0x0000000015770000,0x00000000157f0000)]
  0x0000000062853000 JavaThread "Timer-97" daemon [_thread_blocked, id=2960, stack(0x0000000009310000,0x0000000009390000)]
  0x0000000062856000 JavaThread "Timer-7" daemon [_thread_blocked, id=5856, stack(0x0000000019900000,0x0000000019980000)]
  0x0000000062854800 JavaThread "Explorer NavigationContext request queue" [_thread_blocked, id=6916, stack(0x000000000ff70000,0x000000000fff0000)]
  0x0000000062852800 JavaThread "AddressBar directory emptiness poller" [_thread_blocked, id=5976, stack(0x000000000aa00000,0x000000000aa80000)]
  0x0000000062851000 JavaThread "Timer-1" [_thread_blocked, id=6456, stack(0x000000000a910000,0x000000000a990000)]
  0x0000000062850000 JavaThread "TimerQueue" daemon [_thread_blocked, id=6792, stack(0x000000000a170000,0x000000000a1f0000)]
=>0x000000006284f800 JavaThread "Prefs Updater" daemon [_thread_in_native, id=5436, stack(0x000000000a840000,0x000000000a8c0000)]
  0x000000006284f000 JavaThread "AWT-EventQueue-0" [_thread_blocked, id=7080, stack(0x000000000a520000,0x000000000a5a0000)]
  0x000000006284e000 JavaThread "AWT-Shutdown" [_thread_blocked, id=1880, stack(0x000000000a0f0000,0x000000000a170000)]
  0x000000006257d000 JavaThread "FelixPackageAdmin" daemon [_thread_blocked, id=5452, stack(0x000000000a740000,0x000000000a7c0000)]
  0x000000006257c000 JavaThread "FelixStartLevel" daemon [_thread_blocked, id=1908, stack(0x000000000a2b0000,0x000000000a330000)]
  0x000000006257b800 JavaThread "FelixDispatchQueue" daemon [_thread_blocked, id=6512, stack(0x000000000a6b0000,0x000000000a730000)]
  0x0000000062380000 JavaThread "com.google.common.base.internal.Finalizer" daemon [_thread_blocked, id=6032, stack(0x000000000a460000,0x000000000a4e0000)]
  0x00000000091cd800 JavaThread "AWT-Windows" daemon [_thread_in_native, id=6280, stack(0x000000000a3c0000,0x000000000a440000)]
  0x00000000094dd000 JavaThread "Java2D Disposer" daemon [_thread_blocked, id=1572, stack(0x000000000a200000,0x000000000a280000)]
  0x000000000a007800 JavaThread "Timer-0" [_thread_blocked, id=6536, stack(0x00000000091f0000,0x0000000009270000)]
  0x0000000009eb2800 JavaThread "EventMgr Dispatcher" daemon [_thread_in_native, id=6432, stack(0x00000000199b0000,0x000000001d9b0000)]
  0x00000000091b7000 JavaThread "Low Memory Detector" daemon [_thread_blocked, id=3652, stack(0x00000000076c0000,0x0000000007740000)]
  0x00000000091b2800 JavaThread "CompilerThread1" daemon [_thread_blocked, id=6380, stack(0x000000008c480000,0x0000000090480000)]
  0x00000000091aa000 JavaThread "CompilerThread0" daemon [_thread_blocked, id=3948, stack(0x0000000088310000,0x000000008c310000)]
  0x00000000091a9800 JavaThread "Attach Listener" daemon [_thread_blocked, id=5956, stack(0x0000000009390000,0x0000000009410000)]
  0x0000000009154800 JavaThread "Finalizer" daemon [_thread_blocked, id=1172, stack(0x0000000008f00000,0x0000000008f80000)]
  0x000000000914a800 JavaThread "Reference Handler" daemon [_thread_blocked, id=5952, stack(0x0000000009280000,0x0000000009300000)]
  0x0000000005153000 JavaThread "main" [_thread_in_native, id=4252, stack(0x00000000001c0000,0x00000000041c0000)]

Other Threads:
  0x0000000009145800 VMThread [stack: 0x00000000841a0000,0x00000000881a0000] [id=6612]
  0x00000000091cb800 WatcherThread [stack: 0x0000000090600000,0x0000000094600000] [id=5540]

VM state:not at safepoint (normal execution)

VM Mutex/Monitor currently owned by a thread: None

Heap
 PSYoungGen      total 42048K, used 32969K [0x0000000042160000, 0x0000000045160000, 0x0000000045260000)
  eden space 35456K, 92% used [0x0000000042160000,0x00000000441526c0,0x0000000044400000)
  from space 6592K, 3% used [0x0000000044af0000,0x0000000044b30000,0x0000000045160000)
  to   space 6848K, 0% used [0x0000000044400000,0x0000000044400000,0x0000000044ab0000)
 PSOldGen        total 57728K, used 38578K [0x0000000038e60000, 0x000000003c6c0000, 0x0000000042160000)
  object space 57728K, 66% used [0x0000000038e60000,0x000000003b40c830,0x000000003c6c0000)
 PSPermGen       total 115328K, used 62200K [0x0000000030e60000, 0x0000000037f00000, 0x0000000038e60000)
  object space 115328K, 53% used [0x0000000030e60000,0x0000000034b1e3f8,0x0000000037f00000)

Dynamic libraries:
0x000000013fd60000 - 0x000000013fd92000 	Q:\MATLAB.12A\MATLAB\R2012a\bin\win64\MATLAB.exe
0x0000000077970000 - 0x0000000077b19000 	C:\windows\SYSTEM32\ntdll.dll
0x0000000077750000 - 0x000000007786f000 	C:\windows\system32\kernel32.dll
0x000007fefdb40000 - 0x000007fefdbac000 	C:\windows\system32\KERNELBASE.dll
0x0000000069de0000 - 0x0000000069f7a000 	C:\windows\system32\sftldr.dll
0x0000000077870000 - 0x000000007796a000 	C:\windows\system32\USER32.dll
0x000007fefe190000 - 0x000007fefe1f7000 	C:\windows\system32\GDI32.dll
0x000007feff530000 - 0x000007feff53e000 	C:\windows\system32\LPK.dll
0x000007feff790000 - 0x000007feff859000 	C:\windows\system32\USP10.dll
0x000007fefdef0000 - 0x000007fefdf8f000 	C:\windows\system32\msvcrt.dll
0x000007fefe0b0000 - 0x000007fefe18b000 	C:\windows\system32\ADVAPI32.dll
0x000007fefdf90000 - 0x000007fefdfaf000 	C:\windows\SYSTEM32\sechost.dll
0x000007fefe260000 - 0x000007fefe38d000 	C:\windows\system32\RPCRT4.dll
0x000007fefe4b0000 - 0x000007fefe6b3000 	C:\windows\system32\ole32.dll
0x000007fefc890000 - 0x000007fefc8ae000 	C:\windows\system32\USERENV.dll
0x000007fefd8c0000 - 0x000007fefd8cf000 	C:\windows\system32\profapi.dll
0x000007fef40d0000 - 0x000007fef4170000 	C:\windows\WinSxS\amd64_microsoft.windows.common-controls_6595b64144ccf1df_5.82.7601.17514_none_a4d6a923711520a9\COMCTL32.dll
0x000007fefe6c0000 - 0x000007feff448000 	C:\windows\system32\SHELL32.dll
0x000007fefe030000 - 0x000007fefe0a1000 	C:\windows\system32\SHLWAPI.dll
0x0000000074460000 - 0x0000000074554000 	Q:\MATLAB.12A\MATLAB\R2012a\bin\win64\libut.dll
0x00000000758a0000 - 0x0000000075952000 	Q:\MATLAB.12A\MATLAB\R2012a\bin\win64\libmwi18n.dll
0x0000000180000000 - 0x000000018000b000 	Q:\MATLAB.12A\MATLAB\R2012a\bin\win64\libmwresource_core.dll
0x000000006bfb0000 - 0x000000006c083000 	C:\windows\WinSxS\amd64_microsoft.vc90.crt_1fc8b3b9a1e18e3b_9.0.30729.6161_none_08e61857a83bc251\MSVCP90.dll
0x000000006c7e0000 - 0x000000006c883000 	C:\windows\WinSxS\amd64_microsoft.vc90.crt_1fc8b3b9a1e18e3b_9.0.30729.6161_none_08e61857a83bc251\MSVCR90.dll
0x000000007a170000 - 0x000000007a19c000 	Q:\MATLAB.12A\MATLAB\R2012a\bin\win64\boost_filesystem-vc90-mt-1_44.dll
0x000000007a560000 - 0x000000007a569000 	Q:\MATLAB.12A\MATLAB\R2012a\bin\win64\boost_system-vc90-mt-1_44.dll
0x000000007a010000 - 0x000000007a035000 	Q:\MATLAB.12A\MATLAB\R2012a\bin\win64\LIBEXPAT.dll
0x0000000069be0000 - 0x0000000069dd1000 	Q:\MATLAB.12A\MATLAB\R2012a\bin\win64\icuin44.dll
0x0000000069a60000 - 0x0000000069bd1000 	Q:\MATLAB.12A\MATLAB\R2012a\bin\win64\icuuc44.dll
0x0000000010000000 - 0x0000000010e41000 	Q:\MATLAB.12A\MATLAB\R2012a\bin\win64\icudt44.dll
0x0000000073f70000 - 0x00000000740ad000 	Q:\MATLAB.12A\MATLAB\R2012a\bin\win64\libmwfl.dll
0x0000000004260000 - 0x0000000004556000 	Q:\MATLAB.12A\MATLAB\R2012a\bin\win64\libmwMATLAB_res.dll
0x000000007a3b0000 - 0x000000007a3c0000 	Q:\MATLAB.12A\MATLAB\R2012a\bin\win64\boost_date_time-vc90-mt-1_44.dll
0x000000007a250000 - 0x000000007a263000 	Q:\MATLAB.12A\MATLAB\R2012a\bin\win64\boost_signals-vc90-mt-1_44.dll
0x000000007a2d0000 - 0x000000007a2e2000 	Q:\MATLAB.12A\MATLAB\R2012a\bin\win64\boost_thread-vc90-mt-1_44.dll
0x00000000045a0000 - 0x00000000045e6000 	Q:\MATLAB.12A\MATLAB\R2012a\bin\win64\tbb.dll
0x000007feffc60000 - 0x000007feffc77000 	C:\windows\system32\imagehlp.dll
0x0000000077b30000 - 0x0000000077b37000 	C:\windows\system32\PSAPI.DLL
0x000000006bf60000 - 0x000000006bf73000 	Q:\MATLAB.12A\MATLAB\R2012a\bin\win64\icuio44.dll
0x000007fef5f30000 - 0x000007fef6055000 	C:\windows\system32\dbghelp.dll
0x000000007bed0000 - 0x000000007c183000 	Q:\MATLAB.12A\MATLAB\R2012a\bin\win64\libmwservices.dll
0x0000000075a20000 - 0x0000000075ae2000 	Q:\MATLAB.12A\MATLAB\R2012a\bin\win64\libmx.dll
0x000000007a210000 - 0x000000007a228000 	Q:\MATLAB.12A\MATLAB\R2012a\bin\win64\zlib1.dll
0x0000000004640000 - 0x0000000004661000 	Q:\MATLAB.12A\MATLAB\R2012a\bin\win64\libmwmfl_scalar.dll
0x0000000075f10000 - 0x0000000075f5d000 	Q:\MATLAB.12A\MATLAB\R2012a\bin\win64\mpath.dll
0x000000007b680000 - 0x000000007bbe1000 	Q:\MATLAB.12A\MATLAB\R2012a\bin\win64\mlutil.dll
0x000000006a010000 - 0x000000006a08f000 	Q:\MATLAB.12A\MATLAB\R2012a\bin\win64\xmlcore.dll
0x000000007bc30000 - 0x000000007be83000 	Q:\MATLAB.12A\MATLAB\R2012a\bin\win64\xerces-c_2_7.dll
0x000007fefe3c0000 - 0x000007fefe40d000 	C:\windows\system32\WS2_32.dll
0x000007feff780000 - 0x000007feff788000 	C:\windows\system32\NSI.dll
0x00000000046c0000 - 0x00000000046da000 	Q:\MATLAB.12A\MATLAB\R2012a\bin\win64\libmwMATLAB_settings_res.dll
0x00000000046f0000 - 0x0000000004737000 	Q:\MATLAB.12A\MATLAB\R2012a\bin\win64\boost_serialization-vc90-mt-1_44.dll
0x000007feffbc0000 - 0x000007feffc57000 	C:\windows\system32\COMDLG32.dll
0x000007fefb040000 - 0x000007fefb056000 	C:\windows\system32\NETAPI32.dll
0x000007fefd130000 - 0x000007fefd13c000 	C:\windows\system32\netutils.dll
0x000007fefd3d0000 - 0x000007fefd3f3000 	C:\windows\system32\srvcli.dll
0x000007fefb020000 - 0x000007fefb035000 	C:\windows\system32\wkscli.dll
0x000007feff450000 - 0x000007feff527000 	C:\windows\system32\OLEAUT32.dll
0x0000000074970000 - 0x0000000074b06000 	Q:\MATLAB.12A\MATLAB\R2012a\bin\win64\mcr.dll
0x0000000075000000 - 0x000000007536b000 	Q:\MATLAB.12A\MATLAB\R2012a\bin\win64\iqm.dll
0x0000000069230000 - 0x0000000069a51000 	Q:\MATLAB.12A\MATLAB\R2012a\bin\win64\m_interpreter.dll
0x000000006b920000 - 0x000000006b945000 	Q:\MATLAB.12A\MATLAB\R2012a\bin\win64\libmex.dll
0x0000000069170000 - 0x0000000069223000 	Q:\MATLAB.12A\MATLAB\R2012a\bin\win64\m_dispatcher.dll
0x0000000074880000 - 0x000000007496d000 	Q:\MATLAB.12A\MATLAB\R2012a\bin\win64\boost_regex-vc90-mt-1_44.dll
0x0000000069f80000 - 0x000000006a004000 	Q:\MATLAB.12A\MATLAB\R2012a\bin\win64\profiler.dll
0x00000000047c0000 - 0x0000000004a15000 	Q:\MATLAB.12A\MATLAB\R2012a\bin\win64\libmwmathutil.dll
0x0000000079f40000 - 0x0000000079f6d000 	Q:\MATLAB.12A\MATLAB\R2012a\bin\win64\libmwmathrng.dll
0x0000000074c10000 - 0x0000000074ced000 	Q:\MATLAB.12A\MATLAB\R2012a\bin\win64\libmwmathcore.dll
0x0000000076160000 - 0x00000000761cb000 	Q:\MATLAB.12A\MATLAB\R2012a\bin\win64\libmwspmatrix.dll
0x0000000075ea0000 - 0x0000000075f02000 	Q:\MATLAB.12A\MATLAB\R2012a\bin\win64\libmwcholmod.dll
0x000000007a460000 - 0x000000007a46d000 	Q:\MATLAB.12A\MATLAB\R2012a\bin\win64\libmwamd.dll
0x000000007a4b0000 - 0x000000007a4bc000 	Q:\MATLAB.12A\MATLAB\R2012a\bin\win64\libmwcolamd.dll
0x000000006bf40000 - 0x000000006bf59000 	Q:\MATLAB.12A\MATLAB\R2012a\bin\win64\libmwblas.dll
0x000000006a6a0000 - 0x000000006a6b2000 	Q:\MATLAB.12A\MATLAB\R2012a\bin\win64\libmwbinder.dll
0x000000006c650000 - 0x000000006c65b000 	Q:\MATLAB.12A\MATLAB\R2012a\bin\win64\libmwompwrapper.dll
0x00000000690e0000 - 0x0000000069166000 	Q:\MATLAB.12A\MATLAB\R2012a\bin\win64\libmwlapack.dll
0x00000000690b0000 - 0x00000000690d1000 	Q:\MATLAB.12A\MATLAB\R2012a\bin\win64\m_pcodeio.dll
0x0000000079b10000 - 0x0000000079b77000 	Q:\MATLAB.12A\MATLAB\R2012a\bin\win64\m_ir.dll
0x00000000642a0000 - 0x00000000648f0000 	Q:\MATLAB.12A\MATLAB\R2012a\bin\win64\m_parser.dll
0x000000006a680000 - 0x000000006a69a000 	Q:\MATLAB.12A\MATLAB\R2012a\bin\win64\ir_xfmr.dll
0x0000000065d70000 - 0x0000000065fe9000 	Q:\MATLAB.12A\MATLAB\R2012a\bin\win64\mcos.dll
0x000000006c620000 - 0x000000006c62c000 	Q:\MATLAB.12A\MATLAB\R2012a\bin\win64\mtok.dll
0x0000000069070000 - 0x00000000690a1000 	Q:\MATLAB.12A\MATLAB\R2012a\bin\win64\m_pcodegen.dll
0x0000000079fb0000 - 0x0000000079fe7000 	Q:\MATLAB.12A\MATLAB\R2012a\bin\win64\libmwbridge.dll
0x0000000068fa0000 - 0x0000000069068000 	Q:\MATLAB.12A\MATLAB\R2012a\bin\win64\udd.dll
0x0000000066210000 - 0x0000000066362000 	Q:\MATLAB.12A\MATLAB\R2012a\bin\win64\libmwgui.dll
0x0000000068f80000 - 0x0000000068f97000 	Q:\MATLAB.12A\MATLAB\R2012a\bin\win64\graphics_util.dll
0x00000000638f0000 - 0x0000000064293000 	Q:\MATLAB.12A\MATLAB\R2012a\bin\win64\hg.dll
0x0000000004b90000 - 0x0000000004bf7000 	Q:\MATLAB.12A\MATLAB\R2012a\bin\win64\libmat.dll
0x0000000072d30000 - 0x0000000072f44000 	Q:\MATLAB.12A\MATLAB\R2012a\bin\win64\hdf5dll.dll
0x0000000075710000 - 0x00000000757c1000 	Q:\MATLAB.12A\MATLAB\R2012a\bin\win64\jmi.dll
0x0000000004c30000 - 0x0000000004c3e000 	Q:\MATLAB.12A\MATLAB\R2012a\bin\win64\nativejava_services.dll
0x0000000066580000 - 0x00000000665c2000 	Q:\MATLAB.12A\MATLAB\R2012a\bin\win64\libmwhardcopy.dll
0x0000000066520000 - 0x000000006657a000 	Q:\MATLAB.12A\MATLAB\R2012a\bin\win64\libuij.dll
0x00000000636e0000 - 0x00000000638ec000 	Q:\MATLAB.12A\MATLAB\R2012a\bin\win64\hgdatatypes.dll
0x00000000635e0000 - 0x00000000636dd000 	Q:\MATLAB.12A\MATLAB\R2012a\bin\win64\hgutils.dll
0x0000000065cb0000 - 0x0000000065d6d000 	Q:\MATLAB.12A\MATLAB\R2012a\bin\win64\udd_mi.dll
0x0000000004ca0000 - 0x0000000004cdb000 	Q:\MATLAB.12A\MATLAB\R2012a\bin\win64\libmwgbtutils.dll
0x0000000004cf0000 - 0x0000000004d09000 	Q:\MATLAB.12A\MATLAB\R2012a\bin\win64\libmwgbt.dll
0x0000000004d20000 - 0x0000000004fea000 	Q:\MATLAB.12A\MATLAB\R2012a\bin\win64\uiw.dll
0x000000006c100000 - 0x000000006c10f000 	Q:\MATLAB.12A\MATLAB\R2012a\bin\win64\uinone.dll
0x000007fef9ea0000 - 0x000007fef9eb8000 	C:\windows\system32\MPR.dll
0x0000000061c80000 - 0x0000000062164000 	C:\windows\WinSxS\amd64_microsoft.vc90.mfc_1fc8b3b9a1e18e3b_9.0.30729.6161_none_044aad0bab1eb146\mfc90.dll
0x000007fefb170000 - 0x000007fefb177000 	C:\windows\system32\MSIMG32.dll
0x000007fef4c10000 - 0x000007fef4c81000 	C:\windows\system32\WINSPOOL.DRV
0x0000000066500000 - 0x0000000066520000 	Q:\MATLAB.12A\MATLAB\R2012a\bin\win64\mwoles05.DLL
0x0000000063560000 - 0x00000000635dc000 	Q:\MATLAB.12A\MATLAB\R2012a\bin\win64\comcli.dll
0x000000006c110000 - 0x000000006c13f000 	C:\windows\WinSxS\amd64_microsoft.vc90.atl_1fc8b3b9a1e18e3b_9.0.30729.6161_none_0a1fd3a3a768b895\ATL90.DLL
0x000000006bf10000 - 0x000000006bf1c000 	Q:\MATLAB.12A\MATLAB\R2012a\bin\win64\mlautoregister.dll
0x0000000005040000 - 0x0000000005050000 	Q:\MATLAB.12A\MATLAB\R2012a\bin\win64\boost_iostreams-vc90-mt-1_44.dll
0x000007fefe390000 - 0x000007fefe3be000 	C:\windows\system32\IMM32.DLL
0x000007feff670000 - 0x000007feff779000 	C:\windows\system32\MSCTF.dll
0x0000000005080000 - 0x000000000508a000 	C:\windows\KATRK64.DLL
0x000007fefcda0000 - 0x000007fefcdb1000 	C:\windows\system32\WTSAPI32.dll
0x000007fefc210000 - 0x000007fefc266000 	C:\windows\system32\UxTheme.dll
0x000007fefbb60000 - 0x000007fefbb78000 	C:\windows\system32\dwmapi.dll
0x0000000066090000 - 0x000000006609d000 	C:\windows\WinSxS\amd64_microsoft.vc90.mfcloc_1fc8b3b9a1e18e3b_9.0.30729.6161_none_01c9581e60cbee58\MFC90ENU.DLL
0x0000000006bd0000 - 0x0000000006bf9000 	Q:\MATLAB.12A\MATLAB\R2012a\bin\win64\tbbmalloc.dll
0x0000000078870000 - 0x0000000078ecd000 	Q:\MATLAB.12A\MATLAB\R2012a\sys\java\jre\win64\jre\bin\server\jvm.dll
0x000007fef68b0000 - 0x000007fef68eb000 	C:\windows\system32\WINMM.dll
0x0000000066040000 - 0x0000000066043000 	C:\windows\system32\icmp.Dll
0x000007fefaef0000 - 0x000007fefaf17000 	C:\windows\system32\iphlpapi.DLL
0x000007fefae70000 - 0x000007fefae7b000 	C:\windows\system32\WINNSI.DLL
0x000007fefd710000 - 0x000007fefd735000 	C:\windows\system32\SspiCli.dll
0x000007fefb770000 - 0x000007fefb785000 	C:\windows\system32\NLAapi.dll
0x000007fefa7f0000 - 0x000007fefa805000 	C:\windows\system32\napinsp.dll
0x000007fefa810000 - 0x000007fefa829000 	C:\windows\system32\pnrpnsp.dll
0x000007fefd160000 - 0x000007fefd1b5000 	C:\windows\System32\mswsock.dll

VM Arguments:
jvm_args: -Xss512k -XX:PermSize=32m -Xms64m -XX:NewRatio=3 -XX:MaxPermSize=128m -Xmx196m -XX:MaxDirectMemorySize=2147400000 -Dsun.java2d.noddraw=true -Dsun.awt.nopixfmt=true -Xshare:off -Xrs -Dsun.awt.disableMixing=true -Djava.library.path=Q:\MATLAB.12A\MATLAB\R2012a\bin\win64 vfprintf abort 
java_command: <unknown>
Launcher Type: generic

Environment Variables:
CLASSPATH=.;C:\Program Files (x86)\Java\jre7\lib\ext\QTJava.zip
PATH=Q:\MATLAB.12A\VFS\CSIDL_WINDOWS\;C:\Program Files (x86)\Microsoft Application Virtualization Sequencer x64\;C:\Program Files (x86)\Microsoft Application Virtualization Client\;C:\Windows\system32;C:\Windows;C:\Windows\System32\Wbem;C:\Windows\System32\WindowsPowerShell\v1.0\;c:\Program Files (x86)\Microsoft SQL Server\100\Tools\Binn\;c:\Program Files\Microsoft SQL Server\100\Tools\Binn\;c:\Program Files\Microsoft SQL Server\100\DTS\Binn\;C:\Program Files (x86)\MIT\Kerberos\bin;C:\Program Files\MIT\Kerberos\bin;C:\arcgis\arcexe10x\bin;C:\Program Files (x86)\QuickTime\QTSystem\;c:\Program Files (x86)\Microsoft SQL Server\100\DTS\Binn\;C:\Program Files\SASHome\Secure;C:\Program Files\SASHome\x86\Secure;C:\Program Files\Common Files\Autodesk Shared\;C:\Program Files (x86)\Autodesk\Backburner\;C:\Program Files\OpenAFS\Common;C:\Program Files\OpenAFS\Client\Program;C:\Program Files (x86)\OpenAFS\Common;C:\Program Files (x86)\OpenAFS\Client\Program;C:\Program Files (x86)\Microsoft Application Virtualization Client;c:\Program Files (x86)\Microsoft SQL Server\90\Tools\binn\;Q:\MATLAB.12A\MATLAB\R2012a\runtime\win64;Q:\MATLAB.12A\MATLAB\R2012a\bin;
USERNAME=pelops
OS=Windows_NT
PROCESSOR_IDENTIFIER=Intel64 Family 6 Model 42 Stepping 7, GenuineIntel



---------------  S Y S T E M  ---------------

OS: Windows 7 Build 7601 Service Pack 1

CPU:total 8 (8 cores per cpu, 2 threads per core) family 6 model 42 stepping 7, cmov, cx8, fxsr, mmx, sse, sse2, sse3, ssse3, sse4.1, sse4.2, ht

Memory: 4k page, physical 8345620k(4575692k free), swap 16689392k(12255728k free)

vm_info: Java HotSpot(TM) 64-Bit Server VM (14.3-b01) for windows-amd64 JRE (1.6.0_17-b04), built on Oct 11 2009 00:46:08 by "java_re" with MS VC++ 8.0

time: Wed Dec 05 20:25:28 2012
elapsed time: 543 seconds

